<?xml version="1.0" encoding="UTF-8"?>
<testsuites>
  <testsuite name="/home/neo/projects/personal/php-datatypes/phpunit.xml" tests="592" assertions="1042" errors="0" failures="0" skipped="0" time="0.054473">
    <testsuite name="Default" tests="592" assertions="1042" errors="0" failures="0" skipped="0" time="0.054473">
      <testsuite name="Nejcc\PhpDatatypes\Tests\ByteSliceTest" file="/home/neo/projects/personal/php-datatypes/Tests/ByteSliceTest.php" tests="11" assertions="16" errors="0" failures="0" skipped="0" time="0.002706">
        <testcase name="testCreateValidByteSlice" file="/home/neo/projects/personal/php-datatypes/Tests/ByteSliceTest.php" line="16" class="Nejcc\PhpDatatypes\Tests\ByteSliceTest" classname="Nejcc.PhpDatatypes.Tests.ByteSliceTest" assertions="1" time="0.001610"/>
        <testcase name="testCreateInvalidByteSlice" file="/home/neo/projects/personal/php-datatypes/Tests/ByteSliceTest.php" line="25" class="Nejcc\PhpDatatypes\Tests\ByteSliceTest" classname="Nejcc.PhpDatatypes.Tests.ByteSliceTest" assertions="2" time="0.000323"/>
        <testcase name="testConvertToHexadecimal" file="/home/neo/projects/personal/php-datatypes/Tests/ByteSliceTest.php" line="36" class="Nejcc\PhpDatatypes\Tests\ByteSliceTest" classname="Nejcc.PhpDatatypes.Tests.ByteSliceTest" assertions="1" time="0.000076"/>
        <testcase name="testSliceByteSlice" file="/home/neo/projects/personal/php-datatypes/Tests/ByteSliceTest.php" line="45" class="Nejcc\PhpDatatypes\Tests\ByteSliceTest" classname="Nejcc.PhpDatatypes.Tests.ByteSliceTest" assertions="1" time="0.000068"/>
        <testcase name="testMergeByteSlices" file="/home/neo/projects/personal/php-datatypes/Tests/ByteSliceTest.php" line="55" class="Nejcc\PhpDatatypes\Tests\ByteSliceTest" classname="Nejcc.PhpDatatypes.Tests.ByteSliceTest" assertions="1" time="0.000064"/>
        <testcase name="testGetByteCount" file="/home/neo/projects/personal/php-datatypes/Tests/ByteSliceTest.php" line="67" class="Nejcc\PhpDatatypes\Tests\ByteSliceTest" classname="Nejcc.PhpDatatypes.Tests.ByteSliceTest" assertions="1" time="0.000170"/>
        <testcase name="testArrayAccessGet" file="/home/neo/projects/personal/php-datatypes/Tests/ByteSliceTest.php" line="76" class="Nejcc\PhpDatatypes\Tests\ByteSliceTest" classname="Nejcc.PhpDatatypes.Tests.ByteSliceTest" assertions="2" time="0.000105"/>
        <testcase name="testArrayAccessSetThrowsException" file="/home/neo/projects/personal/php-datatypes/Tests/ByteSliceTest.php" line="86" class="Nejcc\PhpDatatypes\Tests\ByteSliceTest" classname="Nejcc.PhpDatatypes.Tests.ByteSliceTest" assertions="2" time="0.000077"/>
        <testcase name="testArrayAccessUnsetThrowsException" file="/home/neo/projects/personal/php-datatypes/Tests/ByteSliceTest.php" line="98" class="Nejcc\PhpDatatypes\Tests\ByteSliceTest" classname="Nejcc.PhpDatatypes.Tests.ByteSliceTest" assertions="2" time="0.000075"/>
        <testcase name="testIterationOverByteSlice" file="/home/neo/projects/personal/php-datatypes/Tests/ByteSliceTest.php" line="110" class="Nejcc\PhpDatatypes\Tests\ByteSliceTest" classname="Nejcc.PhpDatatypes.Tests.ByteSliceTest" assertions="1" time="0.000076"/>
        <testcase name="testEmptyByteSlice" file="/home/neo/projects/personal/php-datatypes/Tests/ByteSliceTest.php" line="125" class="Nejcc\PhpDatatypes\Tests\ByteSliceTest" classname="Nejcc.PhpDatatypes.Tests.ByteSliceTest" assertions="2" time="0.000063"/>
      </testsuite>
      <testsuite name="Nejcc\PhpDatatypes\Tests\ByteTest" file="/home/neo/projects/personal/php-datatypes/Tests/ByteTest.php" tests="18" assertions="18" errors="0" failures="0" skipped="0" time="0.001445">
        <testcase name="testConstructorThrowsExceptionOnInvalidValue" file="/home/neo/projects/personal/php-datatypes/Tests/ByteTest.php" line="15" class="Nejcc\PhpDatatypes\Tests\ByteTest" classname="Nejcc.PhpDatatypes.Tests.ByteTest" assertions="1" time="0.000267"/>
        <testcase name="testConstructorAssignsValidValue" file="/home/neo/projects/personal/php-datatypes/Tests/ByteTest.php" line="24" class="Nejcc\PhpDatatypes\Tests\ByteTest" classname="Nejcc.PhpDatatypes.Tests.ByteTest" assertions="1" time="0.000170"/>
        <testcase name="testAndOperation" file="/home/neo/projects/personal/php-datatypes/Tests/ByteTest.php" line="33" class="Nejcc\PhpDatatypes\Tests\ByteTest" classname="Nejcc.PhpDatatypes.Tests.ByteTest" assertions="1" time="0.000066"/>
        <testcase name="testOrOperation" file="/home/neo/projects/personal/php-datatypes/Tests/ByteTest.php" line="45" class="Nejcc\PhpDatatypes\Tests\ByteTest" classname="Nejcc.PhpDatatypes.Tests.ByteTest" assertions="1" time="0.000061"/>
        <testcase name="testXorOperation" file="/home/neo/projects/personal/php-datatypes/Tests/ByteTest.php" line="57" class="Nejcc\PhpDatatypes\Tests\ByteTest" classname="Nejcc.PhpDatatypes.Tests.ByteTest" assertions="1" time="0.000059"/>
        <testcase name="testNotOperation" file="/home/neo/projects/personal/php-datatypes/Tests/ByteTest.php" line="69" class="Nejcc\PhpDatatypes\Tests\ByteTest" classname="Nejcc.PhpDatatypes.Tests.ByteTest" assertions="1" time="0.000066"/>
        <testcase name="testShiftLeftOperation" file="/home/neo/projects/personal/php-datatypes/Tests/ByteTest.php" line="80" class="Nejcc\PhpDatatypes\Tests\ByteTest" classname="Nejcc.PhpDatatypes.Tests.ByteTest" assertions="1" time="0.000060"/>
        <testcase name="testShiftRightOperation" file="/home/neo/projects/personal/php-datatypes/Tests/ByteTest.php" line="91" class="Nejcc\PhpDatatypes\Tests\ByteTest" classname="Nejcc.PhpDatatypes.Tests.ByteTest" assertions="1" time="0.000060"/>
        <testcase name="testEquals" file="/home/neo/projects/personal/php-datatypes/Tests/ByteTest.php" line="102" class="Nejcc\PhpDatatypes\Tests\ByteTest" classname="Nejcc.PhpDatatypes.Tests.ByteTest" assertions="1" time="0.000096"/>
        <testcase name="testIsGreaterThan" file="/home/neo/projects/personal/php-datatypes/Tests/ByteTest.php" line="113" class="Nejcc\PhpDatatypes\Tests\ByteTest" classname="Nejcc.PhpDatatypes.Tests.ByteTest" assertions="1" time="0.000067"/>
        <testcase name="testIsLessThan" file="/home/neo/projects/personal/php-datatypes/Tests/ByteTest.php" line="124" class="Nejcc\PhpDatatypes\Tests\ByteTest" classname="Nejcc.PhpDatatypes.Tests.ByteTest" assertions="1" time="0.000063"/>
        <testcase name="testToBinary" file="/home/neo/projects/personal/php-datatypes/Tests/ByteTest.php" line="135" class="Nejcc\PhpDatatypes\Tests\ByteTest" classname="Nejcc.PhpDatatypes.Tests.ByteTest" assertions="1" time="0.000057"/>
        <testcase name="testToHex" file="/home/neo/projects/personal/php-datatypes/Tests/ByteTest.php" line="144" class="Nejcc\PhpDatatypes\Tests\ByteTest" classname="Nejcc.PhpDatatypes.Tests.ByteTest" assertions="1" time="0.000059"/>
        <testcase name="testFromBinary" file="/home/neo/projects/personal/php-datatypes/Tests/ByteTest.php" line="153" class="Nejcc\PhpDatatypes\Tests\ByteTest" classname="Nejcc.PhpDatatypes.Tests.ByteTest" assertions="1" time="0.000058"/>
        <testcase name="testFromHex" file="/home/neo/projects/personal/php-datatypes/Tests/ByteTest.php" line="162" class="Nejcc\PhpDatatypes\Tests\ByteTest" classname="Nejcc.PhpDatatypes.Tests.ByteTest" assertions="1" time="0.000056"/>
        <testcase name="testAddWithOverflow" file="/home/neo/projects/personal/php-datatypes/Tests/ByteTest.php" line="171" class="Nejcc\PhpDatatypes\Tests\ByteTest" classname="Nejcc.PhpDatatypes.Tests.ByteTest" assertions="1" time="0.000059"/>
        <testcase name="testSubtractWithUnderflow" file="/home/neo/projects/personal/php-datatypes/Tests/ByteTest.php" line="182" class="Nejcc\PhpDatatypes\Tests\ByteTest" classname="Nejcc.PhpDatatypes.Tests.ByteTest" assertions="1" time="0.000062"/>
        <testcase name="testToString" file="/home/neo/projects/personal/php-datatypes/Tests/ByteTest.php" line="193" class="Nejcc\PhpDatatypes\Tests\ByteTest" classname="Nejcc.PhpDatatypes.Tests.ByteTest" assertions="1" time="0.000057"/>
      </testsuite>
      <testsuite name="Nejcc\PhpDatatypes\Tests\CharTest" file="/home/neo/projects/personal/php-datatypes/Tests/CharTest.php" tests="13" assertions="18" errors="0" failures="0" skipped="0" time="0.001050">
        <testcase name="testConstructorThrowsExceptionOnInvalidValue" file="/home/neo/projects/personal/php-datatypes/Tests/CharTest.php" line="15" class="Nejcc\PhpDatatypes\Tests\CharTest" classname="Nejcc.PhpDatatypes.Tests.CharTest" assertions="1" time="0.000238"/>
        <testcase name="testConstructorAssignsValidValue" file="/home/neo/projects/personal/php-datatypes/Tests/CharTest.php" line="24" class="Nejcc\PhpDatatypes\Tests\CharTest" classname="Nejcc.PhpDatatypes.Tests.CharTest" assertions="1" time="0.000082"/>
        <testcase name="testToUpperCase" file="/home/neo/projects/personal/php-datatypes/Tests/CharTest.php" line="33" class="Nejcc\PhpDatatypes\Tests\CharTest" classname="Nejcc.PhpDatatypes.Tests.CharTest" assertions="1" time="0.000062"/>
        <testcase name="testToLowerCase" file="/home/neo/projects/personal/php-datatypes/Tests/CharTest.php" line="44" class="Nejcc\PhpDatatypes\Tests\CharTest" classname="Nejcc.PhpDatatypes.Tests.CharTest" assertions="1" time="0.000061"/>
        <testcase name="testIsLetter" file="/home/neo/projects/personal/php-datatypes/Tests/CharTest.php" line="55" class="Nejcc\PhpDatatypes\Tests\CharTest" classname="Nejcc.PhpDatatypes.Tests.CharTest" assertions="2" time="0.000101"/>
        <testcase name="testIsDigit" file="/home/neo/projects/personal/php-datatypes/Tests/CharTest.php" line="67" class="Nejcc\PhpDatatypes\Tests\CharTest" classname="Nejcc.PhpDatatypes.Tests.CharTest" assertions="2" time="0.000066"/>
        <testcase name="testIsUpperCase" file="/home/neo/projects/personal/php-datatypes/Tests/CharTest.php" line="79" class="Nejcc\PhpDatatypes\Tests\CharTest" classname="Nejcc.PhpDatatypes.Tests.CharTest" assertions="2" time="0.000059"/>
        <testcase name="testIsLowerCase" file="/home/neo/projects/personal/php-datatypes/Tests/CharTest.php" line="91" class="Nejcc\PhpDatatypes\Tests\CharTest" classname="Nejcc.PhpDatatypes.Tests.CharTest" assertions="2" time="0.000058"/>
        <testcase name="testEquals" file="/home/neo/projects/personal/php-datatypes/Tests/CharTest.php" line="103" class="Nejcc\PhpDatatypes\Tests\CharTest" classname="Nejcc.PhpDatatypes.Tests.CharTest" assertions="2" time="0.000057"/>
        <testcase name="testToAscii" file="/home/neo/projects/personal/php-datatypes/Tests/CharTest.php" line="116" class="Nejcc\PhpDatatypes\Tests\CharTest" classname="Nejcc.PhpDatatypes.Tests.CharTest" assertions="1" time="0.000063"/>
        <testcase name="testFromAscii" file="/home/neo/projects/personal/php-datatypes/Tests/CharTest.php" line="125" class="Nejcc\PhpDatatypes\Tests\CharTest" classname="Nejcc.PhpDatatypes.Tests.CharTest" assertions="1" time="0.000057"/>
        <testcase name="testFromAsciiThrowsExceptionOnInvalidValue" file="/home/neo/projects/personal/php-datatypes/Tests/CharTest.php" line="134" class="Nejcc\PhpDatatypes\Tests\CharTest" classname="Nejcc.PhpDatatypes.Tests.CharTest" assertions="1" time="0.000088"/>
        <testcase name="testToString" file="/home/neo/projects/personal/php-datatypes/Tests/CharTest.php" line="143" class="Nejcc\PhpDatatypes\Tests\CharTest" classname="Nejcc.PhpDatatypes.Tests.CharTest" assertions="1" time="0.000058"/>
      </testsuite>
      <testsuite name="Tests\Composite\Arrays\DynamicArrayTest" file="/home/neo/projects/personal/php-datatypes/Tests/Composite/Arrays/DynamicArrayTest.php" tests="11" assertions="22" errors="0" failures="0" skipped="0" time="0.001196">
        <testcase name="testCreateDynamicArray" file="/home/neo/projects/personal/php-datatypes/Tests/Composite/Arrays/DynamicArrayTest.php" line="14" class="Tests\Composite\Arrays\DynamicArrayTest" classname="Tests.Composite.Arrays.DynamicArrayTest" assertions="2" time="0.000389"/>
        <testcase name="testCreateWithInvalidCapacity" file="/home/neo/projects/personal/php-datatypes/Tests/Composite/Arrays/DynamicArrayTest.php" line="21" class="Tests\Composite\Arrays\DynamicArrayTest" classname="Tests.Composite.Arrays.DynamicArrayTest" assertions="1" time="0.000146"/>
        <testcase name="testCreateWithInitialData" file="/home/neo/projects/personal/php-datatypes/Tests/Composite/Arrays/DynamicArrayTest.php" line="27" class="Tests\Composite\Arrays\DynamicArrayTest" classname="Tests.Composite.Arrays.DynamicArrayTest" assertions="2" time="0.000072"/>
        <testcase name="testCreateWithExcessiveInitialData" file="/home/neo/projects/personal/php-datatypes/Tests/Composite/Arrays/DynamicArrayTest.php" line="36" class="Tests\Composite\Arrays\DynamicArrayTest" classname="Tests.Composite.Arrays.DynamicArrayTest" assertions="2" time="0.000087"/>
        <testcase name="testReserveCapacity" file="/home/neo/projects/personal/php-datatypes/Tests/Composite/Arrays/DynamicArrayTest.php" line="46" class="Tests\Composite\Arrays\DynamicArrayTest" classname="Tests.Composite.Arrays.DynamicArrayTest" assertions="2" time="0.000064"/>
        <testcase name="testShrinkToFit" file="/home/neo/projects/personal/php-datatypes/Tests/Composite/Arrays/DynamicArrayTest.php" line="55" class="Tests\Composite\Arrays\DynamicArrayTest" classname="Tests.Composite.Arrays.DynamicArrayTest" assertions="2" time="0.000064"/>
        <testcase name="testDynamicResizingOnAppend" file="/home/neo/projects/personal/php-datatypes/Tests/Composite/Arrays/DynamicArrayTest.php" line="67" class="Tests\Composite\Arrays\DynamicArrayTest" classname="Tests.Composite.Arrays.DynamicArrayTest" assertions="3" time="0.000068"/>
        <testcase name="testDynamicResizingOnOffsetSet" file="/home/neo/projects/personal/php-datatypes/Tests/Composite/Arrays/DynamicArrayTest.php" line="81" class="Tests\Composite\Arrays\DynamicArrayTest" classname="Tests.Composite.Arrays.DynamicArrayTest" assertions="2" time="0.000068"/>
        <testcase name="testSetInvalidType" file="/home/neo/projects/personal/php-datatypes/Tests/Composite/Arrays/DynamicArrayTest.php" line="90" class="Tests\Composite\Arrays\DynamicArrayTest" classname="Tests.Composite.Arrays.DynamicArrayTest" assertions="1" time="0.000098"/>
        <testcase name="testSetValueAdjustsCapacity" file="/home/neo/projects/personal/php-datatypes/Tests/Composite/Arrays/DynamicArrayTest.php" line="97" class="Tests\Composite\Arrays\DynamicArrayTest" classname="Tests.Composite.Arrays.DynamicArrayTest" assertions="2" time="0.000067"/>
        <testcase name="testIteration" file="/home/neo/projects/personal/php-datatypes/Tests/Composite/Arrays/DynamicArrayTest.php" line="108" class="Tests\Composite\Arrays\DynamicArrayTest" classname="Tests.Composite.Arrays.DynamicArrayTest" assertions="3" time="0.000073"/>
      </testsuite>
      <testsuite name="Tests\Composite\Arrays\FixedSizeArrayTest" file="/home/neo/projects/personal/php-datatypes/Tests/Composite/Arrays/FixedSizeArrayTest.php" tests="14" assertions="36" errors="0" failures="0" skipped="0" time="0.001199">
        <testcase name="testCreateFixedSizeArray" file="/home/neo/projects/personal/php-datatypes/Tests/Composite/Arrays/FixedSizeArrayTest.php" line="14" class="Tests\Composite\Arrays\FixedSizeArrayTest" classname="Tests.Composite.Arrays.FixedSizeArrayTest" assertions="5" time="0.000197"/>
        <testcase name="testCreateWithInvalidSize" file="/home/neo/projects/personal/php-datatypes/Tests/Composite/Arrays/FixedSizeArrayTest.php" line="24" class="Tests\Composite\Arrays\FixedSizeArrayTest" classname="Tests.Composite.Arrays.FixedSizeArrayTest" assertions="1" time="0.000079"/>
        <testcase name="testCreateWithInitialData" file="/home/neo/projects/personal/php-datatypes/Tests/Composite/Arrays/FixedSizeArrayTest.php" line="30" class="Tests\Composite\Arrays\FixedSizeArrayTest" classname="Tests.Composite.Arrays.FixedSizeArrayTest" assertions="4" time="0.000078"/>
        <testcase name="testCreateWithExcessiveInitialData" file="/home/neo/projects/personal/php-datatypes/Tests/Composite/Arrays/FixedSizeArrayTest.php" line="42" class="Tests\Composite\Arrays\FixedSizeArrayTest" classname="Tests.Composite.Arrays.FixedSizeArrayTest" assertions="1" time="0.000075"/>
        <testcase name="testAddElements" file="/home/neo/projects/personal/php-datatypes/Tests/Composite/Arrays/FixedSizeArrayTest.php" line="48" class="Tests\Composite\Arrays\FixedSizeArrayTest" classname="Tests.Composite.Arrays.FixedSizeArrayTest" assertions="3" time="0.000066"/>
        <testcase name="testAddElementWhenFull" file="/home/neo/projects/personal/php-datatypes/Tests/Composite/Arrays/FixedSizeArrayTest.php" line="62" class="Tests\Composite\Arrays\FixedSizeArrayTest" classname="Tests.Composite.Arrays.FixedSizeArrayTest" assertions="1" time="0.000069"/>
        <testcase name="testSetElementOutOfBounds" file="/home/neo/projects/personal/php-datatypes/Tests/Composite/Arrays/FixedSizeArrayTest.php" line="72" class="Tests\Composite\Arrays\FixedSizeArrayTest" classname="Tests.Composite.Arrays.FixedSizeArrayTest" assertions="1" time="0.000078"/>
        <testcase name="testSetInvalidType" file="/home/neo/projects/personal/php-datatypes/Tests/Composite/Arrays/FixedSizeArrayTest.php" line="80" class="Tests\Composite\Arrays\FixedSizeArrayTest" classname="Tests.Composite.Arrays.FixedSizeArrayTest" assertions="1" time="0.000066"/>
        <testcase name="testFillArray" file="/home/neo/projects/personal/php-datatypes/Tests/Composite/Arrays/FixedSizeArrayTest.php" line="88" class="Tests\Composite\Arrays\FixedSizeArrayTest" classname="Tests.Composite.Arrays.FixedSizeArrayTest" assertions="6" time="0.000067"/>
        <testcase name="testFillWithInvalidType" file="/home/neo/projects/personal/php-datatypes/Tests/Composite/Arrays/FixedSizeArrayTest.php" line="104" class="Tests\Composite\Arrays\FixedSizeArrayTest" classname="Tests.Composite.Arrays.FixedSizeArrayTest" assertions="1" time="0.000072"/>
        <testcase name="testSetValue" file="/home/neo/projects/personal/php-datatypes/Tests/Composite/Arrays/FixedSizeArrayTest.php" line="112" class="Tests\Composite\Arrays\FixedSizeArrayTest" classname="Tests.Composite.Arrays.FixedSizeArrayTest" assertions="3" time="0.000075"/>
        <testcase name="testSetValueExceedsSize" file="/home/neo/projects/personal/php-datatypes/Tests/Composite/Arrays/FixedSizeArrayTest.php" line="125" class="Tests\Composite\Arrays\FixedSizeArrayTest" classname="Tests.Composite.Arrays.FixedSizeArrayTest" assertions="1" time="0.000073"/>
        <testcase name="testCreateEmpty" file="/home/neo/projects/personal/php-datatypes/Tests/Composite/Arrays/FixedSizeArrayTest.php" line="133" class="Tests\Composite\Arrays\FixedSizeArrayTest" classname="Tests.Composite.Arrays.FixedSizeArrayTest" assertions="4" time="0.000137"/>
        <testcase name="testIteration" file="/home/neo/projects/personal/php-datatypes/Tests/Composite/Arrays/FixedSizeArrayTest.php" line="144" class="Tests\Composite\Arrays\FixedSizeArrayTest" classname="Tests.Composite.Arrays.FixedSizeArrayTest" assertions="4" time="0.000069"/>
      </testsuite>
      <testsuite name="Tests\Composite\Arrays\TypeSafeArrayTest" file="/home/neo/projects/personal/php-datatypes/Tests/Composite/Arrays/TypeSafeArrayTest.php" tests="12" assertions="23" errors="0" failures="0" skipped="0" time="0.000873">
        <testcase name="testCreateValidTypeSafeArray" file="/home/neo/projects/personal/php-datatypes/Tests/Composite/Arrays/TypeSafeArrayTest.php" line="14" class="Tests\Composite\Arrays\TypeSafeArrayTest" classname="Tests.Composite.Arrays.TypeSafeArrayTest" assertions="2" time="0.000082"/>
        <testcase name="testCreateWithInvalidType" file="/home/neo/projects/personal/php-datatypes/Tests/Composite/Arrays/TypeSafeArrayTest.php" line="21" class="Tests\Composite\Arrays\TypeSafeArrayTest" classname="Tests.Composite.Arrays.TypeSafeArrayTest" assertions="1" time="0.000087"/>
        <testcase name="testAddValidElement" file="/home/neo/projects/personal/php-datatypes/Tests/Composite/Arrays/TypeSafeArrayTest.php" line="27" class="Tests\Composite\Arrays\TypeSafeArrayTest" classname="Tests.Composite.Arrays.TypeSafeArrayTest" assertions="2" time="0.000069"/>
        <testcase name="testAddInvalidElement" file="/home/neo/projects/personal/php-datatypes/Tests/Composite/Arrays/TypeSafeArrayTest.php" line="36" class="Tests\Composite\Arrays\TypeSafeArrayTest" classname="Tests.Composite.Arrays.TypeSafeArrayTest" assertions="1" time="0.000069"/>
        <testcase name="testInitializeWithValidData" file="/home/neo/projects/personal/php-datatypes/Tests/Composite/Arrays/TypeSafeArrayTest.php" line="43" class="Tests\Composite\Arrays\TypeSafeArrayTest" classname="Tests.Composite.Arrays.TypeSafeArrayTest" assertions="1" time="0.000081"/>
        <testcase name="testInitializeWithInvalidData" file="/home/neo/projects/personal/php-datatypes/Tests/Composite/Arrays/TypeSafeArrayTest.php" line="50" class="Tests\Composite\Arrays\TypeSafeArrayTest" classname="Tests.Composite.Arrays.TypeSafeArrayTest" assertions="1" time="0.000071"/>
        <testcase name="testMapOperation" file="/home/neo/projects/personal/php-datatypes/Tests/Composite/Arrays/TypeSafeArrayTest.php" line="57" class="Tests\Composite\Arrays\TypeSafeArrayTest" classname="Tests.Composite.Arrays.TypeSafeArrayTest" assertions="4" time="0.000079"/>
        <testcase name="testFilterOperation" file="/home/neo/projects/personal/php-datatypes/Tests/Composite/Arrays/TypeSafeArrayTest.php" line="77" class="Tests\Composite\Arrays\TypeSafeArrayTest" classname="Tests.Composite.Arrays.TypeSafeArrayTest" assertions="3" time="0.000069"/>
        <testcase name="testReduceOperation" file="/home/neo/projects/personal/php-datatypes/Tests/Composite/Arrays/TypeSafeArrayTest.php" line="96" class="Tests\Composite\Arrays\TypeSafeArrayTest" classname="Tests.Composite.Arrays.TypeSafeArrayTest" assertions="1" time="0.000063"/>
        <testcase name="testArrayAccess" file="/home/neo/projects/personal/php-datatypes/Tests/Composite/Arrays/TypeSafeArrayTest.php" line="113" class="Tests\Composite\Arrays\TypeSafeArrayTest" classname="Tests.Composite.Arrays.TypeSafeArrayTest" assertions="3" time="0.000068"/>
        <testcase name="testIterator" file="/home/neo/projects/personal/php-datatypes/Tests/Composite/Arrays/TypeSafeArrayTest.php" line="128" class="Tests\Composite\Arrays\TypeSafeArrayTest" classname="Tests.Composite.Arrays.TypeSafeArrayTest" assertions="3" time="0.000072"/>
        <testcase name="testToString" file="/home/neo/projects/personal/php-datatypes/Tests/Composite/Arrays/TypeSafeArrayTest.php" line="146" class="Tests\Composite\Arrays\TypeSafeArrayTest" classname="Tests.Composite.Arrays.TypeSafeArrayTest" assertions="1" time="0.000062"/>
      </testsuite>
      <testsuite name="CompositeStringTypesTest" file="/home/neo/projects/personal/php-datatypes/Tests/Composite/String/CompositeStringTypesTest.php" tests="24" assertions="48" errors="0" failures="0" skipped="0" time="0.006190">
        <testcase name="testAsciiString" file="/home/neo/projects/personal/php-datatypes/Tests/Composite/String/CompositeStringTypesTest.php" line="34" class="CompositeStringTypesTest" classname="CompositeStringTypesTest" assertions="2" time="0.000183"/>
        <testcase name="testUtf8String" file="/home/neo/projects/personal/php-datatypes/Tests/Composite/String/CompositeStringTypesTest.php" line="42" class="CompositeStringTypesTest" classname="CompositeStringTypesTest" assertions="2" time="0.000139"/>
        <testcase name="testEmailString" file="/home/neo/projects/personal/php-datatypes/Tests/Composite/String/CompositeStringTypesTest.php" line="50" class="CompositeStringTypesTest" classname="CompositeStringTypesTest" assertions="2" time="0.000300"/>
        <testcase name="testSlugString" file="/home/neo/projects/personal/php-datatypes/Tests/Composite/String/CompositeStringTypesTest.php" line="58" class="CompositeStringTypesTest" classname="CompositeStringTypesTest" assertions="2" time="0.000129"/>
        <testcase name="testUrlString" file="/home/neo/projects/personal/php-datatypes/Tests/Composite/String/CompositeStringTypesTest.php" line="66" class="CompositeStringTypesTest" classname="CompositeStringTypesTest" assertions="2" time="0.000121"/>
        <testcase name="testPasswordString" file="/home/neo/projects/personal/php-datatypes/Tests/Composite/String/CompositeStringTypesTest.php" line="74" class="CompositeStringTypesTest" classname="CompositeStringTypesTest" assertions="2" time="0.000133"/>
        <testcase name="testTrimmedString" file="/home/neo/projects/personal/php-datatypes/Tests/Composite/String/CompositeStringTypesTest.php" line="82" class="CompositeStringTypesTest" classname="CompositeStringTypesTest" assertions="2" time="0.000118"/>
        <testcase name="testBase64String" file="/home/neo/projects/personal/php-datatypes/Tests/Composite/String/CompositeStringTypesTest.php" line="90" class="CompositeStringTypesTest" classname="CompositeStringTypesTest" assertions="2" time="0.000120"/>
        <testcase name="testHexString" file="/home/neo/projects/personal/php-datatypes/Tests/Composite/String/CompositeStringTypesTest.php" line="98" class="CompositeStringTypesTest" classname="CompositeStringTypesTest" assertions="2" time="0.000117"/>
        <testcase name="testJsonString" file="/home/neo/projects/personal/php-datatypes/Tests/Composite/String/CompositeStringTypesTest.php" line="106" class="CompositeStringTypesTest" classname="CompositeStringTypesTest" assertions="2" time="0.000130"/>
        <testcase name="testXmlString" file="/home/neo/projects/personal/php-datatypes/Tests/Composite/String/CompositeStringTypesTest.php" line="114" class="CompositeStringTypesTest" classname="CompositeStringTypesTest" assertions="2" time="0.000159"/>
        <testcase name="testHtmlString" file="/home/neo/projects/personal/php-datatypes/Tests/Composite/String/CompositeStringTypesTest.php" line="122" class="CompositeStringTypesTest" classname="CompositeStringTypesTest" assertions="1" time="0.000132"/>
        <testcase name="testCssString" file="/home/neo/projects/personal/php-datatypes/Tests/Composite/String/CompositeStringTypesTest.php" line="130" class="CompositeStringTypesTest" classname="CompositeStringTypesTest" assertions="2" time="0.000119"/>
        <testcase name="testJsString" file="/home/neo/projects/personal/php-datatypes/Tests/Composite/String/CompositeStringTypesTest.php" line="138" class="CompositeStringTypesTest" classname="CompositeStringTypesTest" assertions="2" time="0.000119"/>
        <testcase name="testSqlString" file="/home/neo/projects/personal/php-datatypes/Tests/Composite/String/CompositeStringTypesTest.php" line="146" class="CompositeStringTypesTest" classname="CompositeStringTypesTest" assertions="2" time="0.000117"/>
        <testcase name="testRegexString" file="/home/neo/projects/personal/php-datatypes/Tests/Composite/String/CompositeStringTypesTest.php" line="154" class="CompositeStringTypesTest" classname="CompositeStringTypesTest" assertions="2" time="0.002998"/>
        <testcase name="testPathString" file="/home/neo/projects/personal/php-datatypes/Tests/Composite/String/CompositeStringTypesTest.php" line="162" class="CompositeStringTypesTest" classname="CompositeStringTypesTest" assertions="2" time="0.000147"/>
        <testcase name="testCommandString" file="/home/neo/projects/personal/php-datatypes/Tests/Composite/String/CompositeStringTypesTest.php" line="170" class="CompositeStringTypesTest" classname="CompositeStringTypesTest" assertions="2" time="0.000130"/>
        <testcase name="testVersionString" file="/home/neo/projects/personal/php-datatypes/Tests/Composite/String/CompositeStringTypesTest.php" line="178" class="CompositeStringTypesTest" classname="CompositeStringTypesTest" assertions="2" time="0.000136"/>
        <testcase name="testSemverString" file="/home/neo/projects/personal/php-datatypes/Tests/Composite/String/CompositeStringTypesTest.php" line="186" class="CompositeStringTypesTest" classname="CompositeStringTypesTest" assertions="2" time="0.000138"/>
        <testcase name="testUuidString" file="/home/neo/projects/personal/php-datatypes/Tests/Composite/String/CompositeStringTypesTest.php" line="194" class="CompositeStringTypesTest" classname="CompositeStringTypesTest" assertions="2" time="0.000128"/>
        <testcase name="testIpString" file="/home/neo/projects/personal/php-datatypes/Tests/Composite/String/CompositeStringTypesTest.php" line="202" class="CompositeStringTypesTest" classname="CompositeStringTypesTest" assertions="2" time="0.000116"/>
        <testcase name="testMacString" file="/home/neo/projects/personal/php-datatypes/Tests/Composite/String/CompositeStringTypesTest.php" line="210" class="CompositeStringTypesTest" classname="CompositeStringTypesTest" assertions="2" time="0.000119"/>
        <testcase name="testColorString" file="/home/neo/projects/personal/php-datatypes/Tests/Composite/String/CompositeStringTypesTest.php" line="218" class="CompositeStringTypesTest" classname="CompositeStringTypesTest" assertions="3" time="0.000141"/>
      </testsuite>
      <testsuite name="Tests\Composite\String\Str16Test" file="/home/neo/projects/personal/php-datatypes/Tests/Composite/String/Str16Test.php" tests="3" assertions="5" errors="0" failures="0" skipped="0" time="0.000271">
        <testcase name="testValidStr16" file="/home/neo/projects/personal/php-datatypes/Tests/Composite/String/Str16Test.php" line="13" class="Tests\Composite\String\Str16Test" classname="Tests.Composite.String.Str16Test" assertions="1" time="0.000134"/>
        <testcase name="testInvalidLength" file="/home/neo/projects/personal/php-datatypes/Tests/Composite/String/Str16Test.php" line="19" class="Tests\Composite\String\Str16Test" classname="Tests.Composite.String.Str16Test" assertions="2" time="0.000072"/>
        <testcase name="testInvalidHex" file="/home/neo/projects/personal/php-datatypes/Tests/Composite/String/Str16Test.php" line="26" class="Tests\Composite\String\Str16Test" classname="Tests.Composite.String.Str16Test" assertions="2" time="0.000065"/>
      </testsuite>
      <testsuite name="Tests\Composite\String\Str32Test" file="/home/neo/projects/personal/php-datatypes/Tests/Composite/String/Str32Test.php" tests="3" assertions="5" errors="0" failures="0" skipped="0" time="0.000252">
        <testcase name="testValidStr32" file="/home/neo/projects/personal/php-datatypes/Tests/Composite/String/Str32Test.php" line="13" class="Tests\Composite\String\Str32Test" classname="Tests.Composite.String.Str32Test" assertions="1" time="0.000119"/>
        <testcase name="testInvalidLength" file="/home/neo/projects/personal/php-datatypes/Tests/Composite/String/Str32Test.php" line="19" class="Tests\Composite\String\Str32Test" classname="Tests.Composite.String.Str32Test" assertions="2" time="0.000068"/>
        <testcase name="testInvalidHex" file="/home/neo/projects/personal/php-datatypes/Tests/Composite/String/Str32Test.php" line="26" class="Tests\Composite\String\Str32Test" classname="Tests.Composite.String.Str32Test" assertions="2" time="0.000065"/>
      </testsuite>
      <testsuite name="Tests\Composite\String\Str8Test" file="/home/neo/projects/personal/php-datatypes/Tests/Composite/String/Str8Test.php" tests="3" assertions="5" errors="0" failures="0" skipped="0" time="0.000266">
        <testcase name="testValidStr8" file="/home/neo/projects/personal/php-datatypes/Tests/Composite/String/Str8Test.php" line="13" class="Tests\Composite\String\Str8Test" classname="Tests.Composite.String.Str8Test" assertions="1" time="0.000125"/>
        <testcase name="testInvalidLength" file="/home/neo/projects/personal/php-datatypes/Tests/Composite/String/Str8Test.php" line="19" class="Tests\Composite\String\Str8Test" classname="Tests.Composite.String.Str8Test" assertions="2" time="0.000069"/>
        <testcase name="testInvalidHex" file="/home/neo/projects/personal/php-datatypes/Tests/Composite/String/Str8Test.php" line="26" class="Tests\Composite\String\Str8Test" classname="Tests.Composite.String.Str8Test" assertions="2" time="0.000073"/>
      </testsuite>
      <testsuite name="Tests\Composite\Struct\ImmutableStructTest" file="/home/neo/projects/personal/php-datatypes/Tests/Composite/Struct/ImmutableStructTest.php" tests="27" assertions="89" errors="0" failures="0" skipped="0" time="0.003295">
        <testcase name="testBasicStructCreation" file="/home/neo/projects/personal/php-datatypes/Tests/Composite/Struct/ImmutableStructTest.php" line="24" class="Tests\Composite\Struct\ImmutableStructTest" classname="Tests.Composite.Struct.ImmutableStructTest" assertions="2" time="0.000381"/>
        <testcase name="testStructWithInitialValues" file="/home/neo/projects/personal/php-datatypes/Tests/Composite/Struct/ImmutableStructTest.php" line="35" class="Tests\Composite\Struct\ImmutableStructTest" classname="Tests.Composite.Struct.ImmutableStructTest" assertions="2" time="0.000095"/>
        <testcase name="testRequiredFields" file="/home/neo/projects/personal/php-datatypes/Tests/Composite/Struct/ImmutableStructTest.php" line="52" class="Tests\Composite\Struct\ImmutableStructTest" classname="Tests.Composite.Struct.ImmutableStructTest" assertions="2" time="0.000086"/>
        <testcase name="testDefaultValues" file="/home/neo/projects/personal/php-datatypes/Tests/Composite/Struct/ImmutableStructTest.php" line="65" class="Tests\Composite\Struct\ImmutableStructTest" classname="Tests.Composite.Struct.ImmutableStructTest" assertions="2" time="0.000066"/>
        <testcase name="testInvalidFieldAccess" file="/home/neo/projects/personal/php-datatypes/Tests/Composite/Struct/ImmutableStructTest.php" line="76" class="Tests\Composite\Struct\ImmutableStructTest" classname="Tests.Composite.Struct.ImmutableStructTest" assertions="2" time="0.000073"/>
        <testcase name="testImmutableModification" file="/home/neo/projects/personal/php-datatypes/Tests/Composite/Struct/ImmutableStructTest.php" line="88" class="Tests\Composite\Struct\ImmutableStructTest" classname="Tests.Composite.Struct.ImmutableStructTest" assertions="2" time="0.000104"/>
        <testcase name="testWithMethod" file="/home/neo/projects/personal/php-datatypes/Tests/Composite/Struct/ImmutableStructTest.php" line="100" class="Tests\Composite\Struct\ImmutableStructTest" classname="Tests.Composite.Struct.ImmutableStructTest" assertions="4" time="0.000080"/>
        <testcase name="testWithFieldMethod" file="/home/neo/projects/personal/php-datatypes/Tests/Composite/Struct/ImmutableStructTest.php" line="115" class="Tests\Composite\Struct\ImmutableStructTest" classname="Tests.Composite.Struct.ImmutableStructTest" assertions="2" time="0.000070"/>
        <testcase name="testNestedStructs" file="/home/neo/projects/personal/php-datatypes/Tests/Composite/Struct/ImmutableStructTest.php" line="128" class="Tests\Composite\Struct\ImmutableStructTest" classname="Tests.Composite.Struct.ImmutableStructTest" assertions="4" time="0.000072"/>
        <testcase name="testNullableFields" file="/home/neo/projects/personal/php-datatypes/Tests/Composite/Struct/ImmutableStructTest.php" line="152" class="Tests\Composite\Struct\ImmutableStructTest" classname="Tests.Composite.Struct.ImmutableStructTest" assertions="4" time="0.000074"/>
        <testcase name="testToArray" file="/home/neo/projects/personal/php-datatypes/Tests/Composite/Struct/ImmutableStructTest.php" line="171" class="Tests\Composite\Struct\ImmutableStructTest" classname="Tests.Composite.Struct.ImmutableStructTest" assertions="1" time="0.000077"/>
        <testcase name="testToString" file="/home/neo/projects/personal/php-datatypes/Tests/Composite/Struct/ImmutableStructTest.php" line="203" class="Tests\Composite\Struct\ImmutableStructTest" classname="Tests.Composite.Struct.ImmutableStructTest" assertions="1" time="0.000072"/>
        <testcase name="testGetFieldType" file="/home/neo/projects/personal/php-datatypes/Tests/Composite/Struct/ImmutableStructTest.php" line="221" class="Tests\Composite\Struct\ImmutableStructTest" classname="Tests.Composite.Struct.ImmutableStructTest" assertions="3" time="0.000069"/>
        <testcase name="testIsFieldRequired" file="/home/neo/projects/personal/php-datatypes/Tests/Composite/Struct/ImmutableStructTest.php" line="235" class="Tests\Composite\Struct\ImmutableStructTest" classname="Tests.Composite.Struct.ImmutableStructTest" assertions="3" time="0.000077"/>
        <testcase name="testGetFieldRules" file="/home/neo/projects/personal/php-datatypes/Tests/Composite/Struct/ImmutableStructTest.php" line="249" class="Tests\Composite\Struct\ImmutableStructTest" classname="Tests.Composite.Struct.ImmutableStructTest" assertions="3" time="0.000179"/>
        <testcase name="testMinLengthRule" file="/home/neo/projects/personal/php-datatypes/Tests/Composite/Struct/ImmutableStructTest.php" line="268" class="Tests\Composite\Struct\ImmutableStructTest" classname="Tests.Composite.Struct.ImmutableStructTest" assertions="3" time="0.000126"/>
        <testcase name="testRangeRule" file="/home/neo/projects/personal/php-datatypes/Tests/Composite/Struct/ImmutableStructTest.php" line="289" class="Tests\Composite\Struct\ImmutableStructTest" classname="Tests.Composite.Struct.ImmutableStructTest" assertions="3" time="0.000148"/>
        <testcase name="testMultipleRules" file="/home/neo/projects/personal/php-datatypes/Tests/Composite/Struct/ImmutableStructTest.php" line="315" class="Tests\Composite\Struct\ImmutableStructTest" classname="Tests.Composite.Struct.ImmutableStructTest" assertions="3" time="0.000081"/>
        <testcase name="testPatternRule" file="/home/neo/projects/personal/php-datatypes/Tests/Composite/Struct/ImmutableStructTest.php" line="342" class="Tests\Composite\Struct\ImmutableStructTest" classname="Tests.Composite.Struct.ImmutableStructTest" assertions="3" time="0.000143"/>
        <testcase name="testEmailRule" file="/home/neo/projects/personal/php-datatypes/Tests/Composite/Struct/ImmutableStructTest.php" line="363" class="Tests\Composite\Struct\ImmutableStructTest" classname="Tests.Composite.Struct.ImmutableStructTest" assertions="3" time="0.000141"/>
        <testcase name="testCustomRule" file="/home/neo/projects/personal/php-datatypes/Tests/Composite/Struct/ImmutableStructTest.php" line="384" class="Tests\Composite\Struct\ImmutableStructTest" classname="Tests.Composite.Struct.ImmutableStructTest" assertions="3" time="0.000142"/>
        <testcase name="testCombinedRules" file="/home/neo/projects/personal/php-datatypes/Tests/Composite/Struct/ImmutableStructTest.php" line="418" class="Tests\Composite\Struct\ImmutableStructTest" classname="Tests.Composite.Struct.ImmutableStructTest" assertions="4" time="0.000097"/>
        <testcase name="testUrlRule" file="/home/neo/projects/personal/php-datatypes/Tests/Composite/Struct/ImmutableStructTest.php" line="464" class="Tests\Composite\Struct\ImmutableStructTest" classname="Tests.Composite.Struct.ImmutableStructTest" assertions="4" time="0.000155"/>
        <testcase name="testSlugRule" file="/home/neo/projects/personal/php-datatypes/Tests/Composite/Struct/ImmutableStructTest.php" line="500" class="Tests\Composite\Struct\ImmutableStructTest" classname="Tests.Composite.Struct.ImmutableStructTest" assertions="4" time="0.000175"/>
        <testcase name="testPasswordRule" file="/home/neo/projects/personal/php-datatypes/Tests/Composite/Struct/ImmutableStructTest.php" line="551" class="Tests\Composite\Struct\ImmutableStructTest" classname="Tests.Composite.Struct.ImmutableStructTest" assertions="4" time="0.000185"/>
        <testcase name="testCompositeRule" file="/home/neo/projects/personal/php-datatypes/Tests/Composite/Struct/ImmutableStructTest.php" line="629" class="Tests\Composite\Struct\ImmutableStructTest" classname="Tests.Composite.Struct.ImmutableStructTest" assertions="4" time="0.000164"/>
        <testcase name="testStructInheritance" file="/home/neo/projects/personal/php-datatypes/Tests/Composite/Struct/ImmutableStructTest.php" line="679" class="Tests\Composite\Struct\ImmutableStructTest" classname="Tests.Composite.Struct.ImmutableStructTest" assertions="14" time="0.000163"/>
      </testsuite>
      <testsuite name="Tests\Composite\Struct\StructTest" file="/home/neo/projects/personal/php-datatypes/Tests/Composite/Struct/StructTest.php" tests="10" assertions="16" errors="0" failures="0" skipped="0" time="0.001108">
        <testcase name="testBasicStruct" file="/home/neo/projects/personal/php-datatypes/Tests/Composite/Struct/StructTest.php" line="14" class="Tests\Composite\Struct\StructTest" classname="Tests.Composite.Struct.StructTest" assertions="3" time="0.000308"/>
        <testcase name="testRequiredFieldMissing" file="/home/neo/projects/personal/php-datatypes/Tests/Composite/Struct/StructTest.php" line="27" class="Tests\Composite\Struct\StructTest" classname="Tests.Composite.Struct.StructTest" assertions="1" time="0.000086"/>
        <testcase name="testFieldValidation" file="/home/neo/projects/personal/php-datatypes/Tests/Composite/Struct/StructTest.php" line="36" class="Tests\Composite\Struct\StructTest" classname="Tests.Composite.Struct.StructTest" assertions="1" time="0.000074"/>
        <testcase name="testNestedStruct" file="/home/neo/projects/personal/php-datatypes/Tests/Composite/Struct/StructTest.php" line="48" class="Tests\Composite\Struct\StructTest" classname="Tests.Composite.Struct.StructTest" assertions="2" time="0.000073"/>
        <testcase name="testToArray" file="/home/neo/projects/personal/php-datatypes/Tests/Composite/Struct/StructTest.php" line="62" class="Tests\Composite\Struct\StructTest" classname="Tests.Composite.Struct.StructTest" assertions="1" time="0.000063"/>
        <testcase name="testFromArray" file="/home/neo/projects/personal/php-datatypes/Tests/Composite/Struct/StructTest.php" line="73" class="Tests\Composite\Struct\StructTest" classname="Tests.Composite.Struct.StructTest" assertions="2" time="0.000069"/>
        <testcase name="testToJson" file="/home/neo/projects/personal/php-datatypes/Tests/Composite/Struct/StructTest.php" line="84" class="Tests\Composite\Struct\StructTest" classname="Tests.Composite.Struct.StructTest" assertions="1" time="0.000061"/>
        <testcase name="testFromJson" file="/home/neo/projects/personal/php-datatypes/Tests/Composite/Struct/StructTest.php" line="95" class="Tests\Composite\Struct\StructTest" classname="Tests.Composite.Struct.StructTest" assertions="2" time="0.000062"/>
        <testcase name="testToXml" file="/home/neo/projects/personal/php-datatypes/Tests/Composite/Struct/StructTest.php" line="106" class="Tests\Composite\Struct\StructTest" classname="Tests.Composite.Struct.StructTest" assertions="1" time="0.000225"/>
        <testcase name="testFromXml" file="/home/neo/projects/personal/php-datatypes/Tests/Composite/Struct/StructTest.php" line="117" class="Tests\Composite\Struct\StructTest" classname="Tests.Composite.Struct.StructTest" assertions="2" time="0.000087"/>
      </testsuite>
      <testsuite name="Tests\Composite\Union\UnionTypeTest" file="/home/neo/projects/personal/php-datatypes/Tests/Composite/Union/UnionTypeTest.php" tests="33" assertions="73" errors="0" failures="0" skipped="0" time="0.003396">
        <testcase name="testBasicUnionType" file="/home/neo/projects/personal/php-datatypes/Tests/Composite/Union/UnionTypeTest.php" line="14" class="Tests\Composite\Union\UnionTypeTest" classname="Tests.Composite.Union.UnionTypeTest" assertions="2" time="0.000429"/>
        <testcase name="testEmptyUnionType" file="/home/neo/projects/personal/php-datatypes/Tests/Composite/Union/UnionTypeTest.php" line="26" class="Tests\Composite\Union\UnionTypeTest" classname="Tests.Composite.Union.UnionTypeTest" assertions="2" time="0.000075"/>
        <testcase name="testSetAndGetValue" file="/home/neo/projects/personal/php-datatypes/Tests/Composite/Union/UnionTypeTest.php" line="34" class="Tests\Composite\Union\UnionTypeTest" classname="Tests.Composite.Union.UnionTypeTest" assertions="4" time="0.000082"/>
        <testcase name="testInvalidType" file="/home/neo/projects/personal/php-datatypes/Tests/Composite/Union/UnionTypeTest.php" line="50" class="Tests\Composite\Union\UnionTypeTest" classname="Tests.Composite.Union.UnionTypeTest" assertions="2" time="0.000073"/>
        <testcase name="testGetValueWithoutActiveType" file="/home/neo/projects/personal/php-datatypes/Tests/Composite/Union/UnionTypeTest.php" line="63" class="Tests\Composite\Union\UnionTypeTest" classname="Tests.Composite.Union.UnionTypeTest" assertions="2" time="0.000072"/>
        <testcase name="testIsType" file="/home/neo/projects/personal/php-datatypes/Tests/Composite/Union/UnionTypeTest.php" line="76" class="Tests\Composite\Union\UnionTypeTest" classname="Tests.Composite.Union.UnionTypeTest" assertions="4" time="0.000073"/>
        <testcase name="testPatternMatching" file="/home/neo/projects/personal/php-datatypes/Tests/Composite/Union/UnionTypeTest.php" line="91" class="Tests\Composite\Union\UnionTypeTest" classname="Tests.Composite.Union.UnionTypeTest" assertions="1" time="0.000078"/>
        <testcase name="testPatternMatchingWithDefault" file="/home/neo/projects/personal/php-datatypes/Tests/Composite/Union/UnionTypeTest.php" line="108" class="Tests\Composite\Union\UnionTypeTest" classname="Tests.Composite.Union.UnionTypeTest" assertions="1" time="0.000073"/>
        <testcase name="testPatternMatchingWithoutMatch" file="/home/neo/projects/personal/php-datatypes/Tests/Composite/Union/UnionTypeTest.php" line="127" class="Tests\Composite\Union\UnionTypeTest" classname="Tests.Composite.Union.UnionTypeTest" assertions="2" time="0.000081"/>
        <testcase name="testToString" file="/home/neo/projects/personal/php-datatypes/Tests/Composite/Union/UnionTypeTest.php" line="144" class="Tests\Composite\Union\UnionTypeTest" classname="Tests.Composite.Union.UnionTypeTest" assertions="2" time="0.000073"/>
        <testcase name="testComplexPatternMatching" file="/home/neo/projects/personal/php-datatypes/Tests/Composite/Union/UnionTypeTest.php" line="157" class="Tests\Composite\Union\UnionTypeTest" classname="Tests.Composite.Union.UnionTypeTest" assertions="1" time="0.000075"/>
        <testcase name="testAddType" file="/home/neo/projects/personal/php-datatypes/Tests/Composite/Union/UnionTypeTest.php" line="176" class="Tests\Composite\Union\UnionTypeTest" classname="Tests.Composite.Union.UnionTypeTest" assertions="3" time="0.000211"/>
        <testcase name="testAddExistingType" file="/home/neo/projects/personal/php-datatypes/Tests/Composite/Union/UnionTypeTest.php" line="191" class="Tests\Composite\Union\UnionTypeTest" classname="Tests.Composite.Union.UnionTypeTest" assertions="2" time="0.000078"/>
        <testcase name="testTypeValidation" file="/home/neo/projects/personal/php-datatypes/Tests/Composite/Union/UnionTypeTest.php" line="203" class="Tests\Composite\Union\UnionTypeTest" classname="Tests.Composite.Union.UnionTypeTest" assertions="2" time="0.000085"/>
        <testcase name="testClassInstanceType" file="/home/neo/projects/personal/php-datatypes/Tests/Composite/Union/UnionTypeTest.php" line="216" class="Tests\Composite\Union\UnionTypeTest" classname="Tests.Composite.Union.UnionTypeTest" assertions="1" time="0.000080"/>
        <testcase name="testTypeMapping" file="/home/neo/projects/personal/php-datatypes/Tests/Composite/Union/UnionTypeTest.php" line="228" class="Tests\Composite\Union\UnionTypeTest" classname="Tests.Composite.Union.UnionTypeTest" assertions="3" time="0.000072"/>
        <testcase name="testComplexTypeValidation" file="/home/neo/projects/personal/php-datatypes/Tests/Composite/Union/UnionTypeTest.php" line="246" class="Tests\Composite\Union\UnionTypeTest" classname="Tests.Composite.Union.UnionTypeTest" assertions="4" time="0.000084"/>
        <testcase name="testNullValueHandling" file="/home/neo/projects/personal/php-datatypes/Tests/Composite/Union/UnionTypeTest.php" line="264" class="Tests\Composite\Union\UnionTypeTest" classname="Tests.Composite.Union.UnionTypeTest" assertions="4" time="0.000075"/>
        <testcase name="testGetActiveType" file="/home/neo/projects/personal/php-datatypes/Tests/Composite/Union/UnionTypeTest.php" line="280" class="Tests\Composite\Union\UnionTypeTest" classname="Tests.Composite.Union.UnionTypeTest" assertions="2" time="0.000071"/>
        <testcase name="testSafeTypeCasting" file="/home/neo/projects/personal/php-datatypes/Tests/Composite/Union/UnionTypeTest.php" line="291" class="Tests\Composite\Union\UnionTypeTest" classname="Tests.Composite.Union.UnionTypeTest" assertions="2" time="0.000075"/>
        <testcase name="testSafeTypeCastingNoActiveType" file="/home/neo/projects/personal/php-datatypes/Tests/Composite/Union/UnionTypeTest.php" line="300" class="Tests\Composite\Union\UnionTypeTest" classname="Tests.Composite.Union.UnionTypeTest" assertions="1" time="0.000070"/>
        <testcase name="testEquals" file="/home/neo/projects/personal/php-datatypes/Tests/Composite/Union/UnionTypeTest.php" line="307" class="Tests\Composite\Union\UnionTypeTest" classname="Tests.Composite.Union.UnionTypeTest" assertions="2" time="0.000078"/>
        <testcase name="testEqualsNoActiveType" file="/home/neo/projects/personal/php-datatypes/Tests/Composite/Union/UnionTypeTest.php" line="321" class="Tests\Composite\Union\UnionTypeTest" classname="Tests.Composite.Union.UnionTypeTest" assertions="1" time="0.000062"/>
        <testcase name="testJsonSerialization" file="/home/neo/projects/personal/php-datatypes/Tests/Composite/Union/UnionTypeTest.php" line="328" class="Tests\Composite\Union\UnionTypeTest" classname="Tests.Composite.Union.UnionTypeTest" assertions="4" time="0.000189"/>
        <testcase name="testJsonDeserializationInvalidFormat" file="/home/neo/projects/personal/php-datatypes/Tests/Composite/Union/UnionTypeTest.php" line="341" class="Tests\Composite\Union\UnionTypeTest" classname="Tests.Composite.Union.UnionTypeTest" assertions="2" time="0.000079"/>
        <testcase name="testXmlSerialization" file="/home/neo/projects/personal/php-datatypes/Tests/Composite/Union/UnionTypeTest.php" line="348" class="Tests\Composite\Union\UnionTypeTest" classname="Tests.Composite.Union.UnionTypeTest" assertions="4" time="0.000138"/>
        <testcase name="testXmlDeserializationInvalidFormat" file="/home/neo/projects/personal/php-datatypes/Tests/Composite/Union/UnionTypeTest.php" line="361" class="Tests\Composite\Union\UnionTypeTest" classname="Tests.Composite.Union.UnionTypeTest" assertions="2" time="0.000082"/>
        <testcase name="testValidateXmlSchemaValid" file="/home/neo/projects/personal/php-datatypes/Tests/Composite/Union/UnionTypeTest.php" line="368" class="Tests\Composite\Union\UnionTypeTest" classname="Tests.Composite.Union.UnionTypeTest" assertions="1" time="0.000150"/>
        <testcase name="testValidateXmlSchemaInvalid" file="/home/neo/projects/personal/php-datatypes/Tests/Composite/Union/UnionTypeTest.php" line="385" class="Tests\Composite\Union\UnionTypeTest" classname="Tests.Composite.Union.UnionTypeTest" assertions="1" time="0.000137"/>
        <testcase name="testXmlNamespaceSerialization" file="/home/neo/projects/personal/php-datatypes/Tests/Composite/Union/UnionTypeTest.php" line="403" class="Tests\Composite\Union\UnionTypeTest" classname="Tests.Composite.Union.UnionTypeTest" assertions="4" time="0.000128"/>
        <testcase name="testXmlNamespaceDeserialization" file="/home/neo/projects/personal/php-datatypes/Tests/Composite/Union/UnionTypeTest.php" line="417" class="Tests\Composite\Union\UnionTypeTest" classname="Tests.Composite.Union.UnionTypeTest" assertions="2" time="0.000089"/>
        <testcase name="testBinarySerialization" file="/home/neo/projects/personal/php-datatypes/Tests/Composite/Union/UnionTypeTest.php" line="428" class="Tests\Composite\Union\UnionTypeTest" classname="Tests.Composite.Union.UnionTypeTest" assertions="1" time="0.000079"/>
        <testcase name="testBinaryDeserializationInvalidFormat" file="/home/neo/projects/personal/php-datatypes/Tests/Composite/Union/UnionTypeTest.php" line="437" class="Tests\Composite\Union\UnionTypeTest" classname="Tests.Composite.Union.UnionTypeTest" assertions="2" time="0.000098"/>
      </testsuite>
      <testsuite name="Tests\Composite\Vector\Vec2Test" file="/home/neo/projects/personal/php-datatypes/Tests/Composite/Vector/Vec2Test.php" tests="17" assertions="27" errors="0" failures="0" skipped="0" time="0.001336">
        <testcase name="testCreateValidVec2" file="/home/neo/projects/personal/php-datatypes/Tests/Composite/Vector/Vec2Test.php" line="13" class="Tests\Composite\Vector\Vec2Test" classname="Tests.Composite.Vector.Vec2Test" assertions="2" time="0.000313"/>
        <testcase name="testCreateInvalidComponentCount" file="/home/neo/projects/personal/php-datatypes/Tests/Composite/Vector/Vec2Test.php" line="20" class="Tests\Composite\Vector\Vec2Test" classname="Tests.Composite.Vector.Vec2Test" assertions="1" time="0.000081"/>
        <testcase name="testCreateWithNonNumericComponents" file="/home/neo/projects/personal/php-datatypes/Tests/Composite/Vector/Vec2Test.php" line="26" class="Tests\Composite\Vector\Vec2Test" classname="Tests.Composite.Vector.Vec2Test" assertions="1" time="0.000082"/>
        <testcase name="testMagnitude" file="/home/neo/projects/personal/php-datatypes/Tests/Composite/Vector/Vec2Test.php" line="32" class="Tests\Composite\Vector\Vec2Test" classname="Tests.Composite.Vector.Vec2Test" assertions="1" time="0.000067"/>
        <testcase name="testNormalize" file="/home/neo/projects/personal/php-datatypes/Tests/Composite/Vector/Vec2Test.php" line="38" class="Tests\Composite\Vector\Vec2Test" classname="Tests.Composite.Vector.Vec2Test" assertions="3" time="0.000063"/>
        <testcase name="testNormalizeZeroVector" file="/home/neo/projects/personal/php-datatypes/Tests/Composite/Vector/Vec2Test.php" line="47" class="Tests\Composite\Vector\Vec2Test" classname="Tests.Composite.Vector.Vec2Test" assertions="1" time="0.000067"/>
        <testcase name="testDotProduct" file="/home/neo/projects/personal/php-datatypes/Tests/Composite/Vector/Vec2Test.php" line="54" class="Tests\Composite\Vector\Vec2Test" classname="Tests.Composite.Vector.Vec2Test" assertions="1" time="0.000068"/>
        <testcase name="testAdd" file="/home/neo/projects/personal/php-datatypes/Tests/Composite/Vector/Vec2Test.php" line="61" class="Tests\Composite\Vector\Vec2Test" classname="Tests.Composite.Vector.Vec2Test" assertions="2" time="0.000059"/>
        <testcase name="testSubtract" file="/home/neo/projects/personal/php-datatypes/Tests/Composite/Vector/Vec2Test.php" line="70" class="Tests\Composite\Vector\Vec2Test" classname="Tests.Composite.Vector.Vec2Test" assertions="2" time="0.000059"/>
        <testcase name="testScale" file="/home/neo/projects/personal/php-datatypes/Tests/Composite/Vector/Vec2Test.php" line="79" class="Tests\Composite\Vector\Vec2Test" classname="Tests.Composite.Vector.Vec2Test" assertions="2" time="0.000057"/>
        <testcase name="testCross" file="/home/neo/projects/personal/php-datatypes/Tests/Composite/Vector/Vec2Test.php" line="87" class="Tests\Composite\Vector\Vec2Test" classname="Tests.Composite.Vector.Vec2Test" assertions="1" time="0.000064"/>
        <testcase name="testZero" file="/home/neo/projects/personal/php-datatypes/Tests/Composite/Vector/Vec2Test.php" line="94" class="Tests\Composite\Vector\Vec2Test" classname="Tests.Composite.Vector.Vec2Test" assertions="2" time="0.000055"/>
        <testcase name="testUnitX" file="/home/neo/projects/personal/php-datatypes/Tests/Composite/Vector/Vec2Test.php" line="101" class="Tests\Composite\Vector\Vec2Test" classname="Tests.Composite.Vector.Vec2Test" assertions="2" time="0.000059"/>
        <testcase name="testUnitY" file="/home/neo/projects/personal/php-datatypes/Tests/Composite/Vector/Vec2Test.php" line="108" class="Tests\Composite\Vector\Vec2Test" classname="Tests.Composite.Vector.Vec2Test" assertions="2" time="0.000055"/>
        <testcase name="testToString" file="/home/neo/projects/personal/php-datatypes/Tests/Composite/Vector/Vec2Test.php" line="115" class="Tests\Composite\Vector\Vec2Test" classname="Tests.Composite.Vector.Vec2Test" assertions="1" time="0.000063"/>
        <testcase name="testEquals" file="/home/neo/projects/personal/php-datatypes/Tests/Composite/Vector/Vec2Test.php" line="121" class="Tests\Composite\Vector\Vec2Test" classname="Tests.Composite.Vector.Vec2Test" assertions="2" time="0.000062"/>
        <testcase name="testDistance" file="/home/neo/projects/personal/php-datatypes/Tests/Composite/Vector/Vec2Test.php" line="131" class="Tests\Composite\Vector\Vec2Test" classname="Tests.Composite.Vector.Vec2Test" assertions="1" time="0.000062"/>
      </testsuite>
      <testsuite name="Tests\Composite\Vector\Vec3Test" file="/home/neo/projects/personal/php-datatypes/Tests/Composite/Vector/Vec3Test.php" tests="18" assertions="40" errors="0" failures="0" skipped="0" time="0.001241">
        <testcase name="testCreateValidVec3" file="/home/neo/projects/personal/php-datatypes/Tests/Composite/Vector/Vec3Test.php" line="13" class="Tests\Composite\Vector\Vec3Test" classname="Tests.Composite.Vector.Vec3Test" assertions="3" time="0.000164"/>
        <testcase name="testCreateInvalidComponentCount" file="/home/neo/projects/personal/php-datatypes/Tests/Composite/Vector/Vec3Test.php" line="21" class="Tests\Composite\Vector\Vec3Test" classname="Tests.Composite.Vector.Vec3Test" assertions="1" time="0.000077"/>
        <testcase name="testCreateWithNonNumericComponents" file="/home/neo/projects/personal/php-datatypes/Tests/Composite/Vector/Vec3Test.php" line="27" class="Tests\Composite\Vector\Vec3Test" classname="Tests.Composite.Vector.Vec3Test" assertions="1" time="0.000073"/>
        <testcase name="testMagnitude" file="/home/neo/projects/personal/php-datatypes/Tests/Composite/Vector/Vec3Test.php" line="33" class="Tests\Composite\Vector\Vec3Test" classname="Tests.Composite.Vector.Vec3Test" assertions="1" time="0.000061"/>
        <testcase name="testNormalize" file="/home/neo/projects/personal/php-datatypes/Tests/Composite/Vector/Vec3Test.php" line="39" class="Tests\Composite\Vector\Vec3Test" classname="Tests.Composite.Vector.Vec3Test" assertions="4" time="0.000064"/>
        <testcase name="testNormalizeZeroVector" file="/home/neo/projects/personal/php-datatypes/Tests/Composite/Vector/Vec3Test.php" line="49" class="Tests\Composite\Vector\Vec3Test" classname="Tests.Composite.Vector.Vec3Test" assertions="1" time="0.000069"/>
        <testcase name="testDotProduct" file="/home/neo/projects/personal/php-datatypes/Tests/Composite/Vector/Vec3Test.php" line="56" class="Tests\Composite\Vector\Vec3Test" classname="Tests.Composite.Vector.Vec3Test" assertions="1" time="0.000075"/>
        <testcase name="testAdd" file="/home/neo/projects/personal/php-datatypes/Tests/Composite/Vector/Vec3Test.php" line="63" class="Tests\Composite\Vector\Vec3Test" classname="Tests.Composite.Vector.Vec3Test" assertions="3" time="0.000060"/>
        <testcase name="testSubtract" file="/home/neo/projects/personal/php-datatypes/Tests/Composite/Vector/Vec3Test.php" line="73" class="Tests\Composite\Vector\Vec3Test" classname="Tests.Composite.Vector.Vec3Test" assertions="3" time="0.000062"/>
        <testcase name="testScale" file="/home/neo/projects/personal/php-datatypes/Tests/Composite/Vector/Vec3Test.php" line="83" class="Tests\Composite\Vector\Vec3Test" classname="Tests.Composite.Vector.Vec3Test" assertions="3" time="0.000057"/>
        <testcase name="testCross" file="/home/neo/projects/personal/php-datatypes/Tests/Composite/Vector/Vec3Test.php" line="92" class="Tests\Composite\Vector\Vec3Test" classname="Tests.Composite.Vector.Vec3Test" assertions="3" time="0.000060"/>
        <testcase name="testZero" file="/home/neo/projects/personal/php-datatypes/Tests/Composite/Vector/Vec3Test.php" line="102" class="Tests\Composite\Vector\Vec3Test" classname="Tests.Composite.Vector.Vec3Test" assertions="3" time="0.000063"/>
        <testcase name="testUnitX" file="/home/neo/projects/personal/php-datatypes/Tests/Composite/Vector/Vec3Test.php" line="110" class="Tests\Composite\Vector\Vec3Test" classname="Tests.Composite.Vector.Vec3Test" assertions="3" time="0.000056"/>
        <testcase name="testUnitY" file="/home/neo/projects/personal/php-datatypes/Tests/Composite/Vector/Vec3Test.php" line="118" class="Tests\Composite\Vector\Vec3Test" classname="Tests.Composite.Vector.Vec3Test" assertions="3" time="0.000056"/>
        <testcase name="testUnitZ" file="/home/neo/projects/personal/php-datatypes/Tests/Composite/Vector/Vec3Test.php" line="126" class="Tests\Composite\Vector\Vec3Test" classname="Tests.Composite.Vector.Vec3Test" assertions="3" time="0.000055"/>
        <testcase name="testToString" file="/home/neo/projects/personal/php-datatypes/Tests/Composite/Vector/Vec3Test.php" line="134" class="Tests\Composite\Vector\Vec3Test" classname="Tests.Composite.Vector.Vec3Test" assertions="1" time="0.000066"/>
        <testcase name="testEquals" file="/home/neo/projects/personal/php-datatypes/Tests/Composite/Vector/Vec3Test.php" line="140" class="Tests\Composite\Vector\Vec3Test" classname="Tests.Composite.Vector.Vec3Test" assertions="2" time="0.000059"/>
        <testcase name="testDistance" file="/home/neo/projects/personal/php-datatypes/Tests/Composite/Vector/Vec3Test.php" line="150" class="Tests\Composite\Vector\Vec3Test" classname="Tests.Composite.Vector.Vec3Test" assertions="1" time="0.000064"/>
      </testsuite>
      <testsuite name="Tests\Composite\Vector\Vec4Test" file="/home/neo/projects/personal/php-datatypes/Tests/Composite/Vector/Vec4Test.php" tests="18" assertions="50" errors="0" failures="0" skipped="0" time="0.001231">
        <testcase name="testCreateValidVec4" file="/home/neo/projects/personal/php-datatypes/Tests/Composite/Vector/Vec4Test.php" line="13" class="Tests\Composite\Vector\Vec4Test" classname="Tests.Composite.Vector.Vec4Test" assertions="4" time="0.000176"/>
        <testcase name="testCreateInvalidComponentCount" file="/home/neo/projects/personal/php-datatypes/Tests/Composite/Vector/Vec4Test.php" line="22" class="Tests\Composite\Vector\Vec4Test" classname="Tests.Composite.Vector.Vec4Test" assertions="1" time="0.000077"/>
        <testcase name="testCreateWithNonNumericComponents" file="/home/neo/projects/personal/php-datatypes/Tests/Composite/Vector/Vec4Test.php" line="28" class="Tests\Composite\Vector\Vec4Test" classname="Tests.Composite.Vector.Vec4Test" assertions="1" time="0.000072"/>
        <testcase name="testMagnitude" file="/home/neo/projects/personal/php-datatypes/Tests/Composite/Vector/Vec4Test.php" line="34" class="Tests\Composite\Vector\Vec4Test" classname="Tests.Composite.Vector.Vec4Test" assertions="1" time="0.000063"/>
        <testcase name="testNormalize" file="/home/neo/projects/personal/php-datatypes/Tests/Composite/Vector/Vec4Test.php" line="40" class="Tests\Composite\Vector\Vec4Test" classname="Tests.Composite.Vector.Vec4Test" assertions="5" time="0.000070"/>
        <testcase name="testNormalizeZeroVector" file="/home/neo/projects/personal/php-datatypes/Tests/Composite/Vector/Vec4Test.php" line="51" class="Tests\Composite\Vector\Vec4Test" classname="Tests.Composite.Vector.Vec4Test" assertions="1" time="0.000067"/>
        <testcase name="testDotProduct" file="/home/neo/projects/personal/php-datatypes/Tests/Composite/Vector/Vec4Test.php" line="58" class="Tests\Composite\Vector\Vec4Test" classname="Tests.Composite.Vector.Vec4Test" assertions="1" time="0.000060"/>
        <testcase name="testAdd" file="/home/neo/projects/personal/php-datatypes/Tests/Composite/Vector/Vec4Test.php" line="65" class="Tests\Composite\Vector\Vec4Test" classname="Tests.Composite.Vector.Vec4Test" assertions="4" time="0.000058"/>
        <testcase name="testSubtract" file="/home/neo/projects/personal/php-datatypes/Tests/Composite/Vector/Vec4Test.php" line="76" class="Tests\Composite\Vector\Vec4Test" classname="Tests.Composite.Vector.Vec4Test" assertions="4" time="0.000071"/>
        <testcase name="testScale" file="/home/neo/projects/personal/php-datatypes/Tests/Composite/Vector/Vec4Test.php" line="87" class="Tests\Composite\Vector\Vec4Test" classname="Tests.Composite.Vector.Vec4Test" assertions="4" time="0.000057"/>
        <testcase name="testZero" file="/home/neo/projects/personal/php-datatypes/Tests/Composite/Vector/Vec4Test.php" line="97" class="Tests\Composite\Vector\Vec4Test" classname="Tests.Composite.Vector.Vec4Test" assertions="4" time="0.000056"/>
        <testcase name="testUnitX" file="/home/neo/projects/personal/php-datatypes/Tests/Composite/Vector/Vec4Test.php" line="106" class="Tests\Composite\Vector\Vec4Test" classname="Tests.Composite.Vector.Vec4Test" assertions="4" time="0.000056"/>
        <testcase name="testUnitY" file="/home/neo/projects/personal/php-datatypes/Tests/Composite/Vector/Vec4Test.php" line="115" class="Tests\Composite\Vector\Vec4Test" classname="Tests.Composite.Vector.Vec4Test" assertions="4" time="0.000057"/>
        <testcase name="testUnitZ" file="/home/neo/projects/personal/php-datatypes/Tests/Composite/Vector/Vec4Test.php" line="124" class="Tests\Composite\Vector\Vec4Test" classname="Tests.Composite.Vector.Vec4Test" assertions="4" time="0.000055"/>
        <testcase name="testUnitW" file="/home/neo/projects/personal/php-datatypes/Tests/Composite/Vector/Vec4Test.php" line="133" class="Tests\Composite\Vector\Vec4Test" classname="Tests.Composite.Vector.Vec4Test" assertions="4" time="0.000056"/>
        <testcase name="testToString" file="/home/neo/projects/personal/php-datatypes/Tests/Composite/Vector/Vec4Test.php" line="142" class="Tests\Composite\Vector\Vec4Test" classname="Tests.Composite.Vector.Vec4Test" assertions="1" time="0.000058"/>
        <testcase name="testEquals" file="/home/neo/projects/personal/php-datatypes/Tests/Composite/Vector/Vec4Test.php" line="148" class="Tests\Composite\Vector\Vec4Test" classname="Tests.Composite.Vector.Vec4Test" assertions="2" time="0.000058"/>
        <testcase name="testDistance" file="/home/neo/projects/personal/php-datatypes/Tests/Composite/Vector/Vec4Test.php" line="158" class="Tests\Composite\Vector\Vec4Test" classname="Tests.Composite.Vector.Vec4Test" assertions="1" time="0.000062"/>
      </testsuite>
      <testsuite name="Nejcc\PhpDatatypes\Tests\DictionaryTest" file="/home/neo/projects/personal/php-datatypes/Tests/DictionaryTest.php" tests="10" assertions="21" errors="0" failures="0" skipped="0" time="0.000804">
        <testcase name="testCanInitializeWithElements" file="/home/neo/projects/personal/php-datatypes/Tests/DictionaryTest.php" line="14" class="Nejcc\PhpDatatypes\Tests\DictionaryTest" classname="Nejcc.PhpDatatypes.Tests.DictionaryTest" assertions="2" time="0.000179"/>
        <testcase name="testAddAndGetElements" file="/home/neo/projects/personal/php-datatypes/Tests/DictionaryTest.php" line="25" class="Nejcc\PhpDatatypes\Tests\DictionaryTest" classname="Nejcc.PhpDatatypes.Tests.DictionaryTest" assertions="2" time="0.000074"/>
        <testcase name="testContainsKey" file="/home/neo/projects/personal/php-datatypes/Tests/DictionaryTest.php" line="35" class="Nejcc\PhpDatatypes\Tests\DictionaryTest" classname="Nejcc.PhpDatatypes.Tests.DictionaryTest" assertions="2" time="0.000066"/>
        <testcase name="testRemoveElement" file="/home/neo/projects/personal/php-datatypes/Tests/DictionaryTest.php" line="45" class="Nejcc\PhpDatatypes\Tests\DictionaryTest" classname="Nejcc.PhpDatatypes.Tests.DictionaryTest" assertions="3" time="0.000072"/>
        <testcase name="testGetKeysAndValues" file="/home/neo/projects/personal/php-datatypes/Tests/DictionaryTest.php" line="60" class="Nejcc\PhpDatatypes\Tests\DictionaryTest" classname="Nejcc.PhpDatatypes.Tests.DictionaryTest" assertions="2" time="0.000070"/>
        <testcase name="testDictionarySize" file="/home/neo/projects/personal/php-datatypes/Tests/DictionaryTest.php" line="72" class="Nejcc\PhpDatatypes\Tests\DictionaryTest" classname="Nejcc.PhpDatatypes.Tests.DictionaryTest" assertions="2" time="0.000063"/>
        <testcase name="testClearDictionary" file="/home/neo/projects/personal/php-datatypes/Tests/DictionaryTest.php" line="85" class="Nejcc\PhpDatatypes\Tests\DictionaryTest" classname="Nejcc.PhpDatatypes.Tests.DictionaryTest" assertions="2" time="0.000060"/>
        <testcase name="testInvalidKeyThrowsException" file="/home/neo/projects/personal/php-datatypes/Tests/DictionaryTest.php" line="98" class="Nejcc\PhpDatatypes\Tests\DictionaryTest" classname="Nejcc.PhpDatatypes.Tests.DictionaryTest" assertions="2" time="0.000071"/>
        <testcase name="testGetNonExistentKeyThrowsException" file="/home/neo/projects/personal/php-datatypes/Tests/DictionaryTest.php" line="107" class="Nejcc\PhpDatatypes\Tests\DictionaryTest" classname="Nejcc.PhpDatatypes.Tests.DictionaryTest" assertions="2" time="0.000079"/>
        <testcase name="testRemoveNonExistentKeyThrowsException" file="/home/neo/projects/personal/php-datatypes/Tests/DictionaryTest.php" line="116" class="Nejcc\PhpDatatypes\Tests\DictionaryTest" classname="Nejcc.PhpDatatypes.Tests.DictionaryTest" assertions="2" time="0.000071"/>
      </testsuite>
      <testsuite name="Nejcc\PhpDatatypes\Tests\FloatArrayTest" file="/home/neo/projects/personal/php-datatypes/Tests/FloatArrayTest.php" tests="13" assertions="19" errors="0" failures="0" skipped="0" time="0.001080">
        <testcase name="testCreateValidFloatArray" file="/home/neo/projects/personal/php-datatypes/Tests/FloatArrayTest.php" line="18" class="Nejcc\PhpDatatypes\Tests\FloatArrayTest" classname="Nejcc.PhpDatatypes.Tests.FloatArrayTest" assertions="1" time="0.000191"/>
        <testcase name="testCreateInvalidFloatArray" file="/home/neo/projects/personal/php-datatypes/Tests/FloatArrayTest.php" line="27" class="Nejcc\PhpDatatypes\Tests\FloatArrayTest" classname="Nejcc.PhpDatatypes.Tests.FloatArrayTest" assertions="2" time="0.000139"/>
        <testcase name="testAddFloats" file="/home/neo/projects/personal/php-datatypes/Tests/FloatArrayTest.php" line="40" class="Nejcc\PhpDatatypes\Tests\FloatArrayTest" classname="Nejcc.PhpDatatypes.Tests.FloatArrayTest" assertions="1" time="0.000067"/>
        <testcase name="testRemoveFloats" file="/home/neo/projects/personal/php-datatypes/Tests/FloatArrayTest.php" line="53" class="Nejcc\PhpDatatypes\Tests\FloatArrayTest" classname="Nejcc.PhpDatatypes.Tests.FloatArrayTest" assertions="1" time="0.000064"/>
        <testcase name="testSumOfFloats" file="/home/neo/projects/personal/php-datatypes/Tests/FloatArrayTest.php" line="66" class="Nejcc\PhpDatatypes\Tests\FloatArrayTest" classname="Nejcc.PhpDatatypes.Tests.FloatArrayTest" assertions="1" time="0.000065"/>
        <testcase name="testAverageOfFloats" file="/home/neo/projects/personal/php-datatypes/Tests/FloatArrayTest.php" line="77" class="Nejcc\PhpDatatypes\Tests\FloatArrayTest" classname="Nejcc.PhpDatatypes.Tests.FloatArrayTest" assertions="1" time="0.000062"/>
        <testcase name="testAverageOfEmptyFloatArray" file="/home/neo/projects/personal/php-datatypes/Tests/FloatArrayTest.php" line="86" class="Nejcc\PhpDatatypes\Tests\FloatArrayTest" classname="Nejcc.PhpDatatypes.Tests.FloatArrayTest" assertions="2" time="0.000072"/>
        <testcase name="testGetFloatCount" file="/home/neo/projects/personal/php-datatypes/Tests/FloatArrayTest.php" line="100" class="Nejcc\PhpDatatypes\Tests\FloatArrayTest" classname="Nejcc.PhpDatatypes.Tests.FloatArrayTest" assertions="1" time="0.000072"/>
        <testcase name="testArrayAccessGet" file="/home/neo/projects/personal/php-datatypes/Tests/FloatArrayTest.php" line="111" class="Nejcc\PhpDatatypes\Tests\FloatArrayTest" classname="Nejcc.PhpDatatypes.Tests.FloatArrayTest" assertions="2" time="0.000063"/>
        <testcase name="testArrayAccessSetThrowsException" file="/home/neo/projects/personal/php-datatypes/Tests/FloatArrayTest.php" line="121" class="Nejcc\PhpDatatypes\Tests\FloatArrayTest" classname="Nejcc.PhpDatatypes.Tests.FloatArrayTest" assertions="2" time="0.000075"/>
        <testcase name="testArrayAccessUnsetThrowsException" file="/home/neo/projects/personal/php-datatypes/Tests/FloatArrayTest.php" line="133" class="Nejcc\PhpDatatypes\Tests\FloatArrayTest" classname="Nejcc.PhpDatatypes.Tests.FloatArrayTest" assertions="2" time="0.000072"/>
        <testcase name="testIterationOverFloatArray" file="/home/neo/projects/personal/php-datatypes/Tests/FloatArrayTest.php" line="147" class="Nejcc\PhpDatatypes\Tests\FloatArrayTest" classname="Nejcc.PhpDatatypes.Tests.FloatArrayTest" assertions="1" time="0.000069"/>
        <testcase name="testEmptyFloatArray" file="/home/neo/projects/personal/php-datatypes/Tests/FloatArrayTest.php" line="164" class="Nejcc\PhpDatatypes\Tests\FloatArrayTest" classname="Nejcc.PhpDatatypes.Tests.FloatArrayTest" assertions="2" time="0.000069"/>
      </testsuite>
      <testsuite name="Nejcc\PhpDatatypes\Tests\Floats\Float32Test" file="/home/neo/projects/personal/php-datatypes/Tests/Floats/Float32Test.php" tests="2" assertions="2" errors="0" failures="0" skipped="0" time="0.000307">
        <testcase name="testSetAndGetValue" file="/home/neo/projects/personal/php-datatypes/Tests/Floats/Float32Test.php" line="12" class="Nejcc\PhpDatatypes\Tests\Floats\Float32Test" classname="Nejcc.PhpDatatypes.Tests.Floats.Float32Test" assertions="1" time="0.000228"/>
        <testcase name="testOutOfRangeException" file="/home/neo/projects/personal/php-datatypes/Tests/Floats/Float32Test.php" line="18" class="Nejcc\PhpDatatypes\Tests\Floats\Float32Test" classname="Nejcc.PhpDatatypes.Tests.Floats.Float32Test" assertions="1" time="0.000080"/>
      </testsuite>
      <testsuite name="Nejcc\PhpDatatypes\Tests\Float64Test" file="/home/neo/projects/personal/php-datatypes/Tests/Floats/Float64Test.php" tests="2" assertions="2" errors="0" failures="0" skipped="0" time="0.000187">
        <testcase name="testSetAndGetValue" file="/home/neo/projects/personal/php-datatypes/Tests/Floats/Float64Test.php" line="12" class="Nejcc\PhpDatatypes\Tests\Float64Test" classname="Nejcc.PhpDatatypes.Tests.Float64Test" assertions="1" time="0.000112"/>
        <testcase name="testOutOfRangeException" file="/home/neo/projects/personal/php-datatypes/Tests/Floats/Float64Test.php" line="18" class="Nejcc\PhpDatatypes\Tests\Float64Test" classname="Nejcc.PhpDatatypes.Tests.Float64Test" assertions="1" time="0.000075"/>
      </testsuite>
      <testsuite name="Nejcc\PhpDatatypes\Tests\HttpStatusCodeTest" file="/home/neo/projects/personal/php-datatypes/Tests/HttpStatusCodeTest.php" tests="10" assertions="21" errors="0" failures="0" skipped="0" time="0.001067">
        <testcase name="testIsInformational" file="/home/neo/projects/personal/php-datatypes/Tests/HttpStatusCodeTest.php" line="12" class="Nejcc\PhpDatatypes\Tests\HttpStatusCodeTest" classname="Nejcc.PhpDatatypes.Tests.HttpStatusCodeTest" assertions="2" time="0.000236"/>
        <testcase name="testIsSuccess" file="/home/neo/projects/personal/php-datatypes/Tests/HttpStatusCodeTest.php" line="18" class="Nejcc\PhpDatatypes\Tests\HttpStatusCodeTest" classname="Nejcc.PhpDatatypes.Tests.HttpStatusCodeTest" assertions="2" time="0.000067"/>
        <testcase name="testIsRedirection" file="/home/neo/projects/personal/php-datatypes/Tests/HttpStatusCodeTest.php" line="24" class="Nejcc\PhpDatatypes\Tests\HttpStatusCodeTest" classname="Nejcc.PhpDatatypes.Tests.HttpStatusCodeTest" assertions="2" time="0.000065"/>
        <testcase name="testIsClientError" file="/home/neo/projects/personal/php-datatypes/Tests/HttpStatusCodeTest.php" line="30" class="Nejcc\PhpDatatypes\Tests\HttpStatusCodeTest" classname="Nejcc.PhpDatatypes.Tests.HttpStatusCodeTest" assertions="2" time="0.000061"/>
        <testcase name="testIsServerError" file="/home/neo/projects/personal/php-datatypes/Tests/HttpStatusCodeTest.php" line="36" class="Nejcc\PhpDatatypes\Tests\HttpStatusCodeTest" classname="Nejcc.PhpDatatypes.Tests.HttpStatusCodeTest" assertions="2" time="0.000071"/>
        <testcase name="testGetMessage" file="/home/neo/projects/personal/php-datatypes/Tests/HttpStatusCodeTest.php" line="42" class="Nejcc\PhpDatatypes\Tests\HttpStatusCodeTest" classname="Nejcc.PhpDatatypes.Tests.HttpStatusCodeTest" assertions="3" time="0.000063"/>
        <testcase name="testGetSuggestion" file="/home/neo/projects/personal/php-datatypes/Tests/HttpStatusCodeTest.php" line="49" class="Nejcc\PhpDatatypes\Tests\HttpStatusCodeTest" classname="Nejcc.PhpDatatypes.Tests.HttpStatusCodeTest" assertions="3" time="0.000061"/>
        <testcase name="testBuildResponse" file="/home/neo/projects/personal/php-datatypes/Tests/HttpStatusCodeTest.php" line="65" class="Nejcc\PhpDatatypes\Tests\HttpStatusCodeTest" classname="Nejcc.PhpDatatypes.Tests.HttpStatusCodeTest" assertions="1" time="0.000066"/>
        <testcase name="testGetSuccessCodes" file="/home/neo/projects/personal/php-datatypes/Tests/HttpStatusCodeTest.php" line="82" class="Nejcc\PhpDatatypes\Tests\HttpStatusCodeTest" classname="Nejcc.PhpDatatypes.Tests.HttpStatusCodeTest" assertions="2" time="0.000300"/>
        <testcase name="testGetClientErrorCodes" file="/home/neo/projects/personal/php-datatypes/Tests/HttpStatusCodeTest.php" line="89" class="Nejcc\PhpDatatypes\Tests\HttpStatusCodeTest" classname="Nejcc.PhpDatatypes.Tests.HttpStatusCodeTest" assertions="2" time="0.000077"/>
      </testsuite>
      <testsuite name="IntArrayTest" file="/home/neo/projects/personal/php-datatypes/Tests/IntArrayTest.php" tests="10" assertions="11" errors="0" failures="0" skipped="0" time="0.000741">
        <testcase name="testConstructionAndGet" file="/home/neo/projects/personal/php-datatypes/Tests/IntArrayTest.php" line="10" class="IntArrayTest" classname="IntArrayTest" assertions="2" time="0.000160"/>
        <testcase name="testSetAndGet" file="/home/neo/projects/personal/php-datatypes/Tests/IntArrayTest.php" line="17" class="IntArrayTest" classname="IntArrayTest" assertions="1" time="0.000066"/>
        <testcase name="testCount" file="/home/neo/projects/personal/php-datatypes/Tests/IntArrayTest.php" line="24" class="IntArrayTest" classname="IntArrayTest" assertions="1" time="0.000059"/>
        <testcase name="testIteration" file="/home/neo/projects/personal/php-datatypes/Tests/IntArrayTest.php" line="30" class="IntArrayTest" classname="IntArrayTest" assertions="1" time="0.000066"/>
        <testcase name="testToArray" file="/home/neo/projects/personal/php-datatypes/Tests/IntArrayTest.php" line="40" class="IntArrayTest" classname="IntArrayTest" assertions="1" time="0.000062"/>
        <testcase name="testInvalidIndexGet" file="/home/neo/projects/personal/php-datatypes/Tests/IntArrayTest.php" line="46" class="IntArrayTest" classname="IntArrayTest" assertions="1" time="0.000067"/>
        <testcase name="testInvalidIndexSet" file="/home/neo/projects/personal/php-datatypes/Tests/IntArrayTest.php" line="53" class="IntArrayTest" classname="IntArrayTest" assertions="1" time="0.000066"/>
        <testcase name="testInvalidValueType" file="/home/neo/projects/personal/php-datatypes/Tests/IntArrayTest.php" line="60" class="IntArrayTest" classname="IntArrayTest" assertions="1" time="0.000066"/>
        <testcase name="testAppend" file="/home/neo/projects/personal/php-datatypes/Tests/IntArrayTest.php" line="67" class="IntArrayTest" classname="IntArrayTest" assertions="1" time="0.000063"/>
        <testcase name="testAppendInvalidType" file="/home/neo/projects/personal/php-datatypes/Tests/IntArrayTest.php" line="74" class="IntArrayTest" classname="IntArrayTest" assertions="1" time="0.000064"/>
      </testsuite>
[...]
        <testcase name="testEquals" file="/home/neo/projects/personal/php-datatypes/Tests/Scalar/Integers/Signed/Int8Test.php" line="134" class="Tests\Scalar\Integers\Signed\Int8Test" classname="Tests.Scalar.Integers.Signed.Int8Test" assertions="2" time="0.000058"/>
        <testcase name="testIsGreaterThan" file="/home/neo/projects/personal/php-datatypes/Tests/Scalar/Integers/Signed/Int8Test.php" line="144" class="Tests\Scalar\Integers\Signed\Int8Test" classname="Tests.Scalar.Integers.Signed.Int8Test" assertions="2" time="0.000059"/>
        <testcase name="testIsLessThan" file="/home/neo/projects/personal/php-datatypes/Tests/Scalar/Integers/Signed/Int8Test.php" line="154" class="Tests\Scalar\Integers\Signed\Int8Test" classname="Tests.Scalar.Integers.Signed.Int8Test" assertions="2" time="0.000057"/>
        <testcase name="testStringConversion" file="/home/neo/projects/personal/php-datatypes/Tests/Scalar/Integers/Signed/Int8Test.php" line="164" class="Tests\Scalar\Integers\Signed\Int8Test" classname="Tests.Scalar.Integers.Signed.Int8Test" assertions="1" time="0.000066"/>
        <testcase name="testZeroOperations" file="/home/neo/projects/personal/php-datatypes/Tests/Scalar/Integers/Signed/Int8Test.php" line="170" class="Tests\Scalar\Integers\Signed\Int8Test" classname="Tests.Scalar.Integers.Signed.Int8Test" assertions="4" time="0.000063"/>
      </testsuite>
      <testsuite name="Tests\Scalar\Integers\Unsigned\UInt128Test" file="/home/neo/projects/personal/php-datatypes/Tests/Scalar/Integers/Unsigned/UInt128Test.php" tests="14" assertions="21" errors="0" failures="0" skipped="0" time="0.001026">
        <testcase name="testValidRange" file="/home/neo/projects/personal/php-datatypes/Tests/Scalar/Integers/Unsigned/UInt128Test.php" line="15" class="Tests\Scalar\Integers\Unsigned\UInt128Test" classname="Tests.Scalar.Integers.Unsigned.UInt128Test" assertions="3" time="0.000134"/>
        <testcase name="testInvalidRange" file="/home/neo/projects/personal/php-datatypes/Tests/Scalar/Integers/Unsigned/UInt128Test.php" line="30" class="Tests\Scalar\Integers\Unsigned\UInt128Test" classname="Tests.Scalar.Integers.Unsigned.UInt128Test" assertions="1" time="0.000075"/>
        <testcase name="testNegativeValue" file="/home/neo/projects/personal/php-datatypes/Tests/Scalar/Integers/Unsigned/UInt128Test.php" line="36" class="Tests\Scalar\Integers\Unsigned\UInt128Test" classname="Tests.Scalar.Integers.Unsigned.UInt128Test" assertions="1" time="0.000088"/>
        <testcase name="testAddition" file="/home/neo/projects/personal/php-datatypes/Tests/Scalar/Integers/Unsigned/UInt128Test.php" line="42" class="Tests\Scalar\Integers\Unsigned\UInt128Test" classname="Tests.Scalar.Integers.Unsigned.UInt128Test" assertions="1" time="0.000063"/>
        <testcase name="testAdditionOverflow" file="/home/neo/projects/personal/php-datatypes/Tests/Scalar/Integers/Unsigned/UInt128Test.php" line="50" class="Tests\Scalar\Integers\Unsigned\UInt128Test" classname="Tests.Scalar.Integers.Unsigned.UInt128Test" assertions="1" time="0.000068"/>
        <testcase name="testSubtraction" file="/home/neo/projects/personal/php-datatypes/Tests/Scalar/Integers/Unsigned/UInt128Test.php" line="57" class="Tests\Scalar\Integers\Unsigned\UInt128Test" classname="Tests.Scalar.Integers.Unsigned.UInt128Test" assertions="1" time="0.000068"/>
        <testcase name="testSubtractionUnderflow" file="/home/neo/projects/personal/php-datatypes/Tests/Scalar/Integers/Unsigned/UInt128Test.php" line="65" class="Tests\Scalar\Integers\Unsigned\UInt128Test" classname="Tests.Scalar.Integers.Unsigned.UInt128Test" assertions="1" time="0.000068"/>
        <testcase name="testMultiplication" file="/home/neo/projects/personal/php-datatypes/Tests/Scalar/Integers/Unsigned/UInt128Test.php" line="72" class="Tests\Scalar\Integers\Unsigned\UInt128Test" classname="Tests.Scalar.Integers.Unsigned.UInt128Test" assertions="1" time="0.000067"/>
        <testcase name="testMultiplicationOverflow" file="/home/neo/projects/personal/php-datatypes/Tests/Scalar/Integers/Unsigned/UInt128Test.php" line="80" class="Tests\Scalar\Integers\Unsigned\UInt128Test" classname="Tests.Scalar.Integers.Unsigned.UInt128Test" assertions="1" time="0.000073"/>
        <testcase name="testDivision" file="/home/neo/projects/personal/php-datatypes/Tests/Scalar/Integers/Unsigned/UInt128Test.php" line="87" class="Tests\Scalar\Integers\Unsigned\UInt128Test" classname="Tests.Scalar.Integers.Unsigned.UInt128Test" assertions="1" time="0.000062"/>
        <testcase name="testDivisionByZero" file="/home/neo/projects/personal/php-datatypes/Tests/Scalar/Integers/Unsigned/UInt128Test.php" line="95" class="Tests\Scalar\Integers\Unsigned\UInt128Test" classname="Tests.Scalar.Integers.Unsigned.UInt128Test" assertions="1" time="0.000065"/>
        <testcase name="testComparison" file="/home/neo/projects/personal/php-datatypes/Tests/Scalar/Integers/Unsigned/UInt128Test.php" line="102" class="Tests\Scalar\Integers\Unsigned\UInt128Test" classname="Tests.Scalar.Integers.Unsigned.UInt128Test" assertions="4" time="0.000067"/>
        <testcase name="testStringConversion" file="/home/neo/projects/personal/php-datatypes/Tests/Scalar/Integers/Unsigned/UInt128Test.php" line="114" class="Tests\Scalar\Integers\Unsigned\UInt128Test" classname="Tests.Scalar.Integers.Unsigned.UInt128Test" assertions="1" time="0.000061"/>
        <testcase name="testZeroOperations" file="/home/neo/projects/personal/php-datatypes/Tests/Scalar/Integers/Unsigned/UInt128Test.php" line="121" class="Tests\Scalar\Integers\Unsigned\UInt128Test" classname="Tests.Scalar.Integers.Unsigned.UInt128Test" assertions="3" time="0.000067"/>
      </testsuite>
      <testsuite name="Tests\Scalar\Integers\Unsigned\UInt64Test" file="/home/neo/projects/personal/php-datatypes/Tests/Scalar/Integers/Unsigned/UInt64Test.php" tests="14" assertions="21" errors="0" failures="0" skipped="0" time="0.001035">
        <testcase name="testValidRange" file="/home/neo/projects/personal/php-datatypes/Tests/Scalar/Integers/Unsigned/UInt64Test.php" line="15" class="Tests\Scalar\Integers\Unsigned\UInt64Test" classname="Tests.Scalar.Integers.Unsigned.UInt64Test" assertions="3" time="0.000126"/>
        <testcase name="testInvalidRange" file="/home/neo/projects/personal/php-datatypes/Tests/Scalar/Integers/Unsigned/UInt64Test.php" line="30" class="Tests\Scalar\Integers\Unsigned\UInt64Test" classname="Tests.Scalar.Integers.Unsigned.UInt64Test" assertions="1" time="0.000076"/>
        <testcase name="testNegativeValue" file="/home/neo/projects/personal/php-datatypes/Tests/Scalar/Integers/Unsigned/UInt64Test.php" line="36" class="Tests\Scalar\Integers\Unsigned\UInt64Test" classname="Tests.Scalar.Integers.Unsigned.UInt64Test" assertions="1" time="0.000066"/>
        <testcase name="testAddition" file="/home/neo/projects/personal/php-datatypes/Tests/Scalar/Integers/Unsigned/UInt64Test.php" line="42" class="Tests\Scalar\Integers\Unsigned\UInt64Test" classname="Tests.Scalar.Integers.Unsigned.UInt64Test" assertions="1" time="0.000063"/>
        <testcase name="testAdditionOverflow" file="/home/neo/projects/personal/php-datatypes/Tests/Scalar/Integers/Unsigned/UInt64Test.php" line="50" class="Tests\Scalar\Integers\Unsigned\UInt64Test" classname="Tests.Scalar.Integers.Unsigned.UInt64Test" assertions="1" time="0.000068"/>
        <testcase name="testSubtraction" file="/home/neo/projects/personal/php-datatypes/Tests/Scalar/Integers/Unsigned/UInt64Test.php" line="57" class="Tests\Scalar\Integers\Unsigned\UInt64Test" classname="Tests.Scalar.Integers.Unsigned.UInt64Test" assertions="1" time="0.000073"/>
        <testcase name="testSubtractionUnderflow" file="/home/neo/projects/personal/php-datatypes/Tests/Scalar/Integers/Unsigned/UInt64Test.php" line="65" class="Tests\Scalar\Integers\Unsigned\UInt64Test" classname="Tests.Scalar.Integers.Unsigned.UInt64Test" assertions="1" time="0.000085"/>
        <testcase name="testMultiplication" file="/home/neo/projects/personal/php-datatypes/Tests/Scalar/Integers/Unsigned/UInt64Test.php" line="72" class="Tests\Scalar\Integers\Unsigned\UInt64Test" classname="Tests.Scalar.Integers.Unsigned.UInt64Test" assertions="1" time="0.000065"/>
        <testcase name="testMultiplicationOverflow" file="/home/neo/projects/personal/php-datatypes/Tests/Scalar/Integers/Unsigned/UInt64Test.php" line="80" class="Tests\Scalar\Integers\Unsigned\UInt64Test" classname="Tests.Scalar.Integers.Unsigned.UInt64Test" assertions="1" time="0.000070"/>
        <testcase name="testDivision" file="/home/neo/projects/personal/php-datatypes/Tests/Scalar/Integers/Unsigned/UInt64Test.php" line="87" class="Tests\Scalar\Integers\Unsigned\UInt64Test" classname="Tests.Scalar.Integers.Unsigned.UInt64Test" assertions="1" time="0.000070"/>
        <testcase name="testDivisionByZero" file="/home/neo/projects/personal/php-datatypes/Tests/Scalar/Integers/Unsigned/UInt64Test.php" line="95" class="Tests\Scalar\Integers\Unsigned\UInt64Test" classname="Tests.Scalar.Integers.Unsigned.UInt64Test" assertions="1" time="0.000070"/>
        <testcase name="testComparison" file="/home/neo/projects/personal/php-datatypes/Tests/Scalar/Integers/Unsigned/UInt64Test.php" line="102" class="Tests\Scalar\Integers\Unsigned\UInt64Test" classname="Tests.Scalar.Integers.Unsigned.UInt64Test" assertions="4" time="0.000065"/>
        <testcase name="testStringConversion" file="/home/neo/projects/personal/php-datatypes/Tests/Scalar/Integers/Unsigned/UInt64Test.php" line="114" class="Tests\Scalar\Integers\Unsigned\UInt64Test" classname="Tests.Scalar.Integers.Unsigned.UInt64Test" assertions="1" time="0.000062"/>
        <testcase name="testZeroOperations" file="/home/neo/projects/personal/php-datatypes/Tests/Scalar/Integers/Unsigned/UInt64Test.php" line="121" class="Tests\Scalar\Integers\Unsigned\UInt64Test" classname="Tests.Scalar.Integers.Unsigned.UInt64Test" assertions="3" time="0.000074"/>
      </testsuite>
      <testsuite name="Nejcc\PhpDatatypes\Tests\StringArrayTest" file="/home/neo/projects/personal/php-datatypes/Tests/StringArrayTest.php" tests="17" assertions="29" errors="0" failures="0" skipped="0" time="0.001473">
        <testcase name="testCreateValidStringArray" file="/home/neo/projects/personal/php-datatypes/Tests/StringArrayTest.php" line="13" class="Nejcc\PhpDatatypes\Tests\StringArrayTest" classname="Nejcc.PhpDatatypes.Tests.StringArrayTest" assertions="1" time="0.000295"/>
        <testcase name="testInvalidStringArrayThrowsException" file="/home/neo/projects/personal/php-datatypes/Tests/StringArrayTest.php" line="19" class="Nejcc\PhpDatatypes\Tests\StringArrayTest" classname="Nejcc.PhpDatatypes.Tests.StringArrayTest" assertions="1" time="0.000162"/>
        <testcase name="testAddStringToNewInstance" file="/home/neo/projects/personal/php-datatypes/Tests/StringArrayTest.php" line="25" class="Nejcc\PhpDatatypes\Tests\StringArrayTest" classname="Nejcc.PhpDatatypes.Tests.StringArrayTest" assertions="3" time="0.000080"/>
        <testcase name="testRemoveStringFromArray" file="/home/neo/projects/personal/php-datatypes/Tests/StringArrayTest.php" line="35" class="Nejcc\PhpDatatypes\Tests\StringArrayTest" classname="Nejcc.PhpDatatypes.Tests.StringArrayTest" assertions="3" time="0.000071"/>
        <testcase name="testRemoveNonExistentStringDoesNothing" file="/home/neo/projects/personal/php-datatypes/Tests/StringArrayTest.php" line="45" class="Nejcc\PhpDatatypes\Tests\StringArrayTest" classname="Nejcc.PhpDatatypes.Tests.StringArrayTest" assertions="1" time="0.000070"/>
        <testcase name="testContains" file="/home/neo/projects/personal/php-datatypes/Tests/StringArrayTest.php" line="55" class="Nejcc\PhpDatatypes\Tests\StringArrayTest" classname="Nejcc.PhpDatatypes.Tests.StringArrayTest" assertions="2" time="0.000065"/>
        <testcase name="testCountStrings" file="/home/neo/projects/personal/php-datatypes/Tests/StringArrayTest.php" line="63" class="Nejcc\PhpDatatypes\Tests\StringArrayTest" classname="Nejcc.PhpDatatypes.Tests.StringArrayTest" assertions="1" time="0.000061"/>
        <testcase name="testToString" file="/home/neo/projects/personal/php-datatypes/Tests/StringArrayTest.php" line="69" class="Nejcc\PhpDatatypes\Tests\StringArrayTest" classname="Nejcc.PhpDatatypes.Tests.StringArrayTest" assertions="2" time="0.000059"/>
        <testcase name="testFilterByPrefix" file="/home/neo/projects/personal/php-datatypes/Tests/StringArrayTest.php" line="76" class="Nejcc\PhpDatatypes\Tests\StringArrayTest" classname="Nejcc.PhpDatatypes.Tests.StringArrayTest" assertions="1" time="0.000073"/>
        <testcase name="testFilterBySubstring" file="/home/neo/projects/personal/php-datatypes/Tests/StringArrayTest.php" line="84" class="Nejcc\PhpDatatypes\Tests\StringArrayTest" classname="Nejcc.PhpDatatypes.Tests.StringArrayTest" assertions="1" time="0.000074"/>
        <testcase name="testToUpperCase" file="/home/neo/projects/personal/php-datatypes/Tests/StringArrayTest.php" line="92" class="Nejcc\PhpDatatypes\Tests\StringArrayTest" classname="Nejcc.PhpDatatypes.Tests.StringArrayTest" assertions="2" time="0.000064"/>
        <testcase name="testToLowerCase" file="/home/neo/projects/personal/php-datatypes/Tests/StringArrayTest.php" line="101" class="Nejcc\PhpDatatypes\Tests\StringArrayTest" classname="Nejcc.PhpDatatypes.Tests.StringArrayTest" assertions="2" time="0.000062"/>
        <testcase name="testClearArray" file="/home/neo/projects/personal/php-datatypes/Tests/StringArrayTest.php" line="110" class="Nejcc\PhpDatatypes\Tests\StringArrayTest" classname="Nejcc.PhpDatatypes.Tests.StringArrayTest" assertions="2" time="0.000060"/>
        <testcase name="testArrayAccess" file="/home/neo/projects/personal/php-datatypes/Tests/StringArrayTest.php" line="119" class="Nejcc\PhpDatatypes\Tests\StringArrayTest" classname="Nejcc.PhpDatatypes.Tests.StringArrayTest" assertions="3" time="0.000069"/>
        <testcase name="testOffsetSetThrowsException" file="/home/neo/projects/personal/php-datatypes/Tests/StringArrayTest.php" line="127" class="Nejcc\PhpDatatypes\Tests\StringArrayTest" classname="Nejcc.PhpDatatypes.Tests.StringArrayTest" assertions="1" time="0.000075"/>
        <testcase name="testOffsetUnsetThrowsException" file="/home/neo/projects/personal/php-datatypes/Tests/StringArrayTest.php" line="134" class="Nejcc\PhpDatatypes\Tests\StringArrayTest" classname="Nejcc.PhpDatatypes.Tests.StringArrayTest" assertions="1" time="0.000071"/>
        <testcase name="testIterator" file="/home/neo/projects/personal/php-datatypes/Tests/StringArrayTest.php" line="141" class="Nejcc\PhpDatatypes\Tests\StringArrayTest" classname="Nejcc.PhpDatatypes.Tests.StringArrayTest" assertions="2" time="0.000064"/>
      </testsuite>
      <testsuite name="Nejcc\PhpDatatypes\Tests\StructTest" file="/home/neo/projects/personal/php-datatypes/Tests/StructTest.php" tests="10" assertions="18" errors="0" failures="0" skipped="0" time="0.000723">
        <testcase name="testConstructionAndFieldRegistration" file="/home/neo/projects/personal/php-datatypes/Tests/StructTest.php" line="13" class="Nejcc\PhpDatatypes\Tests\StructTest" classname="Nejcc.PhpDatatypes.Tests.StructTest" assertions="6" time="0.000095"/>
        <testcase name="testSetAndGet" file="/home/neo/projects/personal/php-datatypes/Tests/StructTest.php" line="28" class="Nejcc\PhpDatatypes\Tests\StructTest" classname="Nejcc.PhpDatatypes.Tests.StructTest" assertions="2" time="0.000066"/>
        <testcase name="testSetWrongTypeThrows" file="/home/neo/projects/personal/php-datatypes/Tests/StructTest.php" line="40" class="Nejcc\PhpDatatypes\Tests\StructTest" classname="Nejcc.PhpDatatypes.Tests.StructTest" assertions="1" time="0.000074"/>
        <testcase name="testSetNullableField" file="/home/neo/projects/personal/php-datatypes/Tests/StructTest.php" line="49" class="Nejcc\PhpDatatypes\Tests\StructTest" classname="Nejcc.PhpDatatypes.Tests.StructTest" assertions="2" time="0.000070"/>
        <testcase name="testSetNonNullableFieldNullThrows" file="/home/neo/projects/personal/php-datatypes/Tests/StructTest.php" line="60" class="Nejcc\PhpDatatypes\Tests\StructTest" classname="Nejcc.PhpDatatypes.Tests.StructTest" assertions="2" time="0.000073"/>
        <testcase name="testSetSubclass" file="/home/neo/projects/personal/php-datatypes/Tests/StructTest.php" line="69" class="Nejcc\PhpDatatypes\Tests\StructTest" classname="Nejcc.PhpDatatypes.Tests.StructTest" assertions="1" time="0.000067"/>
        <testcase name="testGetNonexistentFieldThrows" file="/home/neo/projects/personal/php-datatypes/Tests/StructTest.php" line="79" class="Nejcc\PhpDatatypes\Tests\StructTest" classname="Nejcc.PhpDatatypes.Tests.StructTest" assertions="1" time="0.000068"/>
        <testcase name="testSetNonexistentFieldThrows" file="/home/neo/projects/personal/php-datatypes/Tests/StructTest.php" line="88" class="Nejcc\PhpDatatypes\Tests\StructTest" classname="Nejcc.PhpDatatypes.Tests.StructTest" assertions="1" time="0.000074"/>
        <testcase name="testDuplicateFieldThrows" file="/home/neo/projects/personal/php-datatypes/Tests/StructTest.php" line="97" class="Nejcc\PhpDatatypes\Tests\StructTest" classname="Nejcc.PhpDatatypes.Tests.StructTest" assertions="1" time="0.000074"/>
        <testcase name="testMagicGetSet" file="/home/neo/projects/personal/php-datatypes/Tests/StructTest.php" line="108" class="Nejcc\PhpDatatypes\Tests\StructTest" classname="Nejcc.PhpDatatypes.Tests.StructTest" assertions="1" time="0.000061"/>
      </testsuite>
      <testsuite name="Nejcc\PhpDatatypes\Tests\UnionTest" file="/home/neo/projects/personal/php-datatypes/Tests/UnionTest.php" tests="8" assertions="10" errors="0" failures="0" skipped="0" time="0.000722">
        <testcase name="testConstructorSetsAllowedTypes" file="/home/neo/projects/personal/php-datatypes/Tests/UnionTest.php" line="18" class="Nejcc\PhpDatatypes\Tests\UnionTest" classname="Nejcc.PhpDatatypes.Tests.UnionTest" assertions="1" time="0.000207"/>
        <testcase name="testSetValueWithValidType" file="/home/neo/projects/personal/php-datatypes/Tests/UnionTest.php" line="27" class="Nejcc\PhpDatatypes\Tests\UnionTest" classname="Nejcc.PhpDatatypes.Tests.UnionTest" assertions="2" time="0.000074"/>
        <testcase name="testSetValueWithInvalidTypeThrowsException" file="/home/neo/projects/personal/php-datatypes/Tests/UnionTest.php" line="40" class="Nejcc\PhpDatatypes\Tests\UnionTest" classname="Nejcc.PhpDatatypes.Tests.UnionTest" assertions="1" time="0.000080"/>
        <testcase name="testSetValueWithObjectType" file="/home/neo/projects/personal/php-datatypes/Tests/UnionTest.php" line="51" class="Nejcc\PhpDatatypes\Tests\UnionTest" classname="Nejcc.PhpDatatypes.Tests.UnionTest" assertions="1" time="0.000076"/>
        <testcase name="testAddAllowedType" file="/home/neo/projects/personal/php-datatypes/Tests/UnionTest.php" line="63" class="Nejcc\PhpDatatypes\Tests\UnionTest" classname="Nejcc.PhpDatatypes.Tests.UnionTest" assertions="1" time="0.000067"/>
        <testcase name="testIsTypeWithScalarTypes" file="/home/neo/projects/personal/php-datatypes/Tests/UnionTest.php" line="75" class="Nejcc\PhpDatatypes\Tests\UnionTest" classname="Nejcc.PhpDatatypes.Tests.UnionTest" assertions="2" time="0.000067"/>
        <testcase name="testIsTypeWithObjectTypes" file="/home/neo/projects/personal/php-datatypes/Tests/UnionTest.php" line="87" class="Nejcc\PhpDatatypes\Tests\UnionTest" classname="Nejcc.PhpDatatypes.Tests.UnionTest" assertions="1" time="0.000068"/>
        <testcase name="testValidateTypeThrowsExceptionForInvalidObjectType" file="/home/neo/projects/personal/php-datatypes/Tests/UnionTest.php" line="99" class="Nejcc\PhpDatatypes\Tests\UnionTest" classname="Nejcc.PhpDatatypes.Tests.UnionTest" assertions="1" time="0.000084"/>
      </testsuite>
    </testsuite>
  </testsuite>
</testsuites>
