<?xml version="1.0" encoding="UTF-8"?>
<testsuites>
  <testsuite name="/home/neo/projects/personal/php-datatypes/phpunit.xml" tests="399" assertions="602" errors="0" failures="0" skipped="0" time="0.033443">
    <testsuite name="Default" tests="399" assertions="602" errors="0" failures="0" skipped="0" time="0.033443">
      <testsuite name="Nejcc\PhpDatatypes\Tests\ByteSliceTest" file="/home/neo/projects/personal/php-datatypes/Tests/ByteSliceTest.php" tests="11" assertions="16" errors="0" failures="0" skipped="0" time="0.003271">
        <testcase name="testCreateValidByteSlice" file="/home/neo/projects/personal/php-datatypes/Tests/ByteSliceTest.php" line="16" class="Nejcc\PhpDatatypes\Tests\ByteSliceTest" classname="Nejcc.PhpDatatypes.Tests.ByteSliceTest" assertions="1" time="0.001918"/>
        <testcase name="testCreateInvalidByteSlice" file="/home/neo/projects/personal/php-datatypes/Tests/ByteSliceTest.php" line="25" class="Nejcc\PhpDatatypes\Tests\ByteSliceTest" classname="Nejcc.PhpDatatypes.Tests.ByteSliceTest" assertions="2" time="0.000380"/>
        <testcase name="testConvertToHexadecimal" file="/home/neo/projects/personal/php-datatypes/Tests/ByteSliceTest.php" line="36" class="Nejcc\PhpDatatypes\Tests\ByteSliceTest" classname="Nejcc.PhpDatatypes.Tests.ByteSliceTest" assertions="1" time="0.000117"/>
        <testcase name="testSliceByteSlice" file="/home/neo/projects/personal/php-datatypes/Tests/ByteSliceTest.php" line="45" class="Nejcc\PhpDatatypes\Tests\ByteSliceTest" classname="Nejcc.PhpDatatypes.Tests.ByteSliceTest" assertions="1" time="0.000083"/>
        <testcase name="testMergeByteSlices" file="/home/neo/projects/personal/php-datatypes/Tests/ByteSliceTest.php" line="55" class="Nejcc\PhpDatatypes\Tests\ByteSliceTest" classname="Nejcc.PhpDatatypes.Tests.ByteSliceTest" assertions="1" time="0.000079"/>
        <testcase name="testGetByteCount" file="/home/neo/projects/personal/php-datatypes/Tests/ByteSliceTest.php" line="67" class="Nejcc\PhpDatatypes\Tests\ByteSliceTest" classname="Nejcc.PhpDatatypes.Tests.ByteSliceTest" assertions="1" time="0.000238"/>
        <testcase name="testArrayAccessGet" file="/home/neo/projects/personal/php-datatypes/Tests/ByteSliceTest.php" line="76" class="Nejcc\PhpDatatypes\Tests\ByteSliceTest" classname="Nejcc.PhpDatatypes.Tests.ByteSliceTest" assertions="2" time="0.000141"/>
        <testcase name="testArrayAccessSetThrowsException" file="/home/neo/projects/personal/php-datatypes/Tests/ByteSliceTest.php" line="86" class="Nejcc\PhpDatatypes\Tests\ByteSliceTest" classname="Nejcc.PhpDatatypes.Tests.ByteSliceTest" assertions="2" time="0.000086"/>
        <testcase name="testArrayAccessUnsetThrowsException" file="/home/neo/projects/personal/php-datatypes/Tests/ByteSliceTest.php" line="98" class="Nejcc\PhpDatatypes\Tests\ByteSliceTest" classname="Nejcc.PhpDatatypes.Tests.ByteSliceTest" assertions="2" time="0.000078"/>
        <testcase name="testIterationOverByteSlice" file="/home/neo/projects/personal/php-datatypes/Tests/ByteSliceTest.php" line="110" class="Nejcc\PhpDatatypes\Tests\ByteSliceTest" classname="Nejcc.PhpDatatypes.Tests.ByteSliceTest" assertions="1" time="0.000069"/>
        <testcase name="testEmptyByteSlice" file="/home/neo/projects/personal/php-datatypes/Tests/ByteSliceTest.php" line="125" class="Nejcc\PhpDatatypes\Tests\ByteSliceTest" classname="Nejcc.PhpDatatypes.Tests.ByteSliceTest" assertions="2" time="0.000085"/>
      </testsuite>
      <testsuite name="Nejcc\PhpDatatypes\Tests\ByteTest" file="/home/neo/projects/personal/php-datatypes/Tests/ByteTest.php" tests="18" assertions="18" errors="0" failures="0" skipped="0" time="0.001571">
        <testcase name="testConstructorThrowsExceptionOnInvalidValue" file="/home/neo/projects/personal/php-datatypes/Tests/ByteTest.php" line="15" class="Nejcc\PhpDatatypes\Tests\ByteTest" classname="Nejcc.PhpDatatypes.Tests.ByteTest" assertions="1" time="0.000278"/>
        <testcase name="testConstructorAssignsValidValue" file="/home/neo/projects/personal/php-datatypes/Tests/ByteTest.php" line="24" class="Nejcc\PhpDatatypes\Tests\ByteTest" classname="Nejcc.PhpDatatypes.Tests.ByteTest" assertions="1" time="0.000192"/>
        <testcase name="testAndOperation" file="/home/neo/projects/personal/php-datatypes/Tests/ByteTest.php" line="33" class="Nejcc\PhpDatatypes\Tests\ByteTest" classname="Nejcc.PhpDatatypes.Tests.ByteTest" assertions="1" time="0.000066"/>
        <testcase name="testOrOperation" file="/home/neo/projects/personal/php-datatypes/Tests/ByteTest.php" line="45" class="Nejcc\PhpDatatypes\Tests\ByteTest" classname="Nejcc.PhpDatatypes.Tests.ByteTest" assertions="1" time="0.000060"/>
        <testcase name="testXorOperation" file="/home/neo/projects/personal/php-datatypes/Tests/ByteTest.php" line="57" class="Nejcc\PhpDatatypes\Tests\ByteTest" classname="Nejcc.PhpDatatypes.Tests.ByteTest" assertions="1" time="0.000089"/>
        <testcase name="testNotOperation" file="/home/neo/projects/personal/php-datatypes/Tests/ByteTest.php" line="69" class="Nejcc\PhpDatatypes\Tests\ByteTest" classname="Nejcc.PhpDatatypes.Tests.ByteTest" assertions="1" time="0.000071"/>
        <testcase name="testShiftLeftOperation" file="/home/neo/projects/personal/php-datatypes/Tests/ByteTest.php" line="80" class="Nejcc\PhpDatatypes\Tests\ByteTest" classname="Nejcc.PhpDatatypes.Tests.ByteTest" assertions="1" time="0.000078"/>
        <testcase name="testShiftRightOperation" file="/home/neo/projects/personal/php-datatypes/Tests/ByteTest.php" line="91" class="Nejcc\PhpDatatypes\Tests\ByteTest" classname="Nejcc.PhpDatatypes.Tests.ByteTest" assertions="1" time="0.000090"/>
        <testcase name="testEquals" file="/home/neo/projects/personal/php-datatypes/Tests/ByteTest.php" line="102" class="Nejcc\PhpDatatypes\Tests\ByteTest" classname="Nejcc.PhpDatatypes.Tests.ByteTest" assertions="1" time="0.000098"/>
        <testcase name="testIsGreaterThan" file="/home/neo/projects/personal/php-datatypes/Tests/ByteTest.php" line="113" class="Nejcc\PhpDatatypes\Tests\ByteTest" classname="Nejcc.PhpDatatypes.Tests.ByteTest" assertions="1" time="0.000067"/>
        <testcase name="testIsLessThan" file="/home/neo/projects/personal/php-datatypes/Tests/ByteTest.php" line="124" class="Nejcc\PhpDatatypes\Tests\ByteTest" classname="Nejcc.PhpDatatypes.Tests.ByteTest" assertions="1" time="0.000058"/>
        <testcase name="testToBinary" file="/home/neo/projects/personal/php-datatypes/Tests/ByteTest.php" line="135" class="Nejcc\PhpDatatypes\Tests\ByteTest" classname="Nejcc.PhpDatatypes.Tests.ByteTest" assertions="1" time="0.000063"/>
        <testcase name="testToHex" file="/home/neo/projects/personal/php-datatypes/Tests/ByteTest.php" line="144" class="Nejcc\PhpDatatypes\Tests\ByteTest" classname="Nejcc.PhpDatatypes.Tests.ByteTest" assertions="1" time="0.000059"/>
        <testcase name="testFromBinary" file="/home/neo/projects/personal/php-datatypes/Tests/ByteTest.php" line="153" class="Nejcc\PhpDatatypes\Tests\ByteTest" classname="Nejcc.PhpDatatypes.Tests.ByteTest" assertions="1" time="0.000064"/>
        <testcase name="testFromHex" file="/home/neo/projects/personal/php-datatypes/Tests/ByteTest.php" line="162" class="Nejcc\PhpDatatypes\Tests\ByteTest" classname="Nejcc.PhpDatatypes.Tests.ByteTest" assertions="1" time="0.000056"/>
        <testcase name="testAddWithOverflow" file="/home/neo/projects/personal/php-datatypes/Tests/ByteTest.php" line="171" class="Nejcc\PhpDatatypes\Tests\ByteTest" classname="Nejcc.PhpDatatypes.Tests.ByteTest" assertions="1" time="0.000060"/>
        <testcase name="testSubtractWithUnderflow" file="/home/neo/projects/personal/php-datatypes/Tests/ByteTest.php" line="182" class="Nejcc\PhpDatatypes\Tests\ByteTest" classname="Nejcc.PhpDatatypes.Tests.ByteTest" assertions="1" time="0.000061"/>
        <testcase name="testToString" file="/home/neo/projects/personal/php-datatypes/Tests/ByteTest.php" line="193" class="Nejcc\PhpDatatypes\Tests\ByteTest" classname="Nejcc.PhpDatatypes.Tests.ByteTest" assertions="1" time="0.000062"/>
      </testsuite>
      <testsuite name="Nejcc\PhpDatatypes\Tests\CharTest" file="/home/neo/projects/personal/php-datatypes/Tests/CharTest.php" tests="13" assertions="18" errors="0" failures="0" skipped="0" time="0.000991">
        <testcase name="testConstructorThrowsExceptionOnInvalidValue" file="/home/neo/projects/personal/php-datatypes/Tests/CharTest.php" line="15" class="Nejcc\PhpDatatypes\Tests\CharTest" classname="Nejcc.PhpDatatypes.Tests.CharTest" assertions="1" time="0.000210"/>
        <testcase name="testConstructorAssignsValidValue" file="/home/neo/projects/personal/php-datatypes/Tests/CharTest.php" line="24" class="Nejcc\PhpDatatypes\Tests\CharTest" classname="Nejcc.PhpDatatypes.Tests.CharTest" assertions="1" time="0.000074"/>
        <testcase name="testToUpperCase" file="/home/neo/projects/personal/php-datatypes/Tests/CharTest.php" line="33" class="Nejcc\PhpDatatypes\Tests\CharTest" classname="Nejcc.PhpDatatypes.Tests.CharTest" assertions="1" time="0.000069"/>
        <testcase name="testToLowerCase" file="/home/neo/projects/personal/php-datatypes/Tests/CharTest.php" line="44" class="Nejcc\PhpDatatypes\Tests\CharTest" classname="Nejcc.PhpDatatypes.Tests.CharTest" assertions="1" time="0.000060"/>
        <testcase name="testIsLetter" file="/home/neo/projects/personal/php-datatypes/Tests/CharTest.php" line="55" class="Nejcc\PhpDatatypes\Tests\CharTest" classname="Nejcc.PhpDatatypes.Tests.CharTest" assertions="2" time="0.000098"/>
        <testcase name="testIsDigit" file="/home/neo/projects/personal/php-datatypes/Tests/CharTest.php" line="67" class="Nejcc\PhpDatatypes\Tests\CharTest" classname="Nejcc.PhpDatatypes.Tests.CharTest" assertions="2" time="0.000058"/>
        <testcase name="testIsUpperCase" file="/home/neo/projects/personal/php-datatypes/Tests/CharTest.php" line="79" class="Nejcc\PhpDatatypes\Tests\CharTest" classname="Nejcc.PhpDatatypes.Tests.CharTest" assertions="2" time="0.000065"/>
        <testcase name="testIsLowerCase" file="/home/neo/projects/personal/php-datatypes/Tests/CharTest.php" line="91" class="Nejcc\PhpDatatypes\Tests\CharTest" classname="Nejcc.PhpDatatypes.Tests.CharTest" assertions="2" time="0.000058"/>
        <testcase name="testEquals" file="/home/neo/projects/personal/php-datatypes/Tests/CharTest.php" line="103" class="Nejcc\PhpDatatypes\Tests\CharTest" classname="Nejcc.PhpDatatypes.Tests.CharTest" assertions="2" time="0.000056"/>
        <testcase name="testToAscii" file="/home/neo/projects/personal/php-datatypes/Tests/CharTest.php" line="116" class="Nejcc\PhpDatatypes\Tests\CharTest" classname="Nejcc.PhpDatatypes.Tests.CharTest" assertions="1" time="0.000056"/>
        <testcase name="testFromAscii" file="/home/neo/projects/personal/php-datatypes/Tests/CharTest.php" line="125" class="Nejcc\PhpDatatypes\Tests\CharTest" classname="Nejcc.PhpDatatypes.Tests.CharTest" assertions="1" time="0.000058"/>
        <testcase name="testFromAsciiThrowsExceptionOnInvalidValue" file="/home/neo/projects/personal/php-datatypes/Tests/CharTest.php" line="134" class="Nejcc\PhpDatatypes\Tests\CharTest" classname="Nejcc.PhpDatatypes.Tests.CharTest" assertions="1" time="0.000075"/>
        <testcase name="testToString" file="/home/neo/projects/personal/php-datatypes/Tests/CharTest.php" line="143" class="Nejcc\PhpDatatypes\Tests\CharTest" classname="Nejcc.PhpDatatypes.Tests.CharTest" assertions="1" time="0.000056"/>
      </testsuite>
      <testsuite name="Nejcc\PhpDatatypes\Tests\DictionaryTest" file="/home/neo/projects/personal/php-datatypes/Tests/DictionaryTest.php" tests="10" assertions="21" errors="0" failures="0" skipped="0" time="0.000828">
        <testcase name="testCanInitializeWithElements" file="/home/neo/projects/personal/php-datatypes/Tests/DictionaryTest.php" line="14" class="Nejcc\PhpDatatypes\Tests\DictionaryTest" classname="Nejcc.PhpDatatypes.Tests.DictionaryTest" assertions="2" time="0.000181"/>
        <testcase name="testAddAndGetElements" file="/home/neo/projects/personal/php-datatypes/Tests/DictionaryTest.php" line="25" class="Nejcc\PhpDatatypes\Tests\DictionaryTest" classname="Nejcc.PhpDatatypes.Tests.DictionaryTest" assertions="2" time="0.000072"/>
        <testcase name="testContainsKey" file="/home/neo/projects/personal/php-datatypes/Tests/DictionaryTest.php" line="35" class="Nejcc\PhpDatatypes\Tests\DictionaryTest" classname="Nejcc.PhpDatatypes.Tests.DictionaryTest" assertions="2" time="0.000064"/>
        <testcase name="testRemoveElement" file="/home/neo/projects/personal/php-datatypes/Tests/DictionaryTest.php" line="45" class="Nejcc\PhpDatatypes\Tests\DictionaryTest" classname="Nejcc.PhpDatatypes.Tests.DictionaryTest" assertions="3" time="0.000083"/>
        <testcase name="testGetKeysAndValues" file="/home/neo/projects/personal/php-datatypes/Tests/DictionaryTest.php" line="60" class="Nejcc\PhpDatatypes\Tests\DictionaryTest" classname="Nejcc.PhpDatatypes.Tests.DictionaryTest" assertions="2" time="0.000066"/>
        <testcase name="testDictionarySize" file="/home/neo/projects/personal/php-datatypes/Tests/DictionaryTest.php" line="72" class="Nejcc\PhpDatatypes\Tests\DictionaryTest" classname="Nejcc.PhpDatatypes.Tests.DictionaryTest" assertions="2" time="0.000063"/>
        <testcase name="testClearDictionary" file="/home/neo/projects/personal/php-datatypes/Tests/DictionaryTest.php" line="85" class="Nejcc\PhpDatatypes\Tests\DictionaryTest" classname="Nejcc.PhpDatatypes.Tests.DictionaryTest" assertions="2" time="0.000062"/>
        <testcase name="testInvalidKeyThrowsException" file="/home/neo/projects/personal/php-datatypes/Tests/DictionaryTest.php" line="98" class="Nejcc\PhpDatatypes\Tests\DictionaryTest" classname="Nejcc.PhpDatatypes.Tests.DictionaryTest" assertions="2" time="0.000088"/>
        <testcase name="testGetNonExistentKeyThrowsException" file="/home/neo/projects/personal/php-datatypes/Tests/DictionaryTest.php" line="107" class="Nejcc\PhpDatatypes\Tests\DictionaryTest" classname="Nejcc.PhpDatatypes.Tests.DictionaryTest" assertions="2" time="0.000077"/>
        <testcase name="testRemoveNonExistentKeyThrowsException" file="/home/neo/projects/personal/php-datatypes/Tests/DictionaryTest.php" line="116" class="Nejcc\PhpDatatypes\Tests\DictionaryTest" classname="Nejcc.PhpDatatypes.Tests.DictionaryTest" assertions="2" time="0.000072"/>
      </testsuite>
      <testsuite name="Nejcc\PhpDatatypes\Tests\FloatArrayTest" file="/home/neo/projects/personal/php-datatypes/Tests/FloatArrayTest.php" tests="13" assertions="19" errors="0" failures="0" skipped="0" time="0.001128">
        <testcase name="testCreateValidFloatArray" file="/home/neo/projects/personal/php-datatypes/Tests/FloatArrayTest.php" line="18" class="Nejcc\PhpDatatypes\Tests\FloatArrayTest" classname="Nejcc.PhpDatatypes.Tests.FloatArrayTest" assertions="1" time="0.000222"/>
        <testcase name="testCreateInvalidFloatArray" file="/home/neo/projects/personal/php-datatypes/Tests/FloatArrayTest.php" line="27" class="Nejcc\PhpDatatypes\Tests\FloatArrayTest" classname="Nejcc.PhpDatatypes.Tests.FloatArrayTest" assertions="2" time="0.000137"/>
        <testcase name="testAddFloats" file="/home/neo/projects/personal/php-datatypes/Tests/FloatArrayTest.php" line="40" class="Nejcc\PhpDatatypes\Tests\FloatArrayTest" classname="Nejcc.PhpDatatypes.Tests.FloatArrayTest" assertions="1" time="0.000071"/>
        <testcase name="testRemoveFloats" file="/home/neo/projects/personal/php-datatypes/Tests/FloatArrayTest.php" line="53" class="Nejcc\PhpDatatypes\Tests\FloatArrayTest" classname="Nejcc.PhpDatatypes.Tests.FloatArrayTest" assertions="1" time="0.000066"/>
        <testcase name="testSumOfFloats" file="/home/neo/projects/personal/php-datatypes/Tests/FloatArrayTest.php" line="66" class="Nejcc\PhpDatatypes\Tests\FloatArrayTest" classname="Nejcc.PhpDatatypes.Tests.FloatArrayTest" assertions="1" time="0.000077"/>
        <testcase name="testAverageOfFloats" file="/home/neo/projects/personal/php-datatypes/Tests/FloatArrayTest.php" line="77" class="Nejcc\PhpDatatypes\Tests\FloatArrayTest" classname="Nejcc.PhpDatatypes.Tests.FloatArrayTest" assertions="1" time="0.000062"/>
        <testcase name="testAverageOfEmptyFloatArray" file="/home/neo/projects/personal/php-datatypes/Tests/FloatArrayTest.php" line="86" class="Nejcc\PhpDatatypes\Tests\FloatArrayTest" classname="Nejcc.PhpDatatypes.Tests.FloatArrayTest" assertions="2" time="0.000074"/>
        <testcase name="testGetFloatCount" file="/home/neo/projects/personal/php-datatypes/Tests/FloatArrayTest.php" line="100" class="Nejcc\PhpDatatypes\Tests\FloatArrayTest" classname="Nejcc.PhpDatatypes.Tests.FloatArrayTest" assertions="1" time="0.000067"/>
        <testcase name="testArrayAccessGet" file="/home/neo/projects/personal/php-datatypes/Tests/FloatArrayTest.php" line="111" class="Nejcc\PhpDatatypes\Tests\FloatArrayTest" classname="Nejcc.PhpDatatypes.Tests.FloatArrayTest" assertions="2" time="0.000065"/>
        <testcase name="testArrayAccessSetThrowsException" file="/home/neo/projects/personal/php-datatypes/Tests/FloatArrayTest.php" line="121" class="Nejcc\PhpDatatypes\Tests\FloatArrayTest" classname="Nejcc.PhpDatatypes.Tests.FloatArrayTest" assertions="2" time="0.000075"/>
        <testcase name="testArrayAccessUnsetThrowsException" file="/home/neo/projects/personal/php-datatypes/Tests/FloatArrayTest.php" line="133" class="Nejcc\PhpDatatypes\Tests\FloatArrayTest" classname="Nejcc.PhpDatatypes.Tests.FloatArrayTest" assertions="2" time="0.000078"/>
        <testcase name="testIterationOverFloatArray" file="/home/neo/projects/personal/php-datatypes/Tests/FloatArrayTest.php" line="147" class="Nejcc\PhpDatatypes\Tests\FloatArrayTest" classname="Nejcc.PhpDatatypes.Tests.FloatArrayTest" assertions="1" time="0.000070"/>
        <testcase name="testEmptyFloatArray" file="/home/neo/projects/personal/php-datatypes/Tests/FloatArrayTest.php" line="164" class="Nejcc\PhpDatatypes\Tests\FloatArrayTest" classname="Nejcc.PhpDatatypes.Tests.FloatArrayTest" assertions="2" time="0.000065"/>
      </testsuite>
      <testsuite name="Nejcc\PhpDatatypes\Tests\Floats\Float32Test" file="/home/neo/projects/personal/php-datatypes/Tests/Floats/Float32Test.php" tests="2" assertions="2" errors="0" failures="0" skipped="0" time="0.000331">
        <testcase name="testSetAndGetValue" file="/home/neo/projects/personal/php-datatypes/Tests/Floats/Float32Test.php" line="12" class="Nejcc\PhpDatatypes\Tests\Floats\Float32Test" classname="Nejcc.PhpDatatypes.Tests.Floats.Float32Test" assertions="1" time="0.000244"/>
        <testcase name="testOutOfRangeException" file="/home/neo/projects/personal/php-datatypes/Tests/Floats/Float32Test.php" line="18" class="Nejcc\PhpDatatypes\Tests\Floats\Float32Test" classname="Nejcc.PhpDatatypes.Tests.Floats.Float32Test" assertions="1" time="0.000087"/>
      </testsuite>
      <testsuite name="Nejcc\PhpDatatypes\Tests\Float64Test" file="/home/neo/projects/personal/php-datatypes/Tests/Floats/Float64Test.php" tests="2" assertions="2" errors="0" failures="0" skipped="0" time="0.000183">
        <testcase name="testSetAndGetValue" file="/home/neo/projects/personal/php-datatypes/Tests/Floats/Float64Test.php" line="12" class="Nejcc\PhpDatatypes\Tests\Float64Test" classname="Nejcc.PhpDatatypes.Tests.Float64Test" assertions="1" time="0.000112"/>
        <testcase name="testOutOfRangeException" file="/home/neo/projects/personal/php-datatypes/Tests/Floats/Float64Test.php" line="18" class="Nejcc\PhpDatatypes\Tests\Float64Test" classname="Nejcc.PhpDatatypes.Tests.Float64Test" assertions="1" time="0.000071"/>
      </testsuite>
      <testsuite name="Nejcc\PhpDatatypes\Tests\HttpStatusCodeTest" file="/home/neo/projects/personal/php-datatypes/Tests/HttpStatusCodeTest.php" tests="10" assertions="21" errors="0" failures="0" skipped="0" time="0.001125">
        <testcase name="testIsInformational" file="/home/neo/projects/personal/php-datatypes/Tests/HttpStatusCodeTest.php" line="12" class="Nejcc\PhpDatatypes\Tests\HttpStatusCodeTest" classname="Nejcc.PhpDatatypes.Tests.HttpStatusCodeTest" assertions="2" time="0.000231"/>
        <testcase name="testIsSuccess" file="/home/neo/projects/personal/php-datatypes/Tests/HttpStatusCodeTest.php" line="18" class="Nejcc\PhpDatatypes\Tests\HttpStatusCodeTest" classname="Nejcc.PhpDatatypes.Tests.HttpStatusCodeTest" assertions="2" time="0.000065"/>
        <testcase name="testIsRedirection" file="/home/neo/projects/personal/php-datatypes/Tests/HttpStatusCodeTest.php" line="24" class="Nejcc\PhpDatatypes\Tests\HttpStatusCodeTest" classname="Nejcc.PhpDatatypes.Tests.HttpStatusCodeTest" assertions="2" time="0.000063"/>
        <testcase name="testIsClientError" file="/home/neo/projects/personal/php-datatypes/Tests/HttpStatusCodeTest.php" line="30" class="Nejcc\PhpDatatypes\Tests\HttpStatusCodeTest" classname="Nejcc.PhpDatatypes.Tests.HttpStatusCodeTest" assertions="2" time="0.000070"/>
        <testcase name="testIsServerError" file="/home/neo/projects/personal/php-datatypes/Tests/HttpStatusCodeTest.php" line="36" class="Nejcc\PhpDatatypes\Tests\HttpStatusCodeTest" classname="Nejcc.PhpDatatypes.Tests.HttpStatusCodeTest" assertions="2" time="0.000061"/>
        <testcase name="testGetMessage" file="/home/neo/projects/personal/php-datatypes/Tests/HttpStatusCodeTest.php" line="42" class="Nejcc\PhpDatatypes\Tests\HttpStatusCodeTest" classname="Nejcc.PhpDatatypes.Tests.HttpStatusCodeTest" assertions="3" time="0.000066"/>
        <testcase name="testGetSuggestion" file="/home/neo/projects/personal/php-datatypes/Tests/HttpStatusCodeTest.php" line="49" class="Nejcc\PhpDatatypes\Tests\HttpStatusCodeTest" classname="Nejcc.PhpDatatypes.Tests.HttpStatusCodeTest" assertions="3" time="0.000061"/>
        <testcase name="testBuildResponse" file="/home/neo/projects/personal/php-datatypes/Tests/HttpStatusCodeTest.php" line="65" class="Nejcc\PhpDatatypes\Tests\HttpStatusCodeTest" classname="Nejcc.PhpDatatypes.Tests.HttpStatusCodeTest" assertions="1" time="0.000062"/>
        <testcase name="testGetSuccessCodes" file="/home/neo/projects/personal/php-datatypes/Tests/HttpStatusCodeTest.php" line="82" class="Nejcc\PhpDatatypes\Tests\HttpStatusCodeTest" classname="Nejcc.PhpDatatypes.Tests.HttpStatusCodeTest" assertions="2" time="0.000369"/>
        <testcase name="testGetClientErrorCodes" file="/home/neo/projects/personal/php-datatypes/Tests/HttpStatusCodeTest.php" line="89" class="Nejcc\PhpDatatypes\Tests\HttpStatusCodeTest" classname="Nejcc.PhpDatatypes.Tests.HttpStatusCodeTest" assertions="2" time="0.000077"/>
      </testsuite>
      <testsuite name="IntArrayTest" file="/home/neo/projects/personal/php-datatypes/Tests/IntArrayTest.php" tests="10" assertions="11" errors="0" failures="0" skipped="0" time="0.000725">
        <testcase name="testConstructionAndGet" file="/home/neo/projects/personal/php-datatypes/Tests/IntArrayTest.php" line="10" class="IntArrayTest" classname="IntArrayTest" assertions="2" time="0.000140"/>
        <testcase name="testSetAndGet" file="/home/neo/projects/personal/php-datatypes/Tests/IntArrayTest.php" line="17" class="IntArrayTest" classname="IntArrayTest" assertions="1" time="0.000064"/>
        <testcase name="testCount" file="/home/neo/projects/personal/php-datatypes/Tests/IntArrayTest.php" line="24" class="IntArrayTest" classname="IntArrayTest" assertions="1" time="0.000061"/>
        <testcase name="testIteration" file="/home/neo/projects/personal/php-datatypes/Tests/IntArrayTest.php" line="30" class="IntArrayTest" classname="IntArrayTest" assertions="1" time="0.000069"/>
        <testcase name="testToArray" file="/home/neo/projects/personal/php-datatypes/Tests/IntArrayTest.php" line="40" class="IntArrayTest" classname="IntArrayTest" assertions="1" time="0.000060"/>
        <testcase name="testInvalidIndexGet" file="/home/neo/projects/personal/php-datatypes/Tests/IntArrayTest.php" line="46" class="IntArrayTest" classname="IntArrayTest" assertions="1" time="0.000068"/>
        <testcase name="testInvalidIndexSet" file="/home/neo/projects/personal/php-datatypes/Tests/IntArrayTest.php" line="53" class="IntArrayTest" classname="IntArrayTest" assertions="1" time="0.000065"/>
        <testcase name="testInvalidValueType" file="/home/neo/projects/personal/php-datatypes/Tests/IntArrayTest.php" line="60" class="IntArrayTest" classname="IntArrayTest" assertions="1" time="0.000074"/>
        <testcase name="testAppend" file="/home/neo/projects/personal/php-datatypes/Tests/IntArrayTest.php" line="67" class="IntArrayTest" classname="IntArrayTest" assertions="1" time="0.000057"/>
        <testcase name="testAppendInvalidType" file="/home/neo/projects/personal/php-datatypes/Tests/IntArrayTest.php" line="74" class="IntArrayTest" classname="IntArrayTest" assertions="1" time="0.000068"/>
      </testsuite>
      <testsuite name="Nejcc\PhpDatatypes\Tests\Integers\Signed\Int16Test" file="/home/neo/projects/personal/php-datatypes/Tests/Integers/Signed/Int16Test.php" tests="15" assertions="17" errors="0" failures="0" skipped="0" time="0.001290">
        <testcase name="testValidInitialization" file="/home/neo/projects/personal/php-datatypes/Tests/Integers/Signed/Int16Test.php" line="12" class="Nejcc\PhpDatatypes\Tests\Integers\Signed\Int16Test" classname="Nejcc.PhpDatatypes.Tests.Integers.Signed.Int16Test" assertions="1" time="0.000351"/>
        <testcase name="testInvalidInitialization" file="/home/neo/projects/personal/php-datatypes/Tests/Integers/Signed/Int16Test.php" line="18" class="Nejcc\PhpDatatypes\Tests\Integers\Signed\Int16Test" classname="Nejcc.PhpDatatypes.Tests.Integers.Signed.Int16Test" assertions="1" time="0.000077"/>
        <testcase name="testAdditionWithinBounds" file="/home/neo/projects/personal/php-datatypes/Tests/Integers/Signed/Int16Test.php" line="24" class="Nejcc\PhpDatatypes\Tests\Integers\Signed\Int16Test" classname="Nejcc.PhpDatatypes.Tests.Integers.Signed.Int16Test" assertions="1" time="0.000068"/>
        <testcase name="testAdditionOverflow" file="/home/neo/projects/personal/php-datatypes/Tests/Integers/Signed/Int16Test.php" line="32" class="Nejcc\PhpDatatypes\Tests\Integers\Signed\Int16Test" classname="Nejcc.PhpDatatypes.Tests.Integers.Signed.Int16Test" assertions="1" time="0.000080"/>
        <testcase name="testSubtractionWithinBounds" file="/home/neo/projects/personal/php-datatypes/Tests/Integers/Signed/Int16Test.php" line="40" class="Nejcc\PhpDatatypes\Tests\Integers\Signed\Int16Test" classname="Nejcc.PhpDatatypes.Tests.Integers.Signed.Int16Test" assertions="1" time="0.000073"/>
        <testcase name="testSubtractionUnderflow" file="/home/neo/projects/personal/php-datatypes/Tests/Integers/Signed/Int16Test.php" line="48" class="Nejcc\PhpDatatypes\Tests\Integers\Signed\Int16Test" classname="Nejcc.PhpDatatypes.Tests.Integers.Signed.Int16Test" assertions="1" time="0.000067"/>
        <testcase name="testMultiplicationWithinBounds" file="/home/neo/projects/personal/php-datatypes/Tests/Integers/Signed/Int16Test.php" line="56" class="Nejcc\PhpDatatypes\Tests\Integers\Signed\Int16Test" classname="Nejcc.PhpDatatypes.Tests.Integers.Signed.Int16Test" assertions="1" time="0.000065"/>
        <testcase name="testMultiplicationOverflow" file="/home/neo/projects/personal/php-datatypes/Tests/Integers/Signed/Int16Test.php" line="64" class="Nejcc\PhpDatatypes\Tests\Integers\Signed\Int16Test" classname="Nejcc.PhpDatatypes.Tests.Integers.Signed.Int16Test" assertions="1" time="0.000067"/>
        <testcase name="testDivisionWithinBounds" file="/home/neo/projects/personal/php-datatypes/Tests/Integers/Signed/Int16Test.php" line="72" class="Nejcc\PhpDatatypes\Tests\Integers\Signed\Int16Test" classname="Nejcc.PhpDatatypes.Tests.Integers.Signed.Int16Test" assertions="1" time="0.000066"/>
        <testcase name="testDivisionByZero" file="/home/neo/projects/personal/php-datatypes/Tests/Integers/Signed/Int16Test.php" line="80" class="Nejcc\PhpDatatypes\Tests\Integers\Signed\Int16Test" classname="Nejcc.PhpDatatypes.Tests.Integers.Signed.Int16Test" assertions="1" time="0.000065"/>
        <testcase name="testDivisionResultNotInteger" file="/home/neo/projects/personal/php-datatypes/Tests/Integers/Signed/Int16Test.php" line="88" class="Nejcc\PhpDatatypes\Tests\Integers\Signed\Int16Test" classname="Nejcc.PhpDatatypes.Tests.Integers.Signed.Int16Test" assertions="1" time="0.000067"/>
        <testcase name="testModulusWithinBounds" file="/home/neo/projects/personal/php-datatypes/Tests/Integers/Signed/Int16Test.php" line="96" class="Nejcc\PhpDatatypes\Tests\Integers\Signed\Int16Test" classname="Nejcc.PhpDatatypes.Tests.Integers.Signed.Int16Test" assertions="1" time="0.000065"/>
        <testcase name="testEquality" file="/home/neo/projects/personal/php-datatypes/Tests/Integers/Signed/Int16Test.php" line="104" class="Nejcc\PhpDatatypes\Tests\Integers\Signed\Int16Test" classname="Nejcc.PhpDatatypes.Tests.Integers.Signed.Int16Test" assertions="1" time="0.000058"/>
        <testcase name="testInequality" file="/home/neo/projects/personal/php-datatypes/Tests/Integers/Signed/Int16Test.php" line="111" class="Nejcc\PhpDatatypes\Tests\Integers\Signed\Int16Test" classname="Nejcc.PhpDatatypes.Tests.Integers.Signed.Int16Test" assertions="1" time="0.000057"/>
        <testcase name="testComparison" file="/home/neo/projects/personal/php-datatypes/Tests/Integers/Signed/Int16Test.php" line="118" class="Nejcc\PhpDatatypes\Tests\Integers\Signed\Int16Test" classname="Nejcc.PhpDatatypes.Tests.Integers.Signed.Int16Test" assertions="3" time="0.000064"/>
      </testsuite>
      <testsuite name="Nejcc\PhpDatatypes\Tests\Integers\Signed\Int32Test" file="/home/neo/projects/personal/php-datatypes/Tests/Integers/Signed/Int32Test.php" tests="15" assertions="17" errors="0" failures="0" skipped="0" time="0.001034">
        <testcase name="testValidInitialization" file="/home/neo/projects/personal/php-datatypes/Tests/Integers/Signed/Int32Test.php" line="12" class="Nejcc\PhpDatatypes\Tests\Integers\Signed\Int32Test" classname="Nejcc.PhpDatatypes.Tests.Integers.Signed.Int32Test" assertions="1" time="0.000116"/>
        <testcase name="testInvalidInitialization" file="/home/neo/projects/personal/php-datatypes/Tests/Integers/Signed/Int32Test.php" line="18" class="Nejcc\PhpDatatypes\Tests\Integers\Signed\Int32Test" classname="Nejcc.PhpDatatypes.Tests.Integers.Signed.Int32Test" assertions="1" time="0.000072"/>
        <testcase name="testAdditionWithinBounds" file="/home/neo/projects/personal/php-datatypes/Tests/Integers/Signed/Int32Test.php" line="24" class="Nejcc\PhpDatatypes\Tests\Integers\Signed\Int32Test" classname="Nejcc.PhpDatatypes.Tests.Integers.Signed.Int32Test" assertions="1" time="0.000064"/>
        <testcase name="testAdditionOverflow" file="/home/neo/projects/personal/php-datatypes/Tests/Integers/Signed/Int32Test.php" line="32" class="Nejcc\PhpDatatypes\Tests\Integers\Signed\Int32Test" classname="Nejcc.PhpDatatypes.Tests.Integers.Signed.Int32Test" assertions="1" time="0.000072"/>
        <testcase name="testSubtractionWithinBounds" file="/home/neo/projects/personal/php-datatypes/Tests/Integers/Signed/Int32Test.php" line="40" class="Nejcc\PhpDatatypes\Tests\Integers\Signed\Int32Test" classname="Nejcc.PhpDatatypes.Tests.Integers.Signed.Int32Test" assertions="1" time="0.000064"/>
        <testcase name="testSubtractionUnderflow" file="/home/neo/projects/personal/php-datatypes/Tests/Integers/Signed/Int32Test.php" line="48" class="Nejcc\PhpDatatypes\Tests\Integers\Signed\Int32Test" classname="Nejcc.PhpDatatypes.Tests.Integers.Signed.Int32Test" assertions="1" time="0.000066"/>
        <testcase name="testMultiplicationWithinBounds" file="/home/neo/projects/personal/php-datatypes/Tests/Integers/Signed/Int32Test.php" line="56" class="Nejcc\PhpDatatypes\Tests\Integers\Signed\Int32Test" classname="Nejcc.PhpDatatypes.Tests.Integers.Signed.Int32Test" assertions="1" time="0.000064"/>
        <testcase name="testMultiplicationOverflow" file="/home/neo/projects/personal/php-datatypes/Tests/Integers/Signed/Int32Test.php" line="64" class="Nejcc\PhpDatatypes\Tests\Integers\Signed\Int32Test" classname="Nejcc.PhpDatatypes.Tests.Integers.Signed.Int32Test" assertions="1" time="0.000073"/>
        <testcase name="testDivisionWithinBounds" file="/home/neo/projects/personal/php-datatypes/Tests/Integers/Signed/Int32Test.php" line="72" class="Nejcc\PhpDatatypes\Tests\Integers\Signed\Int32Test" classname="Nejcc.PhpDatatypes.Tests.Integers.Signed.Int32Test" assertions="1" time="0.000068"/>
        <testcase name="testDivisionByZero" file="/home/neo/projects/personal/php-datatypes/Tests/Integers/Signed/Int32Test.php" line="80" class="Nejcc\PhpDatatypes\Tests\Integers\Signed\Int32Test" classname="Nejcc.PhpDatatypes.Tests.Integers.Signed.Int32Test" assertions="1" time="0.000064"/>
        <testcase name="testDivisionResultNotInteger" file="/home/neo/projects/personal/php-datatypes/Tests/Integers/Signed/Int32Test.php" line="88" class="Nejcc\PhpDatatypes\Tests\Integers\Signed\Int32Test" classname="Nejcc.PhpDatatypes.Tests.Integers.Signed.Int32Test" assertions="1" time="0.000067"/>
        <testcase name="testModulusWithinBounds" file="/home/neo/projects/personal/php-datatypes/Tests/Integers/Signed/Int32Test.php" line="96" class="Nejcc\PhpDatatypes\Tests\Integers\Signed\Int32Test" classname="Nejcc.PhpDatatypes.Tests.Integers.Signed.Int32Test" assertions="1" time="0.000073"/>
        <testcase name="testEquality" file="/home/neo/projects/personal/php-datatypes/Tests/Integers/Signed/Int32Test.php" line="104" class="Nejcc\PhpDatatypes\Tests\Integers\Signed\Int32Test" classname="Nejcc.PhpDatatypes.Tests.Integers.Signed.Int32Test" assertions="1" time="0.000057"/>
        <testcase name="testInequality" file="/home/neo/projects/personal/php-datatypes/Tests/Integers/Signed/Int32Test.php" line="111" class="Nejcc\PhpDatatypes\Tests\Integers\Signed\Int32Test" classname="Nejcc.PhpDatatypes.Tests.Integers.Signed.Int32Test" assertions="1" time="0.000057"/>
        <testcase name="testComparison" file="/home/neo/projects/personal/php-datatypes/Tests/Integers/Signed/Int32Test.php" line="118" class="Nejcc\PhpDatatypes\Tests\Integers\Signed\Int32Test" classname="Nejcc.PhpDatatypes.Tests.Integers.Signed.Int32Test" assertions="3" time="0.000058"/>
      </testsuite>
      <testsuite name="Nejcc\PhpDatatypes\Tests\Integers\Signed\Int8Test" file="/home/neo/projects/personal/php-datatypes/Tests/Integers/Signed/Int8Test.php" tests="15" assertions="17" errors="0" failures="0" skipped="0" time="0.001057">
        <testcase name="testValidInitialization" file="/home/neo/projects/personal/php-datatypes/Tests/Integers/Signed/Int8Test.php" line="12" class="Nejcc\PhpDatatypes\Tests\Integers\Signed\Int8Test" classname="Nejcc.PhpDatatypes.Tests.Integers.Signed.Int8Test" assertions="1" time="0.000120"/>
        <testcase name="testInvalidInitialization" file="/home/neo/projects/personal/php-datatypes/Tests/Integers/Signed/Int8Test.php" line="18" class="Nejcc\PhpDatatypes\Tests\Integers\Signed\Int8Test" classname="Nejcc.PhpDatatypes.Tests.Integers.Signed.Int8Test" assertions="1" time="0.000072"/>
        <testcase name="testAdditionWithinBounds" file="/home/neo/projects/personal/php-datatypes/Tests/Integers/Signed/Int8Test.php" line="24" class="Nejcc\PhpDatatypes\Tests\Integers\Signed\Int8Test" classname="Nejcc.PhpDatatypes.Tests.Integers.Signed.Int8Test" assertions="1" time="0.000074"/>
        <testcase name="testAdditionOverflow" file="/home/neo/projects/personal/php-datatypes/Tests/Integers/Signed/Int8Test.php" line="32" class="Nejcc\PhpDatatypes\Tests\Integers\Signed\Int8Test" classname="Nejcc.PhpDatatypes.Tests.Integers.Signed.Int8Test" assertions="1" time="0.000067"/>
        <testcase name="testSubtractionWithinBounds" file="/home/neo/projects/personal/php-datatypes/Tests/Integers/Signed/Int8Test.php" line="40" class="Nejcc\PhpDatatypes\Tests\Integers\Signed\Int8Test" classname="Nejcc.PhpDatatypes.Tests.Integers.Signed.Int8Test" assertions="1" time="0.000064"/>
        <testcase name="testSubtractionUnderflow" file="/home/neo/projects/personal/php-datatypes/Tests/Integers/Signed/Int8Test.php" line="48" class="Nejcc\PhpDatatypes\Tests\Integers\Signed\Int8Test" classname="Nejcc.PhpDatatypes.Tests.Integers.Signed.Int8Test" assertions="1" time="0.000066"/>
        <testcase name="testMultiplicationWithinBounds" file="/home/neo/projects/personal/php-datatypes/Tests/Integers/Signed/Int8Test.php" line="56" class="Nejcc\PhpDatatypes\Tests\Integers\Signed\Int8Test" classname="Nejcc.PhpDatatypes.Tests.Integers.Signed.Int8Test" assertions="1" time="0.000071"/>
        <testcase name="testMultiplicationOverflow" file="/home/neo/projects/personal/php-datatypes/Tests/Integers/Signed/Int8Test.php" line="64" class="Nejcc\PhpDatatypes\Tests\Integers\Signed\Int8Test" classname="Nejcc.PhpDatatypes.Tests.Integers.Signed.Int8Test" assertions="1" time="0.000071"/>
        <testcase name="testDivisionWithinBounds" file="/home/neo/projects/personal/php-datatypes/Tests/Integers/Signed/Int8Test.php" line="72" class="Nejcc\PhpDatatypes\Tests\Integers\Signed\Int8Test" classname="Nejcc.PhpDatatypes.Tests.Integers.Signed.Int8Test" assertions="1" time="0.000062"/>
        <testcase name="testDivisionByZero" file="/home/neo/projects/personal/php-datatypes/Tests/Integers/Signed/Int8Test.php" line="80" class="Nejcc\PhpDatatypes\Tests\Integers\Signed\Int8Test" classname="Nejcc.PhpDatatypes.Tests.Integers.Signed.Int8Test" assertions="1" time="0.000064"/>
        <testcase name="testDivisionResultNotInteger" file="/home/neo/projects/personal/php-datatypes/Tests/Integers/Signed/Int8Test.php" line="88" class="Nejcc\PhpDatatypes\Tests\Integers\Signed\Int8Test" classname="Nejcc.PhpDatatypes.Tests.Integers.Signed.Int8Test" assertions="1" time="0.000074"/>
        <testcase name="testModulusWithinBounds" file="/home/neo/projects/personal/php-datatypes/Tests/Integers/Signed/Int8Test.php" line="96" class="Nejcc\PhpDatatypes\Tests\Integers\Signed\Int8Test" classname="Nejcc.PhpDatatypes.Tests.Integers.Signed.Int8Test" assertions="1" time="0.000069"/>
        <testcase name="testEquality" file="/home/neo/projects/personal/php-datatypes/Tests/Integers/Signed/Int8Test.php" line="104" class="Nejcc\PhpDatatypes\Tests\Integers\Signed\Int8Test" classname="Nejcc.PhpDatatypes.Tests.Integers.Signed.Int8Test" assertions="1" time="0.000057"/>
        <testcase name="testInequality" file="/home/neo/projects/personal/php-datatypes/Tests/Integers/Signed/Int8Test.php" line="111" class="Nejcc\PhpDatatypes\Tests\Integers\Signed\Int8Test" classname="Nejcc.PhpDatatypes.Tests.Integers.Signed.Int8Test" assertions="1" time="0.000061"/>
        <testcase name="testComparison" file="/home/neo/projects/personal/php-datatypes/Tests/Integers/Signed/Int8Test.php" line="118" class="Nejcc\PhpDatatypes\Tests\Integers\Signed\Int8Test" classname="Nejcc.PhpDatatypes.Tests.Integers.Signed.Int8Test" assertions="3" time="0.000064"/>
      </testsuite>
      <testsuite name="Nejcc\PhpDatatypes\Tests\Integers\Unsigned\UInt16Test" file="/home/neo/projects/personal/php-datatypes/Tests/Integers/Unsigned/UInt16Test.php" tests="14" assertions="16" errors="0" failures="0" skipped="0" time="0.000965">
        <testcase name="testValidInitialization" file="/home/neo/projects/personal/php-datatypes/Tests/Integers/Unsigned/UInt16Test.php" line="12" class="Nejcc\PhpDatatypes\Tests\Integers\Unsigned\UInt16Test" classname="Nejcc.PhpDatatypes.Tests.Integers.Unsigned.UInt16Test" assertions="1" time="0.000115"/>
        <testcase name="testInvalidInitialization" file="/home/neo/projects/personal/php-datatypes/Tests/Integers/Unsigned/UInt16Test.php" line="18" class="Nejcc\PhpDatatypes\Tests\Integers\Unsigned\UInt16Test" classname="Nejcc.PhpDatatypes.Tests.Integers.Unsigned.UInt16Test" assertions="1" time="0.000071"/>
        <testcase name="testAdditionWithinBounds" file="/home/neo/projects/personal/php-datatypes/Tests/Integers/Unsigned/UInt16Test.php" line="24" class="Nejcc\PhpDatatypes\Tests\Integers\Unsigned\UInt16Test" classname="Nejcc.PhpDatatypes.Tests.Integers.Unsigned.UInt16Test" assertions="1" time="0.000072"/>
        <testcase name="testAdditionOverflow" file="/home/neo/projects/personal/php-datatypes/Tests/Integers/Unsigned/UInt16Test.php" line="32" class="Nejcc\PhpDatatypes\Tests\Integers\Unsigned\UInt16Test" classname="Nejcc.PhpDatatypes.Tests.Integers.Unsigned.UInt16Test" assertions="1" time="0.000066"/>
        <testcase name="testSubtractionWithinBounds" file="/home/neo/projects/personal/php-datatypes/Tests/Integers/Unsigned/UInt16Test.php" line="40" class="Nejcc\PhpDatatypes\Tests\Integers\Unsigned\UInt16Test" classname="Nejcc.PhpDatatypes.Tests.Integers.Unsigned.UInt16Test" assertions="1" time="0.000066"/>
        <testcase name="testSubtractionUnderflow" file="/home/neo/projects/personal/php-datatypes/Tests/Integers/Unsigned/UInt16Test.php" line="48" class="Nejcc\PhpDatatypes\Tests\Integers\Unsigned\UInt16Test" classname="Nejcc.PhpDatatypes.Tests.Integers.Unsigned.UInt16Test" assertions="1" time="0.000066"/>
        <testcase name="testMultiplicationWithinBounds" file="/home/neo/projects/personal/php-datatypes/Tests/Integers/Unsigned/UInt16Test.php" line="56" class="Nejcc\PhpDatatypes\Tests\Integers\Unsigned\UInt16Test" classname="Nejcc.PhpDatatypes.Tests.Integers.Unsigned.UInt16Test" assertions="1" time="0.000073"/>
        <testcase name="testMultiplicationOverflow" file="/home/neo/projects/personal/php-datatypes/Tests/Integers/Unsigned/UInt16Test.php" line="64" class="Nejcc\PhpDatatypes\Tests\Integers\Unsigned\UInt16Test" classname="Nejcc.PhpDatatypes.Tests.Integers.Unsigned.UInt16Test" assertions="1" time="0.000072"/>
        <testcase name="testDivisionWithinBounds" file="/home/neo/projects/personal/php-datatypes/Tests/Integers/Unsigned/UInt16Test.php" line="72" class="Nejcc\PhpDatatypes\Tests\Integers\Unsigned\UInt16Test" classname="Nejcc.PhpDatatypes.Tests.Integers.Unsigned.UInt16Test" assertions="1" time="0.000062"/>
        <testcase name="testDivisionByZero" file="/home/neo/projects/personal/php-datatypes/Tests/Integers/Unsigned/UInt16Test.php" line="80" class="Nejcc\PhpDatatypes\Tests\Integers\Unsigned\UInt16Test" classname="Nejcc.PhpDatatypes.Tests.Integers.Unsigned.UInt16Test" assertions="1" time="0.000066"/>
        <testcase name="testModulusWithinBounds" file="/home/neo/projects/personal/php-datatypes/Tests/Integers/Unsigned/UInt16Test.php" line="88" class="Nejcc\PhpDatatypes\Tests\Integers\Unsigned\UInt16Test" classname="Nejcc.PhpDatatypes.Tests.Integers.Unsigned.UInt16Test" assertions="1" time="0.000062"/>
        <testcase name="testEquality" file="/home/neo/projects/personal/php-datatypes/Tests/Integers/Unsigned/UInt16Test.php" line="96" class="Nejcc\PhpDatatypes\Tests\Integers\Unsigned\UInt16Test" classname="Nejcc.PhpDatatypes.Tests.Integers.Unsigned.UInt16Test" assertions="1" time="0.000060"/>
        <testcase name="testInequality" file="/home/neo/projects/personal/php-datatypes/Tests/Integers/Unsigned/UInt16Test.php" line="103" class="Nejcc\PhpDatatypes\Tests\Integers\Unsigned\UInt16Test" classname="Nejcc.PhpDatatypes.Tests.Integers.Unsigned.UInt16Test" assertions="1" time="0.000057"/>
        <testcase name="testComparison" file="/home/neo/projects/personal/php-datatypes/Tests/Integers/Unsigned/UInt16Test.php" line="110" class="Nejcc\PhpDatatypes\Tests\Integers\Unsigned\UInt16Test" classname="Nejcc.PhpDatatypes.Tests.Integers.Unsigned.UInt16Test" assertions="3" time="0.000058"/>
      </testsuite>
      <testsuite name="Nejcc\PhpDatatypes\Tests\Integers\Unsigned\UInt32Test" file="/home/neo/projects/personal/php-datatypes/Tests/Integers/Unsigned/UInt32Test.php" tests="14" assertions="16" errors="0" failures="0" skipped="0" time="0.000966">
        <testcase name="testValidInitialization" file="/home/neo/projects/personal/php-datatypes/Tests/Integers/Unsigned/UInt32Test.php" line="12" class="Nejcc\PhpDatatypes\Tests\Integers\Unsigned\UInt32Test" classname="Nejcc.PhpDatatypes.Tests.Integers.Unsigned.UInt32Test" assertions="1" time="0.000107"/>
        <testcase name="testInvalidInitialization" file="/home/neo/projects/personal/php-datatypes/Tests/Integers/Unsigned/UInt32Test.php" line="18" class="Nejcc\PhpDatatypes\Tests\Integers\Unsigned\UInt32Test" classname="Nejcc.PhpDatatypes.Tests.Integers.Unsigned.UInt32Test" assertions="1" time="0.000071"/>
        <testcase name="testAdditionWithinBounds" file="/home/neo/projects/personal/php-datatypes/Tests/Integers/Unsigned/UInt32Test.php" line="24" class="Nejcc\PhpDatatypes\Tests\Integers\Unsigned\UInt32Test" classname="Nejcc.PhpDatatypes.Tests.Integers.Unsigned.UInt32Test" assertions="1" time="0.000072"/>
        <testcase name="testAdditionOverflow" file="/home/neo/projects/personal/php-datatypes/Tests/Integers/Unsigned/UInt32Test.php" line="32" class="Nejcc\PhpDatatypes\Tests\Integers\Unsigned\UInt32Test" classname="Nejcc.PhpDatatypes.Tests.Integers.Unsigned.UInt32Test" assertions="1" time="0.000071"/>
        <testcase name="testSubtractionWithinBounds" file="/home/neo/projects/personal/php-datatypes/Tests/Integers/Unsigned/UInt32Test.php" line="40" class="Nejcc\PhpDatatypes\Tests\Integers\Unsigned\UInt32Test" classname="Nejcc.PhpDatatypes.Tests.Integers.Unsigned.UInt32Test" assertions="1" time="0.000067"/>
        <testcase name="testSubtractionUnderflow" file="/home/neo/projects/personal/php-datatypes/Tests/Integers/Unsigned/UInt32Test.php" line="48" class="Nejcc\PhpDatatypes\Tests\Integers\Unsigned\UInt32Test" classname="Nejcc.PhpDatatypes.Tests.Integers.Unsigned.UInt32Test" assertions="1" time="0.000067"/>
        <testcase name="testMultiplicationWithinBounds" file="/home/neo/projects/personal/php-datatypes/Tests/Integers/Unsigned/UInt32Test.php" line="56" class="Nejcc\PhpDatatypes\Tests\Integers\Unsigned\UInt32Test" classname="Nejcc.PhpDatatypes.Tests.Integers.Unsigned.UInt32Test" assertions="1" time="0.000071"/>
        <testcase name="testMultiplicationOverflow" file="/home/neo/projects/personal/php-datatypes/Tests/Integers/Unsigned/UInt32Test.php" line="64" class="Nejcc\PhpDatatypes\Tests\Integers\Unsigned\UInt32Test" classname="Nejcc.PhpDatatypes.Tests.Integers.Unsigned.UInt32Test" assertions="1" time="0.000067"/>
        <testcase name="testDivisionWithinBounds" file="/home/neo/projects/personal/php-datatypes/Tests/Integers/Unsigned/UInt32Test.php" line="72" class="Nejcc\PhpDatatypes\Tests\Integers\Unsigned\UInt32Test" classname="Nejcc.PhpDatatypes.Tests.Integers.Unsigned.UInt32Test" assertions="1" time="0.000062"/>
        <testcase name="testDivisionByZero" file="/home/neo/projects/personal/php-datatypes/Tests/Integers/Unsigned/UInt32Test.php" line="80" class="Nejcc\PhpDatatypes\Tests\Integers\Unsigned\UInt32Test" classname="Nejcc.PhpDatatypes.Tests.Integers.Unsigned.UInt32Test" assertions="1" time="0.000067"/>
        <testcase name="testModulusWithinBounds" file="/home/neo/projects/personal/php-datatypes/Tests/Integers/Unsigned/UInt32Test.php" line="88" class="Nejcc\PhpDatatypes\Tests\Integers\Unsigned\UInt32Test" classname="Nejcc.PhpDatatypes.Tests.Integers.Unsigned.UInt32Test" assertions="1" time="0.000068"/>
        <testcase name="testEquality" file="/home/neo/projects/personal/php-datatypes/Tests/Integers/Unsigned/UInt32Test.php" line="96" class="Nejcc\PhpDatatypes\Tests\Integers\Unsigned\UInt32Test" classname="Nejcc.PhpDatatypes.Tests.Integers.Unsigned.UInt32Test" assertions="1" time="0.000057"/>
        <testcase name="testInequality" file="/home/neo/projects/personal/php-datatypes/Tests/Integers/Unsigned/UInt32Test.php" line="103" class="Nejcc\PhpDatatypes\Tests\Integers\Unsigned\UInt32Test" classname="Nejcc.PhpDatatypes.Tests.Integers.Unsigned.UInt32Test" assertions="1" time="0.000060"/>
        <testcase name="testComparison" file="/home/neo/projects/personal/php-datatypes/Tests/Integers/Unsigned/UInt32Test.php" line="110" class="Nejcc\PhpDatatypes\Tests\Integers\Unsigned\UInt32Test" classname="Nejcc.PhpDatatypes.Tests.Integers.Unsigned.UInt32Test" assertions="3" time="0.000058"/>
      </testsuite>
      <testsuite name="Nejcc\PhpDatatypes\Tests\Integers\Unsigned\UInt8Test" file="/home/neo/projects/personal/php-datatypes/Tests/Integers/Unsigned/UInt8Test.php" tests="14" assertions="16" errors="0" failures="0" skipped="0" time="0.000945">
        <testcase name="testValidInitialization" file="/home/neo/projects/personal/php-datatypes/Tests/Integers/Unsigned/UInt8Test.php" line="12" class="Nejcc\PhpDatatypes\Tests\Integers\Unsigned\UInt8Test" classname="Nejcc.PhpDatatypes.Tests.Integers.Unsigned.UInt8Test" assertions="1" time="0.000105"/>
        <testcase name="testInvalidInitialization" file="/home/neo/projects/personal/php-datatypes/Tests/Integers/Unsigned/UInt8Test.php" line="18" class="Nejcc\PhpDatatypes\Tests\Integers\Unsigned\UInt8Test" classname="Nejcc.PhpDatatypes.Tests.Integers.Unsigned.UInt8Test" assertions="1" time="0.000071"/>
        <testcase name="testAdditionWithinBounds" file="/home/neo/projects/personal/php-datatypes/Tests/Integers/Unsigned/UInt8Test.php" line="24" class="Nejcc\PhpDatatypes\Tests\Integers\Unsigned\UInt8Test" classname="Nejcc.PhpDatatypes.Tests.Integers.Unsigned.UInt8Test" assertions="1" time="0.000064"/>
        <testcase name="testAdditionOverflow" file="/home/neo/projects/personal/php-datatypes/Tests/Integers/Unsigned/UInt8Test.php" line="32" class="Nejcc\PhpDatatypes\Tests\Integers\Unsigned\UInt8Test" classname="Nejcc.PhpDatatypes.Tests.Integers.Unsigned.UInt8Test" assertions="1" time="0.000067"/>
        <testcase name="testSubtractionWithinBounds" file="/home/neo/projects/personal/php-datatypes/Tests/Integers/Unsigned/UInt8Test.php" line="40" class="Nejcc\PhpDatatypes\Tests\Integers\Unsigned\UInt8Test" classname="Nejcc.PhpDatatypes.Tests.Integers.Unsigned.UInt8Test" assertions="1" time="0.000071"/>
        <testcase name="testSubtractionUnderflow" file="/home/neo/projects/personal/php-datatypes/Tests/Integers/Unsigned/UInt8Test.php" line="48" class="Nejcc\PhpDatatypes\Tests\Integers\Unsigned\UInt8Test" classname="Nejcc.PhpDatatypes.Tests.Integers.Unsigned.UInt8Test" assertions="1" time="0.000066"/>
        <testcase name="testMultiplicationWithinBounds" file="/home/neo/projects/personal/php-datatypes/Tests/Integers/Unsigned/UInt8Test.php" line="56" class="Nejcc\PhpDatatypes\Tests\Integers\Unsigned\UInt8Test" classname="Nejcc.PhpDatatypes.Tests.Integers.Unsigned.UInt8Test" assertions="1" time="0.000064"/>
        <testcase name="testMultiplicationOverflow" file="/home/neo/projects/personal/php-datatypes/Tests/Integers/Unsigned/UInt8Test.php" line="64" class="Nejcc\PhpDatatypes\Tests\Integers\Unsigned\UInt8Test" classname="Nejcc.PhpDatatypes.Tests.Integers.Unsigned.UInt8Test" assertions="1" time="0.000067"/>
        <testcase name="testDivisionWithinBounds" file="/home/neo/projects/personal/php-datatypes/Tests/Integers/Unsigned/UInt8Test.php" line="72" class="Nejcc\PhpDatatypes\Tests\Integers\Unsigned\UInt8Test" classname="Nejcc.PhpDatatypes.Tests.Integers.Unsigned.UInt8Test" assertions="1" time="0.000062"/>
        <testcase name="testDivisionByZero" file="/home/neo/projects/personal/php-datatypes/Tests/Integers/Unsigned/UInt8Test.php" line="80" class="Nejcc\PhpDatatypes\Tests\Integers\Unsigned\UInt8Test" classname="Nejcc.PhpDatatypes.Tests.Integers.Unsigned.UInt8Test" assertions="1" time="0.000067"/>
        <testcase name="testModulusWithinBounds" file="/home/neo/projects/personal/php-datatypes/Tests/Integers/Unsigned/UInt8Test.php" line="88" class="Nejcc\PhpDatatypes\Tests\Integers\Unsigned\UInt8Test" classname="Nejcc.PhpDatatypes.Tests.Integers.Unsigned.UInt8Test" assertions="1" time="0.000068"/>
        <testcase name="testEquality" file="/home/neo/projects/personal/php-datatypes/Tests/Integers/Unsigned/UInt8Test.php" line="96" class="Nejcc\PhpDatatypes\Tests\Integers\Unsigned\UInt8Test" classname="Nejcc.PhpDatatypes.Tests.Integers.Unsigned.UInt8Test" assertions="1" time="0.000056"/>
        <testcase name="testInequality" file="/home/neo/projects/personal/php-datatypes/Tests/Integers/Unsigned/UInt8Test.php" line="103" class="Nejcc\PhpDatatypes\Tests\Integers\Unsigned\UInt8Test" classname="Nejcc.PhpDatatypes.Tests.Integers.Unsigned.UInt8Test" assertions="1" time="0.000056"/>
        <testcase name="testComparison" file="/home/neo/projects/personal/php-datatypes/Tests/Integers/Unsigned/UInt8Test.php" line="110" class="Nejcc\PhpDatatypes\Tests\Integers\Unsigned\UInt8Test" classname="Nejcc.PhpDatatypes.Tests.Integers.Unsigned.UInt8Test" assertions="3" time="0.000060"/>
      </testsuite>
      <testsuite name="JsonTest" file="/home/neo/projects/personal/php-datatypes/Tests/JsonTest.php" tests="8" assertions="14" errors="0" failures="0" skipped="0" time="0.000878">
        <testcase name="testValidJsonConstruction" file="/home/neo/projects/personal/php-datatypes/Tests/JsonTest.php" line="12" class="JsonTest" classname="JsonTest" assertions="1" time="0.000204"/>
        <testcase name="testInvalidJsonThrows" file="/home/neo/projects/personal/php-datatypes/Tests/JsonTest.php" line="18" class="JsonTest" classname="JsonTest" assertions="1" time="0.000080"/>
        <testcase name="testToArrayAndToObject" file="/home/neo/projects/personal/php-datatypes/Tests/JsonTest.php" line="24" class="JsonTest" classname="JsonTest" assertions="4" time="0.000183"/>
        <testcase name="testFromArrayAndFromObject" file="/home/neo/projects/personal/php-datatypes/Tests/JsonTest.php" line="34" class="JsonTest" classname="JsonTest" assertions="2" time="0.000081"/>
        <testcase name="testCompressAndDecompress" file="/home/neo/projects/personal/php-datatypes/Tests/JsonTest.php" line="45" class="JsonTest" classname="JsonTest" assertions="2" time="0.000124"/>
        <testcase name="testMerge" file="/home/neo/projects/personal/php-datatypes/Tests/JsonTest.php" line="66" class="JsonTest" classname="JsonTest" assertions="1" time="0.000064"/>
        <testcase name="testUpdateAndRemove" file="/home/neo/projects/personal/php-datatypes/Tests/JsonTest.php" line="74" class="JsonTest" classname="JsonTest" assertions="2" time="0.000067"/>
        <testcase name="testFromArrayInvalid" file="/home/neo/projects/personal/php-datatypes/Tests/JsonTest.php" line="83" class="JsonTest" classname="JsonTest" assertions="1" time="0.000074"/>
      </testsuite>
      <testsuite name="Nejcc\PhpDatatypes\Tests\ListDataTest" file="/home/neo/projects/personal/php-datatypes/Tests/ListDataTest.php" tests="9" assertions="15" errors="0" failures="0" skipped="0" time="0.000765">
        <testcase name="testCanInitializeWithElements" file="/home/neo/projects/personal/php-datatypes/Tests/ListDataTest.php" line="13" class="Nejcc\PhpDatatypes\Tests\ListDataTest" classname="Nejcc.PhpDatatypes.Tests.ListDataTest" assertions="2" time="0.000152"/>
        <testcase name="testAddElementsToList" file="/home/neo/projects/personal/php-datatypes/Tests/ListDataTest.php" line="21" class="Nejcc\PhpDatatypes\Tests\ListDataTest" classname="Nejcc.PhpDatatypes.Tests.ListDataTest" assertions="2" time="0.000067"/>
        <testcase name="testRemoveElementFromList" file="/home/neo/projects/personal/php-datatypes/Tests/ListDataTest.php" line="31" class="Nejcc\PhpDatatypes\Tests\ListDataTest" classname="Nejcc.PhpDatatypes.Tests.ListDataTest" assertions="2" time="0.000074"/>
        <testcase name="testContainsElement" file="/home/neo/projects/personal/php-datatypes/Tests/ListDataTest.php" line="47" class="Nejcc\PhpDatatypes\Tests\ListDataTest" classname="Nejcc.PhpDatatypes.Tests.ListDataTest" assertions="2" time="0.000063"/>
        <testcase name="testGetAllElements" file="/home/neo/projects/personal/php-datatypes/Tests/ListDataTest.php" line="55" class="Nejcc\PhpDatatypes\Tests\ListDataTest" classname="Nejcc.PhpDatatypes.Tests.ListDataTest" assertions="1" time="0.000061"/>
        <testcase name="testGetListSize" file="/home/neo/projects/personal/php-datatypes/Tests/ListDataTest.php" line="62" class="Nejcc\PhpDatatypes\Tests\ListDataTest" classname="Nejcc.PhpDatatypes.Tests.ListDataTest" assertions="2" time="0.000060"/>
        <testcase name="testClearList" file="/home/neo/projects/personal/php-datatypes/Tests/ListDataTest.php" line="72" class="Nejcc\PhpDatatypes\Tests\ListDataTest" classname="Nejcc.PhpDatatypes.Tests.ListDataTest" assertions="2" time="0.000136"/>
        <testcase name="testGetNonExistentElementThrowsException" file="/home/neo/projects/personal/php-datatypes/Tests/ListDataTest.php" line="81" class="Nejcc\PhpDatatypes\Tests\ListDataTest" classname="Nejcc.PhpDatatypes.Tests.ListDataTest" assertions="1" time="0.000078"/>
        <testcase name="testRemoveNonExistentElementThrowsException" file="/home/neo/projects/personal/php-datatypes/Tests/ListDataTest.php" line="89" class="Nejcc\PhpDatatypes\Tests\ListDataTest" classname="Nejcc.PhpDatatypes.Tests.ListDataTest" assertions="1" time="0.000074"/>
      </testsuite>
      <testsuite name="Tests\Scalar\BooleanTest" file="/home/neo/projects/personal/php-datatypes/Tests/Scalar/BooleanTest.php" tests="6" assertions="29" errors="0" failures="0" skipped="0" time="0.000580">
        <testcase name="testValidValues" file="/home/neo/projects/personal/php-datatypes/Tests/Scalar/BooleanTest.php" line="12" class="Tests\Scalar\BooleanTest" classname="Tests.Scalar.BooleanTest" assertions="2" time="0.000229"/>
        <testcase name="testStringConversion" file="/home/neo/projects/personal/php-datatypes/Tests/Scalar/BooleanTest.php" line="21" class="Tests\Scalar\BooleanTest" classname="Tests.Scalar.BooleanTest" assertions="2" time="0.000071"/>
        <testcase name="testLogicalOperations" file="/home/neo/projects/personal/php-datatypes/Tests/Scalar/BooleanTest.php" line="30" class="Tests\Scalar\BooleanTest" classname="Tests.Scalar.BooleanTest" assertions="14" time="0.000078"/>
        <testcase name="testEquals" file="/home/neo/projects/personal/php-datatypes/Tests/Scalar/BooleanTest.php" line="58" class="Tests\Scalar\BooleanTest" classname="Tests.Scalar.BooleanTest" assertions="4" time="0.000070"/>
        <testcase name="testFromString" file="/home/neo/projects/personal/php-datatypes/Tests/Scalar/BooleanTest.php" line="71" class="Tests\Scalar\BooleanTest" classname="Tests.Scalar.BooleanTest" assertions="6" time="0.000062"/>
        <testcase name="testFromStringInvalidValue" file="/home/neo/projects/personal/php-datatypes/Tests/Scalar/BooleanTest.php" line="81" class="Tests\Scalar\BooleanTest" classname="Tests.Scalar.BooleanTest" assertions="1" time="0.000070"/>
      </testsuite>
      <testsuite name="Tests\Scalar\ByteTest" file="/home/neo/projects/personal/php-datatypes/Tests/Scalar/ByteTest.php" tests="17" assertions="24" errors="0" failures="0" skipped="0" time="0.001090">
        <testcase name="testValidRange" file="/home/neo/projects/personal/php-datatypes/Tests/Scalar/ByteTest.php" line="13" class="Tests\Scalar\ByteTest" classname="Tests.Scalar.ByteTest" assertions="3" time="0.000076"/>
        <testcase name="testInvalidRange" file="/home/neo/projects/personal/php-datatypes/Tests/Scalar/ByteTest.php" line="28" class="Tests\Scalar\ByteTest" classname="Tests.Scalar.ByteTest" assertions="1" time="0.000066"/>
        <testcase name="testNegativeValue" file="/home/neo/projects/personal/php-datatypes/Tests/Scalar/ByteTest.php" line="34" class="Tests\Scalar\ByteTest" classname="Tests.Scalar.ByteTest" assertions="1" time="0.000066"/>
        <testcase name="testAddition" file="/home/neo/projects/personal/php-datatypes/Tests/Scalar/ByteTest.php" line="40" class="Tests\Scalar\ByteTest" classname="Tests.Scalar.ByteTest" assertions="1" time="0.000071"/>
        <testcase name="testAdditionWithWrap" file="/home/neo/projects/personal/php-datatypes/Tests/Scalar/ByteTest.php" line="48" class="Tests\Scalar\ByteTest" classname="Tests.Scalar.ByteTest" assertions="1" time="0.000066"/>
        <testcase name="testSubtraction" file="/home/neo/projects/personal/php-datatypes/Tests/Scalar/ByteTest.php" line="56" class="Tests\Scalar\ByteTest" classname="Tests.Scalar.ByteTest" assertions="1" time="0.000059"/>
        <testcase name="testSubtractionWithWrap" file="/home/neo/projects/personal/php-datatypes/Tests/Scalar/ByteTest.php" line="64" class="Tests\Scalar\ByteTest" classname="Tests.Scalar.ByteTest" assertions="1" time="0.000068"/>
        <testcase name="testMultiplication" file="/home/neo/projects/personal/php-datatypes/Tests/Scalar/ByteTest.php" line="72" class="Tests\Scalar\ByteTest" classname="Tests.Scalar.ByteTest" assertions="1" time="0.000059"/>
        <testcase name="testMultiplicationWithWrap" file="/home/neo/projects/personal/php-datatypes/Tests/Scalar/ByteTest.php" line="80" class="Tests\Scalar\ByteTest" classname="Tests.Scalar.ByteTest" assertions="1" time="0.000064"/>
        <testcase name="testDivision" file="/home/neo/projects/personal/php-datatypes/Tests/Scalar/ByteTest.php" line="88" class="Tests\Scalar\ByteTest" classname="Tests.Scalar.ByteTest" assertions="1" time="0.000058"/>
        <testcase name="testDivisionByZero" file="/home/neo/projects/personal/php-datatypes/Tests/Scalar/ByteTest.php" line="96" class="Tests\Scalar\ByteTest" classname="Tests.Scalar.ByteTest" assertions="1" time="0.000065"/>
        <testcase name="testBitwiseOperations" file="/home/neo/projects/personal/php-datatypes/Tests/Scalar/ByteTest.php" line="103" class="Tests\Scalar\ByteTest" classname="Tests.Scalar.ByteTest" assertions="4" time="0.000063"/>
        <testcase name="testShiftOperations" file="/home/neo/projects/personal/php-datatypes/Tests/Scalar/ByteTest.php" line="125" class="Tests\Scalar\ByteTest" classname="Tests.Scalar.ByteTest" assertions="2" time="0.000061"/>
        <testcase name="testStringConversion" file="/home/neo/projects/personal/php-datatypes/Tests/Scalar/ByteTest.php" line="138" class="Tests\Scalar\ByteTest" classname="Tests.Scalar.ByteTest" assertions="1" time="0.000059"/>
        <testcase name="testBinaryConversion" file="/home/neo/projects/personal/php-datatypes/Tests/Scalar/ByteTest.php" line="144" class="Tests\Scalar\ByteTest" classname="Tests.Scalar.ByteTest" assertions="1" time="0.000060"/>
        <testcase name="testHexadecimalConversion" file="/home/neo/projects/personal/php-datatypes/Tests/Scalar/ByteTest.php" line="150" class="Tests\Scalar\ByteTest" classname="Tests.Scalar.ByteTest" assertions="1" time="0.000068"/>
        <testcase name="testEquals" file="/home/neo/projects/personal/php-datatypes/Tests/Scalar/ByteTest.php" line="156" class="Tests\Scalar\ByteTest" classname="Tests.Scalar.ByteTest" assertions="2" time="0.000062"/>
      </testsuite>
      <testsuite name="Tests\Scalar\CharTest" file="/home/neo/projects/personal/php-datatypes/Tests/Scalar/CharTest.php" tests="11" assertions="34" errors="0" failures="0" skipped="0" time="0.000719">
        <testcase name="testValidCharacters" file="/home/neo/projects/personal/php-datatypes/Tests/Scalar/CharTest.php" line="13" class="Tests\Scalar\CharTest" classname="Tests.Scalar.CharTest" assertions="6" time="0.000080"/>
        <testcase name="testInvalidCharacters" file="/home/neo/projects/personal/php-datatypes/Tests/Scalar/CharTest.php" line="38" class="Tests\Scalar\CharTest" classname="Tests.Scalar.CharTest" assertions="1" time="0.000079"/>
        <testcase name="testEmptyString" file="/home/neo/projects/personal/php-datatypes/Tests/Scalar/CharTest.php" line="44" class="Tests\Scalar\CharTest" classname="Tests.Scalar.CharTest" assertions="1" time="0.000064"/>
        <testcase name="testStringConversion" file="/home/neo/projects/personal/php-datatypes/Tests/Scalar/CharTest.php" line="50" class="Tests\Scalar\CharTest" classname="Tests.Scalar.CharTest" assertions="1" time="0.000060"/>
        <testcase name="testEquals" file="/home/neo/projects/personal/php-datatypes/Tests/Scalar/CharTest.php" line="56" class="Tests\Scalar\CharTest" classname="Tests.Scalar.CharTest" assertions="2" time="0.000059"/>
        <testcase name="testIsLetter" file="/home/neo/projects/personal/php-datatypes/Tests/Scalar/CharTest.php" line="66" class="Tests\Scalar\CharTest" classname="Tests.Scalar.CharTest" assertions="4" time="0.000065"/>
        <testcase name="testIsDigit" file="/home/neo/projects/personal/php-datatypes/Tests/Scalar/CharTest.php" line="79" class="Tests\Scalar\CharTest" classname="Tests.Scalar.CharTest" assertions="4" time="0.000058"/>
        <testcase name="testIsWhitespace" file="/home/neo/projects/personal/php-datatypes/Tests/Scalar/CharTest.php" line="92" class="Tests\Scalar\CharTest" classname="Tests.Scalar.CharTest" assertions="4" time="0.000066"/>
        <testcase name="testToUpperCase" file="/home/neo/projects/personal/php-datatypes/Tests/Scalar/CharTest.php" line="105" class="Tests\Scalar\CharTest" classname="Tests.Scalar.CharTest" assertions="4" time="0.000060"/>
        <testcase name="testToLowerCase" file="/home/neo/projects/personal/php-datatypes/Tests/Scalar/CharTest.php" line="118" class="Tests\Scalar\CharTest" classname="Tests.Scalar.CharTest" assertions="4" time="0.000068"/>
        <testcase name="testGetNumericValue" file="/home/neo/projects/personal/php-datatypes/Tests/Scalar/CharTest.php" line="131" class="Tests\Scalar\CharTest" classname="Tests.Scalar.CharTest" assertions="3" time="0.000060"/>
      </testsuite>
      <testsuite name="Tests\Scalar\FloatingPoints\Float32Test" file="/home/neo/projects/personal/php-datatypes/Tests/Scalar/FloatingPoints/Float32Test.php" tests="14" assertions="22" errors="0" failures="0" skipped="0" time="0.000904">
        <testcase name="testValidRange" file="/home/neo/projects/personal/php-datatypes/Tests/Scalar/FloatingPoints/Float32Test.php" line="13" class="Tests\Scalar\FloatingPoints\Float32Test" classname="Tests.Scalar.FloatingPoints.Float32Test" assertions="5" time="0.000074"/>
        <testcase name="testInvalidRange" file="/home/neo/projects/personal/php-datatypes/Tests/Scalar/FloatingPoints/Float32Test.php" line="36" class="Tests\Scalar\FloatingPoints\Float32Test" classname="Tests.Scalar.FloatingPoints.Float32Test" assertions="1" time="0.000074"/>
        <testcase name="testNegativeInvalidRange" file="/home/neo/projects/personal/php-datatypes/Tests/Scalar/FloatingPoints/Float32Test.php" line="42" class="Tests\Scalar\FloatingPoints\Float32Test" classname="Tests.Scalar.FloatingPoints.Float32Test" assertions="1" time="0.000070"/>
        <testcase name="testAddition" file="/home/neo/projects/personal/php-datatypes/Tests/Scalar/FloatingPoints/Float32Test.php" line="48" class="Tests\Scalar\FloatingPoints\Float32Test" classname="Tests.Scalar.FloatingPoints.Float32Test" assertions="1" time="0.000065"/>
        <testcase name="testSubtraction" file="/home/neo/projects/personal/php-datatypes/Tests/Scalar/FloatingPoints/Float32Test.php" line="56" class="Tests\Scalar\FloatingPoints\Float32Test" classname="Tests.Scalar.FloatingPoints.Float32Test" assertions="1" time="0.000058"/>
        <testcase name="testMultiplication" file="/home/neo/projects/personal/php-datatypes/Tests/Scalar/FloatingPoints/Float32Test.php" line="64" class="Tests\Scalar\FloatingPoints\Float32Test" classname="Tests.Scalar.FloatingPoints.Float32Test" assertions="1" time="0.000060"/>
        <testcase name="testDivision" file="/home/neo/projects/personal/php-datatypes/Tests/Scalar/FloatingPoints/Float32Test.php" line="72" class="Tests\Scalar\FloatingPoints\Float32Test" classname="Tests.Scalar.FloatingPoints.Float32Test" assertions="1" time="0.000057"/>
        <testcase name="testDivisionByZero" file="/home/neo/projects/personal/php-datatypes/Tests/Scalar/FloatingPoints/Float32Test.php" line="80" class="Tests\Scalar\FloatingPoints\Float32Test" classname="Tests.Scalar.FloatingPoints.Float32Test" assertions="1" time="0.000072"/>
        <testcase name="testEquals" file="/home/neo/projects/personal/php-datatypes/Tests/Scalar/FloatingPoints/Float32Test.php" line="87" class="Tests\Scalar\FloatingPoints\Float32Test" classname="Tests.Scalar.FloatingPoints.Float32Test" assertions="2" time="0.000064"/>
        <testcase name="testIsGreaterThan" file="/home/neo/projects/personal/php-datatypes/Tests/Scalar/FloatingPoints/Float32Test.php" line="97" class="Tests\Scalar\FloatingPoints\Float32Test" classname="Tests.Scalar.FloatingPoints.Float32Test" assertions="2" time="0.000059"/>
        <testcase name="testIsLessThan" file="/home/neo/projects/personal/php-datatypes/Tests/Scalar/FloatingPoints/Float32Test.php" line="107" class="Tests\Scalar\FloatingPoints\Float32Test" classname="Tests.Scalar.FloatingPoints.Float32Test" assertions="2" time="0.000058"/>
        <testcase name="testStringConversion" file="/home/neo/projects/personal/php-datatypes/Tests/Scalar/FloatingPoints/Float32Test.php" line="117" class="Tests\Scalar\FloatingPoints\Float32Test" classname="Tests.Scalar.FloatingPoints.Float32Test" assertions="1" time="0.000063"/>
        <testcase name="testPrecision" file="/home/neo/projects/personal/php-datatypes/Tests/Scalar/FloatingPoints/Float32Test.php" line="123" class="Tests\Scalar\FloatingPoints\Float32Test" classname="Tests.Scalar.FloatingPoints.Float32Test" assertions="1" time="0.000063"/>
        <testcase name="testSpecialValues" file="/home/neo/projects/personal/php-datatypes/Tests/Scalar/FloatingPoints/Float32Test.php" line="131" class="Tests\Scalar\FloatingPoints\Float32Test" classname="Tests.Scalar.FloatingPoints.Float32Test" assertions="2" time="0.000065"/>
      </testsuite>
      <testsuite name="Tests\Scalar\FloatingPoints\Float64Test" file="/home/neo/projects/personal/php-datatypes/Tests/Scalar/FloatingPoints/Float64Test.php" tests="14" assertions="22" errors="0" failures="0" skipped="0" time="0.000893">
        <testcase name="testValidRange" file="/home/neo/projects/personal/php-datatypes/Tests/Scalar/FloatingPoints/Float64Test.php" line="13" class="Tests\Scalar\FloatingPoints\Float64Test" classname="Tests.Scalar.FloatingPoints.Float64Test" assertions="5" time="0.000072"/>
        <testcase name="testInvalidRange" file="/home/neo/projects/personal/php-datatypes/Tests/Scalar/FloatingPoints/Float64Test.php" line="36" class="Tests\Scalar\FloatingPoints\Float64Test" classname="Tests.Scalar.FloatingPoints.Float64Test" assertions="1" time="0.000079"/>
        <testcase name="testNegativeInvalidRange" file="/home/neo/projects/personal/php-datatypes/Tests/Scalar/FloatingPoints/Float64Test.php" line="42" class="Tests\Scalar\FloatingPoints\Float64Test" classname="Tests.Scalar.FloatingPoints.Float64Test" assertions="1" time="0.000068"/>
        <testcase name="testAddition" file="/home/neo/projects/personal/php-datatypes/Tests/Scalar/FloatingPoints/Float64Test.php" line="48" class="Tests\Scalar\FloatingPoints\Float64Test" classname="Tests.Scalar.FloatingPoints.Float64Test" assertions="1" time="0.000058"/>
        <testcase name="testSubtraction" file="/home/neo/projects/personal/php-datatypes/Tests/Scalar/FloatingPoints/Float64Test.php" line="56" class="Tests\Scalar\FloatingPoints\Float64Test" classname="Tests.Scalar.FloatingPoints.Float64Test" assertions="1" time="0.000057"/>
        <testcase name="testMultiplication" file="/home/neo/projects/personal/php-datatypes/Tests/Scalar/FloatingPoints/Float64Test.php" line="64" class="Tests\Scalar\FloatingPoints\Float64Test" classname="Tests.Scalar.FloatingPoints.Float64Test" assertions="1" time="0.000065"/>
        <testcase name="testDivision" file="/home/neo/projects/personal/php-datatypes/Tests/Scalar/FloatingPoints/Float64Test.php" line="72" class="Tests\Scalar\FloatingPoints\Float64Test" classname="Tests.Scalar.FloatingPoints.Float64Test" assertions="1" time="0.000056"/>
        <testcase name="testDivisionByZero" file="/home/neo/projects/personal/php-datatypes/Tests/Scalar/FloatingPoints/Float64Test.php" line="80" class="Tests\Scalar\FloatingPoints\Float64Test" classname="Tests.Scalar.FloatingPoints.Float64Test" assertions="1" time="0.000070"/>
        <testcase name="testEquals" file="/home/neo/projects/personal/php-datatypes/Tests/Scalar/FloatingPoints/Float64Test.php" line="87" class="Tests\Scalar\FloatingPoints\Float64Test" classname="Tests.Scalar.FloatingPoints.Float64Test" assertions="2" time="0.000058"/>
        <testcase name="testIsGreaterThan" file="/home/neo/projects/personal/php-datatypes/Tests/Scalar/FloatingPoints/Float64Test.php" line="97" class="Tests\Scalar\FloatingPoints\Float64Test" classname="Tests.Scalar.FloatingPoints.Float64Test" assertions="2" time="0.000067"/>
        <testcase name="testIsLessThan" file="/home/neo/projects/personal/php-datatypes/Tests/Scalar/FloatingPoints/Float64Test.php" line="107" class="Tests\Scalar\FloatingPoints\Float64Test" classname="Tests.Scalar.FloatingPoints.Float64Test" assertions="2" time="0.000061"/>
        <testcase name="testStringConversion" file="/home/neo/projects/personal/php-datatypes/Tests/Scalar/FloatingPoints/Float64Test.php" line="117" class="Tests\Scalar\FloatingPoints\Float64Test" classname="Tests.Scalar.FloatingPoints.Float64Test" assertions="1" time="0.000060"/>
        <testcase name="testPrecision" file="/home/neo/projects/personal/php-datatypes/Tests/Scalar/FloatingPoints/Float64Test.php" line="123" class="Tests\Scalar\FloatingPoints\Float64Test" classname="Tests.Scalar.FloatingPoints.Float64Test" assertions="1" time="0.000056"/>
        <testcase name="testSpecialValues" file="/home/neo/projects/personal/php-datatypes/Tests/Scalar/FloatingPoints/Float64Test.php" line="131" class="Tests\Scalar\FloatingPoints\Float64Test" classname="Tests.Scalar.FloatingPoints.Float64Test" assertions="2" time="0.000067"/>
      </testsuite>
      <testsuite name="Tests\Scalar\Integers\Signed\Int128Test" file="/home/neo/projects/personal/php-datatypes/Tests/Scalar/Integers/Signed/Int128Test.php" tests="20" assertions="29" errors="0" failures="0" skipped="0" time="0.001721">
        <testcase name="testValidRange" file="/home/neo/projects/personal/php-datatypes/Tests/Scalar/Integers/Signed/Int128Test.php" line="12" class="Tests\Scalar\Integers\Signed\Int128Test" classname="Tests.Scalar.Integers.Signed.Int128Test" assertions="4" time="0.000385"/>
        <testcase name="testInvalidRange" file="/home/neo/projects/personal/php-datatypes/Tests/Scalar/Integers/Signed/Int128Test.php" line="24" class="Tests\Scalar\Integers\Signed\Int128Test" classname="Tests.Scalar.Integers.Signed.Int128Test" assertions="1" time="0.000084"/>
        <testcase name="testNegativeInvalidRange" file="/home/neo/projects/personal/php-datatypes/Tests/Scalar/Integers/Signed/Int128Test.php" line="30" class="Tests\Scalar\Integers\Signed\Int128Test" classname="Tests.Scalar.Integers.Signed.Int128Test" assertions="1" time="0.000071"/>
        <testcase name="testAddition" file="/home/neo/projects/personal/php-datatypes/Tests/Scalar/Integers/Signed/Int128Test.php" line="36" class="Tests\Scalar\Integers\Signed\Int128Test" classname="Tests.Scalar.Integers.Signed.Int128Test" assertions="1" time="0.000065"/>
        <testcase name="testAdditionOverflow" file="/home/neo/projects/personal/php-datatypes/Tests/Scalar/Integers/Signed/Int128Test.php" line="44" class="Tests\Scalar\Integers\Signed\Int128Test" classname="Tests.Scalar.Integers.Signed.Int128Test" assertions="1" time="0.000075"/>
        <testcase name="testAdditionUnderflow" file="/home/neo/projects/personal/php-datatypes/Tests/Scalar/Integers/Signed/Int128Test.php" line="51" class="Tests\Scalar\Integers\Signed\Int128Test" classname="Tests.Scalar.Integers.Signed.Int128Test" assertions="1" time="0.000078"/>
        <testcase name="testSubtraction" file="/home/neo/projects/personal/php-datatypes/Tests/Scalar/Integers/Signed/Int128Test.php" line="58" class="Tests\Scalar\Integers\Signed\Int128Test" classname="Tests.Scalar.Integers.Signed.Int128Test" assertions="1" time="0.000064"/>
        <testcase name="testSubtractionOverflow" file="/home/neo/projects/personal/php-datatypes/Tests/Scalar/Integers/Signed/Int128Test.php" line="66" class="Tests\Scalar\Integers\Signed\Int128Test" classname="Tests.Scalar.Integers.Signed.Int128Test" assertions="1" time="0.000069"/>
        <testcase name="testSubtractionUnderflow" file="/home/neo/projects/personal/php-datatypes/Tests/Scalar/Integers/Signed/Int128Test.php" line="73" class="Tests\Scalar\Integers\Signed\Int128Test" classname="Tests.Scalar.Integers.Signed.Int128Test" assertions="1" time="0.000070"/>
        <testcase name="testMultiplication" file="/home/neo/projects/personal/php-datatypes/Tests/Scalar/Integers/Signed/Int128Test.php" line="80" class="Tests\Scalar\Integers\Signed\Int128Test" classname="Tests.Scalar.Integers.Signed.Int128Test" assertions="1" time="0.000077"/>
        <testcase name="testMultiplicationOverflow" file="/home/neo/projects/personal/php-datatypes/Tests/Scalar/Integers/Signed/Int128Test.php" line="88" class="Tests\Scalar\Integers\Signed\Int128Test" classname="Tests.Scalar.Integers.Signed.Int128Test" assertions="1" time="0.000074"/>
        <testcase name="testMultiplicationUnderflow" file="/home/neo/projects/personal/php-datatypes/Tests/Scalar/Integers/Signed/Int128Test.php" line="95" class="Tests\Scalar\Integers\Signed\Int128Test" classname="Tests.Scalar.Integers.Signed.Int128Test" assertions="1" time="0.000069"/>
        <testcase name="testDivision" file="/home/neo/projects/personal/php-datatypes/Tests/Scalar/Integers/Signed/Int128Test.php" line="102" class="Tests\Scalar\Integers\Signed\Int128Test" classname="Tests.Scalar.Integers.Signed.Int128Test" assertions="1" time="0.000066"/>
        <testcase name="testDivisionByZero" file="/home/neo/projects/personal/php-datatypes/Tests/Scalar/Integers/Signed/Int128Test.php" line="110" class="Tests\Scalar\Integers\Signed\Int128Test" classname="Tests.Scalar.Integers.Signed.Int128Test" assertions="1" time="0.000074"/>
        <testcase name="testDivisionNonIntegerResult" file="/home/neo/projects/personal/php-datatypes/Tests/Scalar/Integers/Signed/Int128Test.php" line="118" class="Tests\Scalar\Integers\Signed\Int128Test" classname="Tests.Scalar.Integers.Signed.Int128Test" assertions="1" time="0.000070"/>
        <testcase name="testEquals" file="/home/neo/projects/personal/php-datatypes/Tests/Scalar/Integers/Signed/Int128Test.php" line="126" class="Tests\Scalar\Integers\Signed\Int128Test" classname="Tests.Scalar.Integers.Signed.Int128Test" assertions="2" time="0.000070"/>
        <testcase name="testIsGreaterThan" file="/home/neo/projects/personal/php-datatypes/Tests/Scalar/Integers/Signed/Int128Test.php" line="135" class="Tests\Scalar\Integers\Signed\Int128Test" classname="Tests.Scalar.Integers.Signed.Int128Test" assertions="2" time="0.000061"/>
        <testcase name="testIsLessThan" file="/home/neo/projects/personal/php-datatypes/Tests/Scalar/Integers/Signed/Int128Test.php" line="143" class="Tests\Scalar\Integers\Signed\Int128Test" classname="Tests.Scalar.Integers.Signed.Int128Test" assertions="2" time="0.000067"/>
        <testcase name="testStringConversion" file="/home/neo/projects/personal/php-datatypes/Tests/Scalar/Integers/Signed/Int128Test.php" line="151" class="Tests\Scalar\Integers\Signed\Int128Test" classname="Tests.Scalar.Integers.Signed.Int128Test" assertions="1" time="0.000064"/>
        <testcase name="testZeroOperations" file="/home/neo/projects/personal/php-datatypes/Tests/Scalar/Integers/Signed/Int128Test.php" line="157" class="Tests\Scalar\Integers\Signed\Int128Test" classname="Tests.Scalar.Integers.Signed.Int128Test" assertions="4" time="0.000069"/>
      </testsuite>
      <testsuite name="Int16Test" file="/home/neo/projects/personal/php-datatypes/Tests/Scalar/Integers/Signed/Int16Test.php" tests="1" assertions="1" errors="0" failures="0" skipped="0" time="0.000067">
        <testcase name="testPlaceholder" file="/home/neo/projects/personal/php-datatypes/Tests/Scalar/Integers/Signed/Int16Test.php" line="9" class="Int16Test" classname="Int16Test" assertions="1" time="0.000067"/>
      </testsuite>
[...]
        <testcase name="testEquals" file="/home/neo/projects/personal/php-datatypes/Tests/Scalar/Integers/Signed/Int8Test.php" line="134" class="Tests\Scalar\Integers\Signed\Int8Test" classname="Tests.Scalar.Integers.Signed.Int8Test" assertions="2" time="0.000057"/>
        <testcase name="testIsGreaterThan" file="/home/neo/projects/personal/php-datatypes/Tests/Scalar/Integers/Signed/Int8Test.php" line="144" class="Tests\Scalar\Integers\Signed\Int8Test" classname="Tests.Scalar.Integers.Signed.Int8Test" assertions="2" time="0.000059"/>
        <testcase name="testIsLessThan" file="/home/neo/projects/personal/php-datatypes/Tests/Scalar/Integers/Signed/Int8Test.php" line="154" class="Tests\Scalar\Integers\Signed\Int8Test" classname="Tests.Scalar.Integers.Signed.Int8Test" assertions="2" time="0.000064"/>
        <testcase name="testStringConversion" file="/home/neo/projects/personal/php-datatypes/Tests/Scalar/Integers/Signed/Int8Test.php" line="164" class="Tests\Scalar\Integers\Signed\Int8Test" classname="Tests.Scalar.Integers.Signed.Int8Test" assertions="1" time="0.000063"/>
        <testcase name="testZeroOperations" file="/home/neo/projects/personal/php-datatypes/Tests/Scalar/Integers/Signed/Int8Test.php" line="170" class="Tests\Scalar\Integers\Signed\Int8Test" classname="Tests.Scalar.Integers.Signed.Int8Test" assertions="4" time="0.000063"/>
      </testsuite>
      <testsuite name="Tests\Scalar\Integers\Unsigned\UInt128Test" file="/home/neo/projects/personal/php-datatypes/Tests/Scalar/Integers/Unsigned/UInt128Test.php" tests="14" assertions="21" errors="0" failures="0" skipped="0" time="0.001014">
        <testcase name="testValidRange" file="/home/neo/projects/personal/php-datatypes/Tests/Scalar/Integers/Unsigned/UInt128Test.php" line="15" class="Tests\Scalar\Integers\Unsigned\UInt128Test" classname="Tests.Scalar.Integers.Unsigned.UInt128Test" assertions="3" time="0.000139"/>
        <testcase name="testInvalidRange" file="/home/neo/projects/personal/php-datatypes/Tests/Scalar/Integers/Unsigned/UInt128Test.php" line="30" class="Tests\Scalar\Integers\Unsigned\UInt128Test" classname="Tests.Scalar.Integers.Unsigned.UInt128Test" assertions="1" time="0.000067"/>
        <testcase name="testNegativeValue" file="/home/neo/projects/personal/php-datatypes/Tests/Scalar/Integers/Unsigned/UInt128Test.php" line="36" class="Tests\Scalar\Integers\Unsigned\UInt128Test" classname="Tests.Scalar.Integers.Unsigned.UInt128Test" assertions="1" time="0.000065"/>
        <testcase name="testAddition" file="/home/neo/projects/personal/php-datatypes/Tests/Scalar/Integers/Unsigned/UInt128Test.php" line="42" class="Tests\Scalar\Integers\Unsigned\UInt128Test" classname="Tests.Scalar.Integers.Unsigned.UInt128Test" assertions="1" time="0.000068"/>
        <testcase name="testAdditionOverflow" file="/home/neo/projects/personal/php-datatypes/Tests/Scalar/Integers/Unsigned/UInt128Test.php" line="50" class="Tests\Scalar\Integers\Unsigned\UInt128Test" classname="Tests.Scalar.Integers.Unsigned.UInt128Test" assertions="1" time="0.000074"/>
        <testcase name="testSubtraction" file="/home/neo/projects/personal/php-datatypes/Tests/Scalar/Integers/Unsigned/UInt128Test.php" line="57" class="Tests\Scalar\Integers\Unsigned\UInt128Test" classname="Tests.Scalar.Integers.Unsigned.UInt128Test" assertions="1" time="0.000062"/>
        <testcase name="testSubtractionUnderflow" file="/home/neo/projects/personal/php-datatypes/Tests/Scalar/Integers/Unsigned/UInt128Test.php" line="65" class="Tests\Scalar\Integers\Unsigned\UInt128Test" classname="Tests.Scalar.Integers.Unsigned.UInt128Test" assertions="1" time="0.000068"/>
        <testcase name="testMultiplication" file="/home/neo/projects/personal/php-datatypes/Tests/Scalar/Integers/Unsigned/UInt128Test.php" line="72" class="Tests\Scalar\Integers\Unsigned\UInt128Test" classname="Tests.Scalar.Integers.Unsigned.UInt128Test" assertions="1" time="0.000062"/>
        <testcase name="testMultiplicationOverflow" file="/home/neo/projects/personal/php-datatypes/Tests/Scalar/Integers/Unsigned/UInt128Test.php" line="80" class="Tests\Scalar\Integers\Unsigned\UInt128Test" classname="Tests.Scalar.Integers.Unsigned.UInt128Test" assertions="1" time="0.000076"/>
        <testcase name="testDivision" file="/home/neo/projects/personal/php-datatypes/Tests/Scalar/Integers/Unsigned/UInt128Test.php" line="87" class="Tests\Scalar\Integers\Unsigned\UInt128Test" classname="Tests.Scalar.Integers.Unsigned.UInt128Test" assertions="1" time="0.000062"/>
        <testcase name="testDivisionByZero" file="/home/neo/projects/personal/php-datatypes/Tests/Scalar/Integers/Unsigned/UInt128Test.php" line="95" class="Tests\Scalar\Integers\Unsigned\UInt128Test" classname="Tests.Scalar.Integers.Unsigned.UInt128Test" assertions="1" time="0.000067"/>
        <testcase name="testComparison" file="/home/neo/projects/personal/php-datatypes/Tests/Scalar/Integers/Unsigned/UInt128Test.php" line="102" class="Tests\Scalar\Integers\Unsigned\UInt128Test" classname="Tests.Scalar.Integers.Unsigned.UInt128Test" assertions="4" time="0.000069"/>
        <testcase name="testStringConversion" file="/home/neo/projects/personal/php-datatypes/Tests/Scalar/Integers/Unsigned/UInt128Test.php" line="114" class="Tests\Scalar\Integers\Unsigned\UInt128Test" classname="Tests.Scalar.Integers.Unsigned.UInt128Test" assertions="1" time="0.000064"/>
        <testcase name="testZeroOperations" file="/home/neo/projects/personal/php-datatypes/Tests/Scalar/Integers/Unsigned/UInt128Test.php" line="121" class="Tests\Scalar\Integers\Unsigned\UInt128Test" classname="Tests.Scalar.Integers.Unsigned.UInt128Test" assertions="3" time="0.000073"/>
      </testsuite>
      <testsuite name="Tests\Scalar\Integers\Unsigned\UInt64Test" file="/home/neo/projects/personal/php-datatypes/Tests/Scalar/Integers/Unsigned/UInt64Test.php" tests="14" assertions="21" errors="0" failures="0" skipped="0" time="0.001103">
        <testcase name="testValidRange" file="/home/neo/projects/personal/php-datatypes/Tests/Scalar/Integers/Unsigned/UInt64Test.php" line="15" class="Tests\Scalar\Integers\Unsigned\UInt64Test" classname="Tests.Scalar.Integers.Unsigned.UInt64Test" assertions="3" time="0.000185"/>
        <testcase name="testInvalidRange" file="/home/neo/projects/personal/php-datatypes/Tests/Scalar/Integers/Unsigned/UInt64Test.php" line="30" class="Tests\Scalar\Integers\Unsigned\UInt64Test" classname="Tests.Scalar.Integers.Unsigned.UInt64Test" assertions="1" time="0.000083"/>
        <testcase name="testNegativeValue" file="/home/neo/projects/personal/php-datatypes/Tests/Scalar/Integers/Unsigned/UInt64Test.php" line="36" class="Tests\Scalar\Integers\Unsigned\UInt64Test" classname="Tests.Scalar.Integers.Unsigned.UInt64Test" assertions="1" time="0.000067"/>
        <testcase name="testAddition" file="/home/neo/projects/personal/php-datatypes/Tests/Scalar/Integers/Unsigned/UInt64Test.php" line="42" class="Tests\Scalar\Integers\Unsigned\UInt64Test" classname="Tests.Scalar.Integers.Unsigned.UInt64Test" assertions="1" time="0.000075"/>
        <testcase name="testAdditionOverflow" file="/home/neo/projects/personal/php-datatypes/Tests/Scalar/Integers/Unsigned/UInt64Test.php" line="50" class="Tests\Scalar\Integers\Unsigned\UInt64Test" classname="Tests.Scalar.Integers.Unsigned.UInt64Test" assertions="1" time="0.000082"/>
        <testcase name="testSubtraction" file="/home/neo/projects/personal/php-datatypes/Tests/Scalar/Integers/Unsigned/UInt64Test.php" line="57" class="Tests\Scalar\Integers\Unsigned\UInt64Test" classname="Tests.Scalar.Integers.Unsigned.UInt64Test" assertions="1" time="0.000063"/>
        <testcase name="testSubtractionUnderflow" file="/home/neo/projects/personal/php-datatypes/Tests/Scalar/Integers/Unsigned/UInt64Test.php" line="65" class="Tests\Scalar\Integers\Unsigned\UInt64Test" classname="Tests.Scalar.Integers.Unsigned.UInt64Test" assertions="1" time="0.000069"/>
        <testcase name="testMultiplication" file="/home/neo/projects/personal/php-datatypes/Tests/Scalar/Integers/Unsigned/UInt64Test.php" line="72" class="Tests\Scalar\Integers\Unsigned\UInt64Test" classname="Tests.Scalar.Integers.Unsigned.UInt64Test" assertions="1" time="0.000069"/>
        <testcase name="testMultiplicationOverflow" file="/home/neo/projects/personal/php-datatypes/Tests/Scalar/Integers/Unsigned/UInt64Test.php" line="80" class="Tests\Scalar\Integers\Unsigned\UInt64Test" classname="Tests.Scalar.Integers.Unsigned.UInt64Test" assertions="1" time="0.000077"/>
        <testcase name="testDivision" file="/home/neo/projects/personal/php-datatypes/Tests/Scalar/Integers/Unsigned/UInt64Test.php" line="87" class="Tests\Scalar\Integers\Unsigned\UInt64Test" classname="Tests.Scalar.Integers.Unsigned.UInt64Test" assertions="1" time="0.000062"/>
        <testcase name="testDivisionByZero" file="/home/neo/projects/personal/php-datatypes/Tests/Scalar/Integers/Unsigned/UInt64Test.php" line="95" class="Tests\Scalar\Integers\Unsigned\UInt64Test" classname="Tests.Scalar.Integers.Unsigned.UInt64Test" assertions="1" time="0.000065"/>
        <testcase name="testComparison" file="/home/neo/projects/personal/php-datatypes/Tests/Scalar/Integers/Unsigned/UInt64Test.php" line="102" class="Tests\Scalar\Integers\Unsigned\UInt64Test" classname="Tests.Scalar.Integers.Unsigned.UInt64Test" assertions="4" time="0.000071"/>
        <testcase name="testStringConversion" file="/home/neo/projects/personal/php-datatypes/Tests/Scalar/Integers/Unsigned/UInt64Test.php" line="114" class="Tests\Scalar\Integers\Unsigned\UInt64Test" classname="Tests.Scalar.Integers.Unsigned.UInt64Test" assertions="1" time="0.000068"/>
        <testcase name="testZeroOperations" file="/home/neo/projects/personal/php-datatypes/Tests/Scalar/Integers/Unsigned/UInt64Test.php" line="121" class="Tests\Scalar\Integers\Unsigned\UInt64Test" classname="Tests.Scalar.Integers.Unsigned.UInt64Test" assertions="3" time="0.000067"/>
      </testsuite>
      <testsuite name="Nejcc\PhpDatatypes\Tests\StringArrayTest" file="/home/neo/projects/personal/php-datatypes/Tests/StringArrayTest.php" tests="17" assertions="29" errors="0" failures="0" skipped="0" time="0.001449">
        <testcase name="testCreateValidStringArray" file="/home/neo/projects/personal/php-datatypes/Tests/StringArrayTest.php" line="13" class="Nejcc\PhpDatatypes\Tests\StringArrayTest" classname="Nejcc.PhpDatatypes.Tests.StringArrayTest" assertions="1" time="0.000275"/>
        <testcase name="testInvalidStringArrayThrowsException" file="/home/neo/projects/personal/php-datatypes/Tests/StringArrayTest.php" line="19" class="Nejcc\PhpDatatypes\Tests\StringArrayTest" classname="Nejcc.PhpDatatypes.Tests.StringArrayTest" assertions="1" time="0.000162"/>
        <testcase name="testAddStringToNewInstance" file="/home/neo/projects/personal/php-datatypes/Tests/StringArrayTest.php" line="25" class="Nejcc\PhpDatatypes\Tests\StringArrayTest" classname="Nejcc.PhpDatatypes.Tests.StringArrayTest" assertions="3" time="0.000078"/>
        <testcase name="testRemoveStringFromArray" file="/home/neo/projects/personal/php-datatypes/Tests/StringArrayTest.php" line="35" class="Nejcc\PhpDatatypes\Tests\StringArrayTest" classname="Nejcc.PhpDatatypes.Tests.StringArrayTest" assertions="3" time="0.000071"/>
        <testcase name="testRemoveNonExistentStringDoesNothing" file="/home/neo/projects/personal/php-datatypes/Tests/StringArrayTest.php" line="45" class="Nejcc\PhpDatatypes\Tests\StringArrayTest" classname="Nejcc.PhpDatatypes.Tests.StringArrayTest" assertions="1" time="0.000071"/>
        <testcase name="testContains" file="/home/neo/projects/personal/php-datatypes/Tests/StringArrayTest.php" line="55" class="Nejcc\PhpDatatypes\Tests\StringArrayTest" classname="Nejcc.PhpDatatypes.Tests.StringArrayTest" assertions="2" time="0.000062"/>
        <testcase name="testCountStrings" file="/home/neo/projects/personal/php-datatypes/Tests/StringArrayTest.php" line="63" class="Nejcc\PhpDatatypes\Tests\StringArrayTest" classname="Nejcc.PhpDatatypes.Tests.StringArrayTest" assertions="1" time="0.000060"/>
        <testcase name="testToString" file="/home/neo/projects/personal/php-datatypes/Tests/StringArrayTest.php" line="69" class="Nejcc\PhpDatatypes\Tests\StringArrayTest" classname="Nejcc.PhpDatatypes.Tests.StringArrayTest" assertions="2" time="0.000059"/>
        <testcase name="testFilterByPrefix" file="/home/neo/projects/personal/php-datatypes/Tests/StringArrayTest.php" line="76" class="Nejcc\PhpDatatypes\Tests\StringArrayTest" classname="Nejcc.PhpDatatypes.Tests.StringArrayTest" assertions="1" time="0.000063"/>
        <testcase name="testFilterBySubstring" file="/home/neo/projects/personal/php-datatypes/Tests/StringArrayTest.php" line="84" class="Nejcc\PhpDatatypes\Tests\StringArrayTest" classname="Nejcc.PhpDatatypes.Tests.StringArrayTest" assertions="1" time="0.000068"/>
        <testcase name="testToUpperCase" file="/home/neo/projects/personal/php-datatypes/Tests/StringArrayTest.php" line="92" class="Nejcc\PhpDatatypes\Tests\StringArrayTest" classname="Nejcc.PhpDatatypes.Tests.StringArrayTest" assertions="2" time="0.000074"/>
        <testcase name="testToLowerCase" file="/home/neo/projects/personal/php-datatypes/Tests/StringArrayTest.php" line="101" class="Nejcc\PhpDatatypes\Tests\StringArrayTest" classname="Nejcc.PhpDatatypes.Tests.StringArrayTest" assertions="2" time="0.000061"/>
        <testcase name="testClearArray" file="/home/neo/projects/personal/php-datatypes/Tests/StringArrayTest.php" line="110" class="Nejcc\PhpDatatypes\Tests\StringArrayTest" classname="Nejcc.PhpDatatypes.Tests.StringArrayTest" assertions="2" time="0.000067"/>
        <testcase name="testArrayAccess" file="/home/neo/projects/personal/php-datatypes/Tests/StringArrayTest.php" line="119" class="Nejcc\PhpDatatypes\Tests\StringArrayTest" classname="Nejcc.PhpDatatypes.Tests.StringArrayTest" assertions="3" time="0.000062"/>
        <testcase name="testOffsetSetThrowsException" file="/home/neo/projects/personal/php-datatypes/Tests/StringArrayTest.php" line="127" class="Nejcc\PhpDatatypes\Tests\StringArrayTest" classname="Nejcc.PhpDatatypes.Tests.StringArrayTest" assertions="1" time="0.000078"/>
        <testcase name="testOffsetUnsetThrowsException" file="/home/neo/projects/personal/php-datatypes/Tests/StringArrayTest.php" line="134" class="Nejcc\PhpDatatypes\Tests\StringArrayTest" classname="Nejcc.PhpDatatypes.Tests.StringArrayTest" assertions="1" time="0.000071"/>
        <testcase name="testIterator" file="/home/neo/projects/personal/php-datatypes/Tests/StringArrayTest.php" line="141" class="Nejcc\PhpDatatypes\Tests\StringArrayTest" classname="Nejcc.PhpDatatypes.Tests.StringArrayTest" assertions="2" time="0.000069"/>
      </testsuite>
      <testsuite name="Nejcc\PhpDatatypes\Tests\StructTest" file="/home/neo/projects/personal/php-datatypes/Tests/StructTest.php" tests="10" assertions="17" errors="0" failures="0" skipped="0" time="0.001010">
        <testcase name="testConstructionAndFieldRegistration" file="/home/neo/projects/personal/php-datatypes/Tests/StructTest.php" line="13" class="Nejcc\PhpDatatypes\Tests\StructTest" classname="Nejcc.PhpDatatypes.Tests.StructTest" assertions="6" time="0.000361"/>
        <testcase name="testSetAndGet" file="/home/neo/projects/personal/php-datatypes/Tests/StructTest.php" line="28" class="Nejcc\PhpDatatypes\Tests\StructTest" classname="Nejcc.PhpDatatypes.Tests.StructTest" assertions="2" time="0.000077"/>
        <testcase name="testSetWrongTypeThrows" file="/home/neo/projects/personal/php-datatypes/Tests/StructTest.php" line="40" class="Nejcc\PhpDatatypes\Tests\StructTest" classname="Nejcc.PhpDatatypes.Tests.StructTest" assertions="1" time="0.000085"/>
        <testcase name="testSetNullableField" file="/home/neo/projects/personal/php-datatypes/Tests/StructTest.php" line="49" class="Nejcc\PhpDatatypes\Tests\StructTest" classname="Nejcc.PhpDatatypes.Tests.StructTest" assertions="2" time="0.000065"/>
        <testcase name="testSetNonNullableFieldNullThrows" file="/home/neo/projects/personal/php-datatypes/Tests/StructTest.php" line="60" class="Nejcc\PhpDatatypes\Tests\StructTest" classname="Nejcc.PhpDatatypes.Tests.StructTest" assertions="1" time="0.000076"/>
        <testcase name="testSetSubclass" file="/home/neo/projects/personal/php-datatypes/Tests/StructTest.php" line="69" class="Nejcc\PhpDatatypes\Tests\StructTest" classname="Nejcc.PhpDatatypes.Tests.StructTest" assertions="1" time="0.000063"/>
        <testcase name="testGetNonexistentFieldThrows" file="/home/neo/projects/personal/php-datatypes/Tests/StructTest.php" line="79" class="Nejcc\PhpDatatypes\Tests\StructTest" classname="Nejcc.PhpDatatypes.Tests.StructTest" assertions="1" time="0.000076"/>
        <testcase name="testSetNonexistentFieldThrows" file="/home/neo/projects/personal/php-datatypes/Tests/StructTest.php" line="88" class="Nejcc\PhpDatatypes\Tests\StructTest" classname="Nejcc.PhpDatatypes.Tests.StructTest" assertions="1" time="0.000071"/>
        <testcase name="testDuplicateFieldThrows" file="/home/neo/projects/personal/php-datatypes/Tests/StructTest.php" line="97" class="Nejcc\PhpDatatypes\Tests\StructTest" classname="Nejcc.PhpDatatypes.Tests.StructTest" assertions="1" time="0.000068"/>
        <testcase name="testMagicGetSet" file="/home/neo/projects/personal/php-datatypes/Tests/StructTest.php" line="108" class="Nejcc\PhpDatatypes\Tests\StructTest" classname="Nejcc.PhpDatatypes.Tests.StructTest" assertions="1" time="0.000068"/>
      </testsuite>
      <testsuite name="Nejcc\PhpDatatypes\Tests\UnionTest" file="/home/neo/projects/personal/php-datatypes/Tests/UnionTest.php" tests="8" assertions="10" errors="0" failures="0" skipped="0" time="0.000816">
        <testcase name="testConstructorSetsAllowedTypes" file="/home/neo/projects/personal/php-datatypes/Tests/UnionTest.php" line="18" class="Nejcc\PhpDatatypes\Tests\UnionTest" classname="Nejcc.PhpDatatypes.Tests.UnionTest" assertions="1" time="0.000275"/>
        <testcase name="testSetValueWithValidType" file="/home/neo/projects/personal/php-datatypes/Tests/UnionTest.php" line="27" class="Nejcc\PhpDatatypes\Tests\UnionTest" classname="Nejcc.PhpDatatypes.Tests.UnionTest" assertions="2" time="0.000084"/>
        <testcase name="testSetValueWithInvalidTypeThrowsException" file="/home/neo/projects/personal/php-datatypes/Tests/UnionTest.php" line="40" class="Nejcc\PhpDatatypes\Tests\UnionTest" classname="Nejcc.PhpDatatypes.Tests.UnionTest" assertions="1" time="0.000091"/>
        <testcase name="testSetValueWithObjectType" file="/home/neo/projects/personal/php-datatypes/Tests/UnionTest.php" line="51" class="Nejcc\PhpDatatypes\Tests\UnionTest" classname="Nejcc.PhpDatatypes.Tests.UnionTest" assertions="1" time="0.000081"/>
        <testcase name="testAddAllowedType" file="/home/neo/projects/personal/php-datatypes/Tests/UnionTest.php" line="63" class="Nejcc\PhpDatatypes\Tests\UnionTest" classname="Nejcc.PhpDatatypes.Tests.UnionTest" assertions="1" time="0.000066"/>
        <testcase name="testIsTypeWithScalarTypes" file="/home/neo/projects/personal/php-datatypes/Tests/UnionTest.php" line="75" class="Nejcc\PhpDatatypes\Tests\UnionTest" classname="Nejcc.PhpDatatypes.Tests.UnionTest" assertions="2" time="0.000068"/>
        <testcase name="testIsTypeWithObjectTypes" file="/home/neo/projects/personal/php-datatypes/Tests/UnionTest.php" line="87" class="Nejcc\PhpDatatypes\Tests\UnionTest" classname="Nejcc.PhpDatatypes.Tests.UnionTest" assertions="1" time="0.000072"/>
        <testcase name="testValidateTypeThrowsExceptionForInvalidObjectType" file="/home/neo/projects/personal/php-datatypes/Tests/UnionTest.php" line="99" class="Nejcc\PhpDatatypes\Tests\UnionTest" classname="Nejcc.PhpDatatypes.Tests.UnionTest" assertions="1" time="0.000079"/>
      </testsuite>
    </testsuite>
  </testsuite>
</testsuites>
